<?xml version="1.0" encoding="UTF-8"?>
<testsuite name="com.example.DemoApplicationTests" tests="1" skipped="0" failures="0" errors="0" timestamp="2017-04-05T18:11:49" hostname="trainer18s-MacBook-Pro.local" time="0.022">
  <properties/>
  <testcase name="contextLoads" classname="com.example.DemoApplicationTests" time="0.022"/>
  <system-out><![CDATA[12:11:36.547 [Test worker] DEBUG org.springframework.test.context.junit4.SpringJUnit4ClassRunner - SpringJUnit4ClassRunner constructor called with [class com.example.DemoApplicationTests]
12:11:36.551 [Test worker] DEBUG org.springframework.test.context.BootstrapUtils - Instantiating CacheAwareContextLoaderDelegate from class [org.springframework.test.context.cache.DefaultCacheAwareContextLoaderDelegate]
12:11:36.559 [Test worker] DEBUG org.springframework.test.context.BootstrapUtils - Instantiating BootstrapContext using constructor [public org.springframework.test.context.support.DefaultBootstrapContext(java.lang.Class,org.springframework.test.context.CacheAwareContextLoaderDelegate)]
12:11:36.572 [Test worker] DEBUG org.springframework.test.context.BootstrapUtils - Instantiating TestContextBootstrapper for test class [com.example.DemoApplicationTests] from class [org.springframework.boot.test.context.SpringBootTestContextBootstrapper]
12:11:36.583 [Test worker] INFO org.springframework.boot.test.context.SpringBootTestContextBootstrapper - Neither @ContextConfiguration nor @ContextHierarchy found for test class [com.example.DemoApplicationTests], using SpringBootContextLoader
12:11:36.586 [Test worker] DEBUG org.springframework.test.context.support.AbstractContextLoader - Did not detect default resource location for test class [com.example.DemoApplicationTests]: class path resource [com/example/DemoApplicationTests-context.xml] does not exist
12:11:36.586 [Test worker] DEBUG org.springframework.test.context.support.AbstractContextLoader - Did not detect default resource location for test class [com.example.DemoApplicationTests]: class path resource [com/example/DemoApplicationTestsContext.groovy] does not exist
12:11:36.586 [Test worker] INFO org.springframework.test.context.support.AbstractContextLoader - Could not detect default resource locations for test class [com.example.DemoApplicationTests]: no resource found for suffixes {-context.xml, Context.groovy}.
12:11:36.587 [Test worker] INFO org.springframework.test.context.support.AnnotationConfigContextLoaderUtils - Could not detect default configuration classes for test class [com.example.DemoApplicationTests]: DemoApplicationTests does not declare any static, non-private, non-final, nested classes annotated with @Configuration.
12:11:36.615 [Test worker] DEBUG org.springframework.test.context.support.ActiveProfilesUtils - Could not find an 'annotation declaring class' for annotation type [org.springframework.test.context.ActiveProfiles] and class [com.example.DemoApplicationTests]
12:11:36.622 [Test worker] DEBUG org.springframework.core.env.StandardEnvironment - Adding [systemProperties] PropertySource with lowest search precedence
12:11:36.622 [Test worker] DEBUG org.springframework.core.env.StandardEnvironment - Adding [systemEnvironment] PropertySource with lowest search precedence
12:11:36.622 [Test worker] DEBUG org.springframework.core.env.StandardEnvironment - Initialized StandardEnvironment with PropertySources [systemProperties,systemEnvironment]
12:11:36.631 [Test worker] DEBUG org.springframework.core.io.support.PathMatchingResourcePatternResolver - Resolved classpath location [com/example/] to resources [URL [file:/Users/trainer18/Documents/git/spring-playground/build/classes/test/com/example/], URL [file:/Users/trainer18/Documents/git/spring-playground/build/classes/main/com/example/]]
12:11:36.631 [Test worker] DEBUG org.springframework.core.io.support.PathMatchingResourcePatternResolver - Looking for matching resources in directory tree [/Users/trainer18/Documents/git/spring-playground/build/classes/test/com/example]
12:11:36.631 [Test worker] DEBUG org.springframework.core.io.support.PathMatchingResourcePatternResolver - Searching directory [/Users/trainer18/Documents/git/spring-playground/build/classes/test/com/example] for files matching pattern [/Users/trainer18/Documents/git/spring-playground/build/classes/test/com/example/*.class]
12:11:36.634 [Test worker] DEBUG org.springframework.core.io.support.PathMatchingResourcePatternResolver - Looking for matching resources in directory tree [/Users/trainer18/Documents/git/spring-playground/build/classes/main/com/example]
12:11:36.635 [Test worker] DEBUG org.springframework.core.io.support.PathMatchingResourcePatternResolver - Searching directory [/Users/trainer18/Documents/git/spring-playground/build/classes/main/com/example] for files matching pattern [/Users/trainer18/Documents/git/spring-playground/build/classes/main/com/example/*.class]
12:11:36.635 [Test worker] DEBUG org.springframework.core.io.support.PathMatchingResourcePatternResolver - Resolved location pattern [classpath*:com/example/*.class] to resources [file [/Users/trainer18/Documents/git/spring-playground/build/classes/test/com/example/DemoApplicationTests.class], file [/Users/trainer18/Documents/git/spring-playground/build/classes/test/com/example/EndpointsControllerTest.class], file [/Users/trainer18/Documents/git/spring-playground/build/classes/test/com/example/HelloControllerTest.class], file [/Users/trainer18/Documents/git/spring-playground/build/classes/test/com/example/JSONControllerTest.class], file [/Users/trainer18/Documents/git/spring-playground/build/classes/test/com/example/mathControllerTest.class], file [/Users/trainer18/Documents/git/spring-playground/build/classes/main/com/example/DemoApplication.class], file [/Users/trainer18/Documents/git/spring-playground/build/classes/main/com/example/EndpointsController.class], file [/Users/trainer18/Documents/git/spring-playground/build/classes/main/com/example/HelloController.class], file [/Users/trainer18/Documents/git/spring-playground/build/classes/main/com/example/JSONController.class], file [/Users/trainer18/Documents/git/spring-playground/build/classes/main/com/example/mathController.class]]
12:11:36.695 [Test worker] DEBUG org.springframework.context.annotation.ClassPathScanningCandidateComponentProvider - Identified candidate component class: file [/Users/trainer18/Documents/git/spring-playground/build/classes/main/com/example/DemoApplication.class]
12:11:36.709 [Test worker] INFO org.springframework.boot.test.context.SpringBootTestContextBootstrapper - Found @SpringBootConfiguration com.example.DemoApplication for test class com.example.DemoApplicationTests
12:11:36.712 [Test worker] DEBUG org.springframework.boot.test.context.SpringBootTestContextBootstrapper - @TestExecutionListeners is not present for class [com.example.DemoApplicationTests]: using defaults.
12:11:36.715 [Test worker] INFO org.springframework.boot.test.context.SpringBootTestContextBootstrapper - Loaded default TestExecutionListener class names from location [META-INF/spring.factories]: [org.springframework.boot.test.mock.mockito.MockitoTestExecutionListener, org.springframework.boot.test.mock.mockito.ResetMocksTestExecutionListener, org.springframework.boot.test.autoconfigure.restdocs.RestDocsTestExecutionListener, org.springframework.boot.test.autoconfigure.web.client.MockRestServiceServerResetTestExecutionListener, org.springframework.boot.test.autoconfigure.web.servlet.MockMvcPrintOnlyOnFailureTestExecutionListener, org.springframework.boot.test.autoconfigure.web.servlet.WebDriverTestExecutionListener, org.springframework.test.context.web.ServletTestExecutionListener, org.springframework.test.context.support.DirtiesContextBeforeModesTestExecutionListener, org.springframework.test.context.support.DependencyInjectionTestExecutionListener, org.springframework.test.context.support.DirtiesContextTestExecutionListener, org.springframework.test.context.transaction.TransactionalTestExecutionListener, org.springframework.test.context.jdbc.SqlScriptsTestExecutionListener]
12:11:36.732 [Test worker] INFO org.springframework.boot.test.context.SpringBootTestContextBootstrapper - Using TestExecutionListeners: [org.springframework.test.context.web.ServletTestExecutionListener@2d978f43, org.springframework.test.context.support.DirtiesContextBeforeModesTestExecutionListener@673961bc, org.springframework.boot.test.autoconfigure.SpringBootDependencyInjectionTestExecutionListener@5cdec106, org.springframework.test.context.support.DirtiesContextTestExecutionListener@1ab7e290, org.springframework.test.context.transaction.TransactionalTestExecutionListener@bcb9b12, org.springframework.test.context.jdbc.SqlScriptsTestExecutionListener@27533f56, org.springframework.boot.test.mock.mockito.MockitoTestExecutionListener@d2f1c4b, org.springframework.boot.test.mock.mockito.ResetMocksTestExecutionListener@2829cc1c, org.springframework.boot.test.autoconfigure.web.servlet.MockMvcPrintOnlyOnFailureTestExecutionListener@7fedd100, org.springframework.boot.test.autoconfigure.web.servlet.WebDriverTestExecutionListener@41fae824, org.springframework.boot.test.autoconfigure.web.client.MockRestServiceServerResetTestExecutionListener@34c26914, org.springframework.boot.test.autoconfigure.restdocs.RestDocsTestExecutionListener@52ed1abc]
12:11:36.734 [Test worker] DEBUG org.springframework.test.annotation.ProfileValueUtils - Retrieved @ProfileValueSourceConfiguration [null] for test class [com.example.DemoApplicationTests]
12:11:36.735 [Test worker] DEBUG org.springframework.test.annotation.ProfileValueUtils - Retrieved ProfileValueSource type [class org.springframework.test.annotation.SystemProfileValueSource] for class [com.example.DemoApplicationTests]
12:11:36.735 [Test worker] DEBUG org.springframework.test.annotation.ProfileValueUtils - Retrieved @ProfileValueSourceConfiguration [null] for test class [com.example.DemoApplicationTests]
12:11:36.735 [Test worker] DEBUG org.springframework.test.annotation.ProfileValueUtils - Retrieved ProfileValueSource type [class org.springframework.test.annotation.SystemProfileValueSource] for class [com.example.DemoApplicationTests]
12:11:36.739 [Test worker] DEBUG org.springframework.test.context.support.AbstractDirtiesContextTestExecutionListener - Before test class: context [DefaultTestContext@2326fb5b testClass = DemoApplicationTests, testInstance = [null], testMethod = [null], testException = [null], mergedContextConfiguration = [WebMergedContextConfiguration@219426fb testClass = DemoApplicationTests, locations = '{}', classes = '{class com.example.DemoApplication}', contextInitializerClasses = '[]', activeProfiles = '{}', propertySourceLocations = '{}', propertySourceProperties = '{org.springframework.boot.test.context.SpringBootTestContextBootstrapper=true}', contextCustomizers = set[org.springframework.boot.test.context.SpringBootTestContextCustomizer@2d7767f, org.springframework.boot.test.context.filter.ExcludeFilterContextCustomizer@48929616, org.springframework.boot.test.mock.mockito.MockitoContextCustomizer@0, org.springframework.boot.test.autoconfigure.properties.PropertyMappingContextCustomizer@0, org.springframework.boot.test.autoconfigure.web.servlet.WebDriverContextCustomizerFactory$Customizer@4eceaf9a], resourceBasePath = 'src/main/webapp', contextLoader = 'org.springframework.boot.test.context.SpringBootContextLoader', parent = [null]]], class annotated with @DirtiesContext [false] with mode [null].
12:11:36.740 [Test worker] DEBUG org.springframework.test.annotation.ProfileValueUtils - Retrieved @ProfileValueSourceConfiguration [null] for test class [com.example.DemoApplicationTests]
12:11:36.740 [Test worker] DEBUG org.springframework.test.annotation.ProfileValueUtils - Retrieved ProfileValueSource type [class org.springframework.test.annotation.SystemProfileValueSource] for class [com.example.DemoApplicationTests]
12:11:36.790 [Test worker] DEBUG org.springframework.core.env.StandardEnvironment - Adding [systemProperties] PropertySource with lowest search precedence
12:11:36.790 [Test worker] DEBUG org.springframework.core.env.StandardEnvironment - Adding [systemEnvironment] PropertySource with lowest search precedence
12:11:36.790 [Test worker] DEBUG org.springframework.core.env.StandardEnvironment - Initialized StandardEnvironment with PropertySources [systemProperties,systemEnvironment]
12:11:36.791 [Test worker] DEBUG org.springframework.core.env.MutablePropertySources - Adding [inline] PropertySource with highest search precedence
12:11:36.796 [Test worker] DEBUG org.springframework.test.context.support.TestPropertySourceUtils - Adding inlined properties to environment: {spring.jmx.enabled=false, org.springframework.boot.test.context.SpringBootTestContextBootstrapper=true, server.port=-1}
12:11:36.796 [Test worker] DEBUG org.springframework.core.env.StandardEnvironment - Adding [Inlined Test Properties] PropertySource with highest search precedence

  .   ____          _            __ _ _
 /\\ / ___'_ __ _ _(_)_ __  __ _ \ \ \ \
( ( )\___ | '_ | '_| | '_ \/ _` | \ \ \ \
 \\/  ___)| |_)| | | | | || (_| |  ) ) ) )
  '  |____| .__|_| |_|_| |_\__, | / / / /
 =========|_|==============|___/=/_/_/_/
 :: Spring Boot ::        (v1.5.2.RELEASE)

2017-04-05 12:11:47.014  INFO 2772 --- [    Test worker] com.example.DemoApplicationTests         : Starting DemoApplicationTests on trainer18s-MacBook-Pro.local with PID 2772 (started by trainer18 in /Users/trainer18/Documents/git/spring-playground)
2017-04-05 12:11:47.015  INFO 2772 --- [    Test worker] com.example.DemoApplicationTests         : No active profile set, falling back to default profiles: default
2017-04-05 12:11:47.042  INFO 2772 --- [    Test worker] o.s.w.c.s.GenericWebApplicationContext   : Refreshing org.springframework.web.context.support.GenericWebApplicationContext@5a37a147: startup date [Wed Apr 05 12:11:47 MDT 2017]; root of context hierarchy
2017-04-05 12:11:47.827  INFO 2772 --- [    Test worker] trationDelegate$BeanPostProcessorChecker : Bean 'org.springframework.transaction.annotation.ProxyTransactionManagementConfiguration' of type [org.springframework.transaction.annotation.ProxyTransactionManagementConfiguration$$EnhancerBySpringCGLIB$$ddf4667] is not eligible for getting processed by all BeanPostProcessors (for example: not eligible for auto-proxying)
2017-04-05 12:11:48.622  INFO 2772 --- [    Test worker] j.LocalContainerEntityManagerFactoryBean : Building JPA container EntityManagerFactory for persistence unit 'default'
2017-04-05 12:11:48.637  INFO 2772 --- [    Test worker] o.hibernate.jpa.internal.util.LogHelper  : HHH000204: Processing PersistenceUnitInfo [
	name: default
	...]
2017-04-05 12:11:48.709  INFO 2772 --- [    Test worker] org.hibernate.Version                    : HHH000412: Hibernate Core {5.0.12.Final}
2017-04-05 12:11:48.775  INFO 2772 --- [    Test worker] org.hibernate.cfg.Environment            : HHH000206: hibernate.properties not found
2017-04-05 12:11:48.777  INFO 2772 --- [    Test worker] org.hibernate.cfg.Environment            : HHH000021: Bytecode provider name : javassist
2017-04-05 12:11:48.812  INFO 2772 --- [    Test worker] o.hibernate.annotations.common.Version   : HCANN000001: Hibernate Commons Annotations {5.0.1.Final}
2017-04-05 12:11:48.911  INFO 2772 --- [    Test worker] org.hibernate.dialect.Dialect            : HHH000400: Using dialect: org.hibernate.dialect.MySQLDialect
2017-04-05 12:11:49.083  INFO 2772 --- [    Test worker] org.hibernate.tool.hbm2ddl.SchemaExport  : HHH000227: Running hbm2ddl schema export
2017-04-05 12:11:49.084  INFO 2772 --- [    Test worker] org.hibernate.tool.hbm2ddl.SchemaExport  : HHH000230: Schema export complete
2017-04-05 12:11:49.109  INFO 2772 --- [    Test worker] j.LocalContainerEntityManagerFactoryBean : Initialized JPA EntityManagerFactory for persistence unit 'default'
2017-04-05 12:11:49.520  INFO 2772 --- [    Test worker] s.w.s.m.m.a.RequestMappingHandlerAdapter : Looking for @ControllerAdvice: org.springframework.web.context.support.GenericWebApplicationContext@5a37a147: startup date [Wed Apr 05 12:11:47 MDT 2017]; root of context hierarchy
2017-04-05 12:11:49.596  INFO 2772 --- [    Test worker] s.w.s.m.m.a.RequestMappingHandlerMapping : Mapped "{[/EndPointController],methods=[GET]}" onto public java.lang.String com.example.EndpointsController.helloWorld()
2017-04-05 12:11:49.597  INFO 2772 --- [    Test worker] s.w.s.m.m.a.RequestMappingHandlerMapping : Mapped "{[/hello]}" onto public java.lang.String com.example.HelloController.helloWorld()
2017-04-05 12:11:49.599  INFO 2772 --- [    Test worker] s.w.s.m.m.a.RequestMappingHandlerMapping : Mapped "{[/flights/flight],methods=[GET]}" onto public com.example.model.Flight com.example.JSONController.getMapFlight() throws java.lang.Exception
2017-04-05 12:11:49.599  INFO 2772 --- [    Test worker] s.w.s.m.m.a.RequestMappingHandlerMapping : Mapped "{[/flights],methods=[GET]}" onto public java.util.List<com.example.model.Flight> com.example.JSONController.getMapFlights() throws java.lang.Exception
2017-04-05 12:11:49.600  INFO 2772 --- [    Test worker] s.w.s.m.m.a.RequestMappingHandlerMapping : Mapped "{[/flights/tickets/total],methods=[POST]}" onto public com.example.model.Result com.example.JSONController.getTicketsTotal(com.example.model.Tickets) throws java.lang.Exception
2017-04-05 12:11:49.602  INFO 2772 --- [    Test worker] s.w.s.m.m.a.RequestMappingHandlerMapping : Mapped "{[/math/sum],methods=[POST]}" onto public java.lang.String com.example.mathController.sum(org.springframework.util.MultiValueMap<java.lang.String, java.lang.String>)
2017-04-05 12:11:49.602  INFO 2772 --- [    Test worker] s.w.s.m.m.a.RequestMappingHandlerMapping : Mapped "{[/math/pi],methods=[GET]}" onto public java.lang.String com.example.mathController.getPI()
2017-04-05 12:11:49.603  INFO 2772 --- [    Test worker] s.w.s.m.m.a.RequestMappingHandlerMapping : Mapped "{[/math/calculate],methods=[GET]}" onto public java.lang.String com.example.mathController.calculate(com.example.model.Calculate)
2017-04-05 12:11:49.603  INFO 2772 --- [    Test worker] s.w.s.m.m.a.RequestMappingHandlerMapping : Mapped "{[/math/volume/{length}/{width}/{height}]}" onto public java.lang.String com.example.mathController.volume(com.example.model.Volume)
2017-04-05 12:11:49.603  INFO 2772 --- [    Test worker] s.w.s.m.m.a.RequestMappingHandlerMapping : Mapped "{[/math/area],methods=[POST],consumes=[application/x-www-form-urlencoded]}" onto public java.lang.String com.example.mathController.area(com.example.model.Area)
2017-04-05 12:11:49.605  INFO 2772 --- [    Test worker] s.w.s.m.m.a.RequestMappingHandlerMapping : Mapped "{[/error]}" onto public org.springframework.http.ResponseEntity<java.util.Map<java.lang.String, java.lang.Object>> org.springframework.boot.autoconfigure.web.BasicErrorController.error(javax.servlet.http.HttpServletRequest)
2017-04-05 12:11:49.605  INFO 2772 --- [    Test worker] s.w.s.m.m.a.RequestMappingHandlerMapping : Mapped "{[/error],produces=[text/html]}" onto public org.springframework.web.servlet.ModelAndView org.springframework.boot.autoconfigure.web.BasicErrorController.errorHtml(javax.servlet.http.HttpServletRequest,javax.servlet.http.HttpServletResponse)
2017-04-05 12:11:49.629  INFO 2772 --- [    Test worker] o.s.w.s.handler.SimpleUrlHandlerMapping  : Mapped URL path [/webjars/**] onto handler of type [class org.springframework.web.servlet.resource.ResourceHttpRequestHandler]
2017-04-05 12:11:49.630  INFO 2772 --- [    Test worker] o.s.w.s.handler.SimpleUrlHandlerMapping  : Mapped URL path [/**] onto handler of type [class org.springframework.web.servlet.resource.ResourceHttpRequestHandler]
2017-04-05 12:11:49.668  INFO 2772 --- [    Test worker] o.s.w.s.handler.SimpleUrlHandlerMapping  : Mapped URL path [/**/favicon.ico] onto handler of type [class org.springframework.web.servlet.resource.ResourceHttpRequestHandler]
2017-04-05 12:11:49.925  INFO 2772 --- [    Test worker] com.example.DemoApplicationTests         : Started DemoApplicationTests in 13.121 seconds (JVM running for 13.9)
]]></system-out>
  <system-err><![CDATA[Wed Apr 05 12:11:48 MDT 2017 WARN: Establishing SSL connection without server's identity verification is not recommended. According to MySQL 5.5.45+, 5.6.26+ and 5.7.6+ requirements SSL connection must be established by default if explicit option isn't set. For compliance with existing applications not using SSL the verifyServerCertificate property is set to 'false'. You need either to explicitly disable SSL by setting useSSL=false, or set useSSL=true and provide truststore for server certificate verification.
Wed Apr 05 12:11:48 MDT 2017 WARN: Establishing SSL connection without server's identity verification is not recommended. According to MySQL 5.5.45+, 5.6.26+ and 5.7.6+ requirements SSL connection must be established by default if explicit option isn't set. For compliance with existing applications not using SSL the verifyServerCertificate property is set to 'false'. You need either to explicitly disable SSL by setting useSSL=false, or set useSSL=true and provide truststore for server certificate verification.
Wed Apr 05 12:11:48 MDT 2017 WARN: Establishing SSL connection without server's identity verification is not recommended. According to MySQL 5.5.45+, 5.6.26+ and 5.7.6+ requirements SSL connection must be established by default if explicit option isn't set. For compliance with existing applications not using SSL the verifyServerCertificate property is set to 'false'. You need either to explicitly disable SSL by setting useSSL=false, or set useSSL=true and provide truststore for server certificate verification.
Wed Apr 05 12:11:48 MDT 2017 WARN: Establishing SSL connection without server's identity verification is not recommended. According to MySQL 5.5.45+, 5.6.26+ and 5.7.6+ requirements SSL connection must be established by default if explicit option isn't set. For compliance with existing applications not using SSL the verifyServerCertificate property is set to 'false'. You need either to explicitly disable SSL by setting useSSL=false, or set useSSL=true and provide truststore for server certificate verification.
Wed Apr 05 12:11:48 MDT 2017 WARN: Establishing SSL connection without server's identity verification is not recommended. According to MySQL 5.5.45+, 5.6.26+ and 5.7.6+ requirements SSL connection must be established by default if explicit option isn't set. For compliance with existing applications not using SSL the verifyServerCertificate property is set to 'false'. You need either to explicitly disable SSL by setting useSSL=false, or set useSSL=true and provide truststore for server certificate verification.
Wed Apr 05 12:11:48 MDT 2017 WARN: Establishing SSL connection without server's identity verification is not recommended. According to MySQL 5.5.45+, 5.6.26+ and 5.7.6+ requirements SSL connection must be established by default if explicit option isn't set. For compliance with existing applications not using SSL the verifyServerCertificate property is set to 'false'. You need either to explicitly disable SSL by setting useSSL=false, or set useSSL=true and provide truststore for server certificate verification.
Wed Apr 05 12:11:48 MDT 2017 WARN: Establishing SSL connection without server's identity verification is not recommended. According to MySQL 5.5.45+, 5.6.26+ and 5.7.6+ requirements SSL connection must be established by default if explicit option isn't set. For compliance with existing applications not using SSL the verifyServerCertificate property is set to 'false'. You need either to explicitly disable SSL by setting useSSL=false, or set useSSL=true and provide truststore for server certificate verification.
Wed Apr 05 12:11:48 MDT 2017 WARN: Establishing SSL connection without server's identity verification is not recommended. According to MySQL 5.5.45+, 5.6.26+ and 5.7.6+ requirements SSL connection must be established by default if explicit option isn't set. For compliance with existing applications not using SSL the verifyServerCertificate property is set to 'false'. You need either to explicitly disable SSL by setting useSSL=false, or set useSSL=true and provide truststore for server certificate verification.
Wed Apr 05 12:11:48 MDT 2017 WARN: Establishing SSL connection without server's identity verification is not recommended. According to MySQL 5.5.45+, 5.6.26+ and 5.7.6+ requirements SSL connection must be established by default if explicit option isn't set. For compliance with existing applications not using SSL the verifyServerCertificate property is set to 'false'. You need either to explicitly disable SSL by setting useSSL=false, or set useSSL=true and provide truststore for server certificate verification.
Wed Apr 05 12:11:48 MDT 2017 WARN: Establishing SSL connection without server's identity verification is not recommended. According to MySQL 5.5.45+, 5.6.26+ and 5.7.6+ requirements SSL connection must be established by default if explicit option isn't set. For compliance with existing applications not using SSL the verifyServerCertificate property is set to 'false'. You need either to explicitly disable SSL by setting useSSL=false, or set useSSL=true and provide truststore for server certificate verification.
]]></system-err>
</testsuite>
