<?xml version="1.0" encoding="UTF-8"?>
<testsuite name="com.example.LessonControllerTest" tests="5" skipped="0" failures="0" errors="0" timestamp="2017-04-09T15:46:08" hostname="trainer18s-MacBook-Pro.local" time="0.219">
  <properties/>
  <testcase name="testGetLesson1a" classname="com.example.LessonControllerTest" time="0.175"/>
  <testcase name="testGetLesson1b" classname="com.example.LessonControllerTest" time="0.012"/>
  <testcase name="testCreateLesson1" classname="com.example.LessonControllerTest" time="0.009"/>
  <testcase name="testCreateLesson2" classname="com.example.LessonControllerTest" time="0.009"/>
  <testcase name="testUpdateLesson1" classname="com.example.LessonControllerTest" time="0.01"/>
  <system-out><![CDATA[2017-04-09 09:45:56.095  INFO 4375 --- [    Test worker] .b.t.c.SpringBootTestContextBootstrapper : Neither @ContextConfiguration nor @ContextHierarchy found for test class [com.example.LessonControllerTest], using SpringBootContextLoader
2017-04-09 09:45:56.095  INFO 4375 --- [    Test worker] o.s.t.c.support.AbstractContextLoader    : Could not detect default resource locations for test class [com.example.LessonControllerTest]: no resource found for suffixes {-context.xml, Context.groovy}.
2017-04-09 09:45:56.095  INFO 4375 --- [    Test worker] t.c.s.AnnotationConfigContextLoaderUtils : Could not detect default configuration classes for test class [com.example.LessonControllerTest]: LessonControllerTest does not declare any static, non-private, non-final, nested classes annotated with @Configuration.
2017-04-09 09:45:56.099  INFO 4375 --- [    Test worker] .b.t.c.SpringBootTestContextBootstrapper : Found @SpringBootConfiguration com.example.DemoApplication for test class com.example.LessonControllerTest
2017-04-09 09:45:56.101  INFO 4375 --- [    Test worker] .b.t.c.SpringBootTestContextBootstrapper : Loaded default TestExecutionListener class names from location [META-INF/spring.factories]: [org.springframework.boot.test.mock.mockito.MockitoTestExecutionListener, org.springframework.boot.test.mock.mockito.ResetMocksTestExecutionListener, org.springframework.boot.test.autoconfigure.restdocs.RestDocsTestExecutionListener, org.springframework.boot.test.autoconfigure.web.client.MockRestServiceServerResetTestExecutionListener, org.springframework.boot.test.autoconfigure.web.servlet.MockMvcPrintOnlyOnFailureTestExecutionListener, org.springframework.boot.test.autoconfigure.web.servlet.WebDriverTestExecutionListener, org.springframework.test.context.web.ServletTestExecutionListener, org.springframework.test.context.support.DirtiesContextBeforeModesTestExecutionListener, org.springframework.test.context.support.DependencyInjectionTestExecutionListener, org.springframework.test.context.support.DirtiesContextTestExecutionListener, org.springframework.test.context.transaction.TransactionalTestExecutionListener, org.springframework.test.context.jdbc.SqlScriptsTestExecutionListener]
2017-04-09 09:45:56.102  INFO 4375 --- [    Test worker] .b.t.c.SpringBootTestContextBootstrapper : Using TestExecutionListeners: [org.springframework.test.context.web.ServletTestExecutionListener@1dc8751, org.springframework.test.context.support.DirtiesContextBeforeModesTestExecutionListener@74a748d9, org.springframework.boot.test.autoconfigure.SpringBootDependencyInjectionTestExecutionListener@a2ded25, org.springframework.test.context.support.DirtiesContextTestExecutionListener@7c158943, org.springframework.test.context.transaction.TransactionalTestExecutionListener@19967f9f, org.springframework.test.context.jdbc.SqlScriptsTestExecutionListener@57b90df4, org.springframework.boot.test.mock.mockito.ResetMocksTestExecutionListener@329886e3, org.springframework.boot.test.autoconfigure.web.servlet.MockMvcPrintOnlyOnFailureTestExecutionListener@62974e62, org.springframework.boot.test.autoconfigure.restdocs.RestDocsTestExecutionListener@48d7af28, org.springframework.boot.test.autoconfigure.web.servlet.WebDriverTestExecutionListener@579edd6b, org.springframework.boot.test.autoconfigure.web.client.MockRestServiceServerResetTestExecutionListener@21c7f6e5, org.springframework.boot.test.mock.mockito.MockitoTestExecutionListener@79fb48e1]

  .   ____          _            __ _ _
 /\\ / ___'_ __ _ _(_)_ __  __ _ \ \ \ \
( ( )\___ | '_ | '_| | '_ \/ _` | \ \ \ \
 \\/  ___)| |_)| | | | | || (_| |  ) ) ) )
  '  |____| .__|_| |_|_| |_\__, | / / / /
 =========|_|==============|___/=/_/_/_/
 :: Spring Boot ::        (v1.5.2.RELEASE)

2017-04-09 09:46:06.139  INFO 4375 --- [    Test worker] com.example.LessonControllerTest         : Starting LessonControllerTest on trainer18s-MacBook-Pro.local with PID 4375 (started by trainer18 in /Users/trainer18/Documents/git/spring-playground)
2017-04-09 09:46:06.139  INFO 4375 --- [    Test worker] com.example.LessonControllerTest         : No active profile set, falling back to default profiles: default
2017-04-09 09:46:06.141  INFO 4375 --- [    Test worker] o.s.w.c.s.GenericWebApplicationContext   : Refreshing org.springframework.web.context.support.GenericWebApplicationContext@4be7a1a0: startup date [Sun Apr 09 09:46:06 MDT 2017]; root of context hierarchy
2017-04-09 09:46:06.494  INFO 4375 --- [    Test worker] trationDelegate$BeanPostProcessorChecker : Bean 'org.springframework.transaction.annotation.ProxyTransactionManagementConfiguration' of type [org.springframework.transaction.annotation.ProxyTransactionManagementConfiguration$$EnhancerBySpringCGLIB$$2fa6f682] is not eligible for getting processed by all BeanPostProcessors (for example: not eligible for auto-proxying)
2017-04-09 09:46:07.269  INFO 4375 --- [    Test worker] j.LocalContainerEntityManagerFactoryBean : Building JPA container EntityManagerFactory for persistence unit 'default'
2017-04-09 09:46:07.284  INFO 4375 --- [    Test worker] o.hibernate.jpa.internal.util.LogHelper  : HHH000204: Processing PersistenceUnitInfo [
	name: default
	...]
2017-04-09 09:46:07.339  INFO 4375 --- [    Test worker] org.hibernate.Version                    : HHH000412: Hibernate Core {5.0.12.Final}
2017-04-09 09:46:07.340  INFO 4375 --- [    Test worker] org.hibernate.cfg.Environment            : HHH000206: hibernate.properties not found
2017-04-09 09:46:07.341  INFO 4375 --- [    Test worker] org.hibernate.cfg.Environment            : HHH000021: Bytecode provider name : javassist
2017-04-09 09:46:07.374  INFO 4375 --- [    Test worker] o.hibernate.annotations.common.Version   : HCANN000001: Hibernate Commons Annotations {5.0.1.Final}
2017-04-09 09:46:07.474  INFO 4375 --- [    Test worker] org.hibernate.dialect.Dialect            : HHH000400: Using dialect: org.hibernate.dialect.MySQLDialect
2017-04-09 09:46:07.812  INFO 4375 --- [    Test worker] org.hibernate.tool.hbm2ddl.SchemaExport  : HHH000227: Running hbm2ddl schema export
2017-04-09 09:46:07.849  INFO 4375 --- [    Test worker] org.hibernate.tool.hbm2ddl.SchemaExport  : HHH000230: Schema export complete
2017-04-09 09:46:07.883  INFO 4375 --- [    Test worker] j.LocalContainerEntityManagerFactoryBean : Initialized JPA EntityManagerFactory for persistence unit 'default'
2017-04-09 09:46:08.117  INFO 4375 --- [    Test worker] o.s.b.t.m.w.SpringBootMockServletContext : Initializing Spring FrameworkServlet ''
2017-04-09 09:46:08.117  INFO 4375 --- [    Test worker] o.s.t.web.servlet.TestDispatcherServlet  : FrameworkServlet '': initialization started
2017-04-09 09:46:08.216  INFO 4375 --- [    Test worker] s.w.s.m.m.a.RequestMappingHandlerMapping : Mapped "{[/EndPointController],methods=[GET]}" onto public java.lang.String com.example.EndpointsController.helloWorld()
2017-04-09 09:46:08.216  INFO 4375 --- [    Test worker] s.w.s.m.m.a.RequestMappingHandlerMapping : Mapped "{[/hello]}" onto public java.lang.String com.example.HelloController.helloWorld()
2017-04-09 09:46:08.217  INFO 4375 --- [    Test worker] s.w.s.m.m.a.RequestMappingHandlerMapping : Mapped "{[/flights/flight],methods=[GET]}" onto public com.example.model.Flight com.example.JSONController.getMapFlight() throws java.lang.Exception
2017-04-09 09:46:08.217  INFO 4375 --- [    Test worker] s.w.s.m.m.a.RequestMappingHandlerMapping : Mapped "{[/flights],methods=[GET]}" onto public java.util.List<com.example.model.Flight> com.example.JSONController.getMapFlights() throws java.lang.Exception
2017-04-09 09:46:08.217  INFO 4375 --- [    Test worker] s.w.s.m.m.a.RequestMappingHandlerMapping : Mapped "{[/flights/tickets/total],methods=[POST]}" onto public com.example.model.Result com.example.JSONController.getTicketsTotal(com.example.model.Tickets) throws java.lang.Exception
2017-04-09 09:46:08.221  INFO 4375 --- [    Test worker] s.w.s.m.m.a.RequestMappingHandlerMapping : Mapped "{[/lessons/{id}],methods=[PATCH]}" onto public com.example.model.Lesson com.example.LessonsController.update(com.example.model.Lesson)
2017-04-09 09:46:08.221  INFO 4375 --- [    Test worker] s.w.s.m.m.a.RequestMappingHandlerMapping : Mapped "{[/lessons/{id}],methods=[DELETE]}" onto public void com.example.LessonsController.delete(java.lang.Long)
2017-04-09 09:46:08.221  INFO 4375 --- [    Test worker] s.w.s.m.m.a.RequestMappingHandlerMapping : Mapped "{[/lessons],methods=[POST]}" onto public com.example.model.Lesson com.example.LessonsController.create(com.example.model.Lesson)
2017-04-09 09:46:08.221  INFO 4375 --- [    Test worker] s.w.s.m.m.a.RequestMappingHandlerMapping : Mapped "{[/lessons],methods=[GET]}" onto public java.lang.Iterable<com.example.model.Lesson> com.example.LessonsController.all()
2017-04-09 09:46:08.221  INFO 4375 --- [    Test worker] s.w.s.m.m.a.RequestMappingHandlerMapping : Mapped "{[/lessons/{id}],methods=[GET]}" onto public com.example.model.Lesson com.example.LessonsController.getOne(java.lang.Long)
2017-04-09 09:46:08.223  INFO 4375 --- [    Test worker] s.w.s.m.m.a.RequestMappingHandlerMapping : Mapped "{[/users/{id}],methods=[PATCH]}" onto public com.example.model.User com.example.UsersController.update(java.lang.Long,com.example.model.User)
2017-04-09 09:46:08.223  INFO 4375 --- [    Test worker] s.w.s.m.m.a.RequestMappingHandlerMapping : Mapped "{[/users/{id}],methods=[DELETE]}" onto public com.example.UsersController$CCount com.example.UsersController.delete(java.lang.Long)
2017-04-09 09:46:08.223  INFO 4375 --- [    Test worker] s.w.s.m.m.a.RequestMappingHandlerMapping : Mapped "{[/users],methods=[POST]}" onto public com.example.model.User com.example.UsersController.create(com.example.model.CUser)
2017-04-09 09:46:08.223  INFO 4375 --- [    Test worker] s.w.s.m.m.a.RequestMappingHandlerMapping : Mapped "{[/users],methods=[GET]}" onto public com.example.UsersController$CUsers com.example.UsersController.all()
2017-04-09 09:46:08.223  INFO 4375 --- [    Test worker] s.w.s.m.m.a.RequestMappingHandlerMapping : Mapped "{[/users/{id}],methods=[GET]}" onto public com.example.model.CUser com.example.UsersController.getOne(java.lang.Long)
2017-04-09 09:46:08.224  INFO 4375 --- [    Test worker] s.w.s.m.m.a.RequestMappingHandlerMapping : Mapped "{[/users/authenticate],methods=[POST]}" onto public com.example.UsersController$CAuthenticated com.example.UsersController.getAuthenticate(com.example.model.User)
2017-04-09 09:46:08.226  INFO 4375 --- [    Test worker] s.w.s.m.m.a.RequestMappingHandlerMapping : Mapped "{[/math/sum],methods=[POST]}" onto public java.lang.String com.example.mathController.sum(org.springframework.util.MultiValueMap<java.lang.String, java.lang.String>)
2017-04-09 09:46:08.226  INFO 4375 --- [    Test worker] s.w.s.m.m.a.RequestMappingHandlerMapping : Mapped "{[/math/pi],methods=[GET]}" onto public java.lang.String com.example.mathController.getPI()
2017-04-09 09:46:08.226  INFO 4375 --- [    Test worker] s.w.s.m.m.a.RequestMappingHandlerMapping : Mapped "{[/math/calculate],methods=[GET]}" onto public java.lang.String com.example.mathController.calculate(com.example.model.Calculate)
2017-04-09 09:46:08.226  INFO 4375 --- [    Test worker] s.w.s.m.m.a.RequestMappingHandlerMapping : Mapped "{[/math/volume/{length}/{width}/{height}]}" onto public java.lang.String com.example.mathController.volume(com.example.model.Volume)
2017-04-09 09:46:08.227  INFO 4375 --- [    Test worker] s.w.s.m.m.a.RequestMappingHandlerMapping : Mapped "{[/math/area],methods=[POST],consumes=[application/x-www-form-urlencoded]}" onto public java.lang.String com.example.mathController.area(com.example.model.Area)
2017-04-09 09:46:08.228  INFO 4375 --- [    Test worker] s.w.s.m.m.a.RequestMappingHandlerMapping : Mapped "{[/error]}" onto public org.springframework.http.ResponseEntity<java.util.Map<java.lang.String, java.lang.Object>> org.springframework.boot.autoconfigure.web.BasicErrorController.error(javax.servlet.http.HttpServletRequest)
2017-04-09 09:46:08.228  INFO 4375 --- [    Test worker] s.w.s.m.m.a.RequestMappingHandlerMapping : Mapped "{[/error],produces=[text/html]}" onto public org.springframework.web.servlet.ModelAndView org.springframework.boot.autoconfigure.web.BasicErrorController.errorHtml(javax.servlet.http.HttpServletRequest,javax.servlet.http.HttpServletResponse)
2017-04-09 09:46:08.245  INFO 4375 --- [    Test worker] o.s.w.s.handler.SimpleUrlHandlerMapping  : Mapped URL path [/webjars/**] onto handler of type [class org.springframework.web.servlet.resource.ResourceHttpRequestHandler]
2017-04-09 09:46:08.246  INFO 4375 --- [    Test worker] o.s.w.s.handler.SimpleUrlHandlerMapping  : Mapped URL path [/**] onto handler of type [class org.springframework.web.servlet.resource.ResourceHttpRequestHandler]
2017-04-09 09:46:08.255  INFO 4375 --- [    Test worker] o.s.w.s.handler.SimpleUrlHandlerMapping  : Mapped URL path [/**/favicon.ico] onto handler of type [class org.springframework.web.servlet.resource.ResourceHttpRequestHandler]
2017-04-09 09:46:08.285  INFO 4375 --- [    Test worker] s.w.s.m.m.a.RequestMappingHandlerAdapter : Looking for @ControllerAdvice: org.springframework.web.context.support.GenericWebApplicationContext@4be7a1a0: startup date [Sun Apr 09 09:46:06 MDT 2017]; root of context hierarchy
2017-04-09 09:46:08.321  INFO 4375 --- [    Test worker] o.s.t.web.servlet.TestDispatcherServlet  : FrameworkServlet '': initialization completed in 204 ms
2017-04-09 09:46:08.511  INFO 4375 --- [    Test worker] com.example.LessonControllerTest         : Started LessonControllerTest in 12.405 seconds (JVM running for 56.041)
2017-04-09 09:46:08.540  INFO 4375 --- [    Test worker] o.s.t.c.transaction.TransactionContext   : Began transaction (1) for test context [DefaultTestContext@31e8244a testClass = LessonControllerTest, testInstance = com.example.LessonControllerTest@7c44eab5, testMethod = testGetLesson1a@LessonControllerTest, testException = [null], mergedContextConfiguration = [WebMergedContextConfiguration@41eea4f7 testClass = LessonControllerTest, locations = '{}', classes = '{class com.example.DemoApplication}', contextInitializerClasses = '[]', activeProfiles = '{}', propertySourceLocations = '{}', propertySourceProperties = '{org.springframework.boot.test.context.SpringBootTestContextBootstrapper=true}', contextCustomizers = set[[ImportsContextCustomizer@51fa2e67 key = [Package Import com.example, org.springframework.boot.test.autoconfigure.web.servlet.MockMvcAutoConfiguration, org.springframework.boot.test.autoconfigure.web.servlet.MockMvcSecurityAutoConfiguration, org.springframework.boot.test.autoconfigure.web.servlet.MockMvcWebClientAutoConfiguration, org.springframework.boot.test.autoconfigure.web.servlet.MockMvcWebDriverAutoConfiguration]], org.springframework.boot.test.context.SpringBootTestContextCustomizer@2b12ec1a, org.springframework.boot.test.context.filter.ExcludeFilterContextCustomizer@3b83c115, org.springframework.boot.test.mock.mockito.MockitoContextCustomizer@0, org.springframework.boot.test.autoconfigure.properties.PropertyMappingContextCustomizer@e7e8512, org.springframework.boot.test.autoconfigure.web.servlet.WebDriverContextCustomizerFactory$Customizer@cd00094], resourceBasePath = 'src/main/webapp', contextLoader = 'org.springframework.boot.test.context.SpringBootContextLoader', parent = [null]]]; transaction manager [org.springframework.orm.jpa.JpaTransactionManager@33e7c2ea]; rollback [true]
2017-04-09 09:46:08.593  INFO 4375 --- [    Test worker] o.h.h.i.QueryTranslatorFactoryInitiator  : HHH000397: Using ASTQueryTranslatorFactory
2017-04-09 09:46:08.708  INFO 4375 --- [    Test worker] o.s.t.c.transaction.TransactionContext   : Rolled back transaction for test context [DefaultTestContext@31e8244a testClass = LessonControllerTest, testInstance = com.example.LessonControllerTest@7c44eab5, testMethod = testGetLesson1a@LessonControllerTest, testException = [null], mergedContextConfiguration = [WebMergedContextConfiguration@41eea4f7 testClass = LessonControllerTest, locations = '{}', classes = '{class com.example.DemoApplication}', contextInitializerClasses = '[]', activeProfiles = '{}', propertySourceLocations = '{}', propertySourceProperties = '{org.springframework.boot.test.context.SpringBootTestContextBootstrapper=true}', contextCustomizers = set[[ImportsContextCustomizer@51fa2e67 key = [Package Import com.example, org.springframework.boot.test.autoconfigure.web.servlet.MockMvcAutoConfiguration, org.springframework.boot.test.autoconfigure.web.servlet.MockMvcSecurityAutoConfiguration, org.springframework.boot.test.autoconfigure.web.servlet.MockMvcWebClientAutoConfiguration, org.springframework.boot.test.autoconfigure.web.servlet.MockMvcWebDriverAutoConfiguration]], org.springframework.boot.test.context.SpringBootTestContextCustomizer@2b12ec1a, org.springframework.boot.test.context.filter.ExcludeFilterContextCustomizer@3b83c115, org.springframework.boot.test.mock.mockito.MockitoContextCustomizer@0, org.springframework.boot.test.autoconfigure.properties.PropertyMappingContextCustomizer@e7e8512, org.springframework.boot.test.autoconfigure.web.servlet.WebDriverContextCustomizerFactory$Customizer@cd00094], resourceBasePath = 'src/main/webapp', contextLoader = 'org.springframework.boot.test.context.SpringBootContextLoader', parent = [null]]].
2017-04-09 09:46:08.711  INFO 4375 --- [    Test worker] o.s.t.c.transaction.TransactionContext   : Began transaction (1) for test context [DefaultTestContext@31e8244a testClass = LessonControllerTest, testInstance = com.example.LessonControllerTest@50ec3435, testMethod = testGetLesson1b@LessonControllerTest, testException = [null], mergedContextConfiguration = [WebMergedContextConfiguration@41eea4f7 testClass = LessonControllerTest, locations = '{}', classes = '{class com.example.DemoApplication}', contextInitializerClasses = '[]', activeProfiles = '{}', propertySourceLocations = '{}', propertySourceProperties = '{org.springframework.boot.test.context.SpringBootTestContextBootstrapper=true}', contextCustomizers = set[[ImportsContextCustomizer@51fa2e67 key = [Package Import com.example, org.springframework.boot.test.autoconfigure.web.servlet.MockMvcAutoConfiguration, org.springframework.boot.test.autoconfigure.web.servlet.MockMvcSecurityAutoConfiguration, org.springframework.boot.test.autoconfigure.web.servlet.MockMvcWebClientAutoConfiguration, org.springframework.boot.test.autoconfigure.web.servlet.MockMvcWebDriverAutoConfiguration]], org.springframework.boot.test.context.SpringBootTestContextCustomizer@2b12ec1a, org.springframework.boot.test.context.filter.ExcludeFilterContextCustomizer@3b83c115, org.springframework.boot.test.mock.mockito.MockitoContextCustomizer@0, org.springframework.boot.test.autoconfigure.properties.PropertyMappingContextCustomizer@e7e8512, org.springframework.boot.test.autoconfigure.web.servlet.WebDriverContextCustomizerFactory$Customizer@cd00094], resourceBasePath = 'src/main/webapp', contextLoader = 'org.springframework.boot.test.context.SpringBootContextLoader', parent = [null]]]; transaction manager [org.springframework.orm.jpa.JpaTransactionManager@33e7c2ea]; rollback [true]
2017-04-09 09:46:08.722  INFO 4375 --- [    Test worker] o.s.t.c.transaction.TransactionContext   : Rolled back transaction for test context [DefaultTestContext@31e8244a testClass = LessonControllerTest, testInstance = com.example.LessonControllerTest@50ec3435, testMethod = testGetLesson1b@LessonControllerTest, testException = [null], mergedContextConfiguration = [WebMergedContextConfiguration@41eea4f7 testClass = LessonControllerTest, locations = '{}', classes = '{class com.example.DemoApplication}', contextInitializerClasses = '[]', activeProfiles = '{}', propertySourceLocations = '{}', propertySourceProperties = '{org.springframework.boot.test.context.SpringBootTestContextBootstrapper=true}', contextCustomizers = set[[ImportsContextCustomizer@51fa2e67 key = [Package Import com.example, org.springframework.boot.test.autoconfigure.web.servlet.MockMvcAutoConfiguration, org.springframework.boot.test.autoconfigure.web.servlet.MockMvcSecurityAutoConfiguration, org.springframework.boot.test.autoconfigure.web.servlet.MockMvcWebClientAutoConfiguration, org.springframework.boot.test.autoconfigure.web.servlet.MockMvcWebDriverAutoConfiguration]], org.springframework.boot.test.context.SpringBootTestContextCustomizer@2b12ec1a, org.springframework.boot.test.context.filter.ExcludeFilterContextCustomizer@3b83c115, org.springframework.boot.test.mock.mockito.MockitoContextCustomizer@0, org.springframework.boot.test.autoconfigure.properties.PropertyMappingContextCustomizer@e7e8512, org.springframework.boot.test.autoconfigure.web.servlet.WebDriverContextCustomizerFactory$Customizer@cd00094], resourceBasePath = 'src/main/webapp', contextLoader = 'org.springframework.boot.test.context.SpringBootContextLoader', parent = [null]]].
2017-04-09 09:46:08.724  INFO 4375 --- [    Test worker] o.s.t.c.transaction.TransactionContext   : Began transaction (1) for test context [DefaultTestContext@31e8244a testClass = LessonControllerTest, testInstance = com.example.LessonControllerTest@1312b38a, testMethod = testCreateLesson1@LessonControllerTest, testException = [null], mergedContextConfiguration = [WebMergedContextConfiguration@41eea4f7 testClass = LessonControllerTest, locations = '{}', classes = '{class com.example.DemoApplication}', contextInitializerClasses = '[]', activeProfiles = '{}', propertySourceLocations = '{}', propertySourceProperties = '{org.springframework.boot.test.context.SpringBootTestContextBootstrapper=true}', contextCustomizers = set[[ImportsContextCustomizer@51fa2e67 key = [Package Import com.example, org.springframework.boot.test.autoconfigure.web.servlet.MockMvcAutoConfiguration, org.springframework.boot.test.autoconfigure.web.servlet.MockMvcSecurityAutoConfiguration, org.springframework.boot.test.autoconfigure.web.servlet.MockMvcWebClientAutoConfiguration, org.springframework.boot.test.autoconfigure.web.servlet.MockMvcWebDriverAutoConfiguration]], org.springframework.boot.test.context.SpringBootTestContextCustomizer@2b12ec1a, org.springframework.boot.test.context.filter.ExcludeFilterContextCustomizer@3b83c115, org.springframework.boot.test.mock.mockito.MockitoContextCustomizer@0, org.springframework.boot.test.autoconfigure.properties.PropertyMappingContextCustomizer@e7e8512, org.springframework.boot.test.autoconfigure.web.servlet.WebDriverContextCustomizerFactory$Customizer@cd00094], resourceBasePath = 'src/main/webapp', contextLoader = 'org.springframework.boot.test.context.SpringBootContextLoader', parent = [null]]]; transaction manager [org.springframework.orm.jpa.JpaTransactionManager@33e7c2ea]; rollback [true]
2017-04-09 09:46:08.732  INFO 4375 --- [    Test worker] o.s.t.c.transaction.TransactionContext   : Rolled back transaction for test context [DefaultTestContext@31e8244a testClass = LessonControllerTest, testInstance = com.example.LessonControllerTest@1312b38a, testMethod = testCreateLesson1@LessonControllerTest, testException = [null], mergedContextConfiguration = [WebMergedContextConfiguration@41eea4f7 testClass = LessonControllerTest, locations = '{}', classes = '{class com.example.DemoApplication}', contextInitializerClasses = '[]', activeProfiles = '{}', propertySourceLocations = '{}', propertySourceProperties = '{org.springframework.boot.test.context.SpringBootTestContextBootstrapper=true}', contextCustomizers = set[[ImportsContextCustomizer@51fa2e67 key = [Package Import com.example, org.springframework.boot.test.autoconfigure.web.servlet.MockMvcAutoConfiguration, org.springframework.boot.test.autoconfigure.web.servlet.MockMvcSecurityAutoConfiguration, org.springframework.boot.test.autoconfigure.web.servlet.MockMvcWebClientAutoConfiguration, org.springframework.boot.test.autoconfigure.web.servlet.MockMvcWebDriverAutoConfiguration]], org.springframework.boot.test.context.SpringBootTestContextCustomizer@2b12ec1a, org.springframework.boot.test.context.filter.ExcludeFilterContextCustomizer@3b83c115, org.springframework.boot.test.mock.mockito.MockitoContextCustomizer@0, org.springframework.boot.test.autoconfigure.properties.PropertyMappingContextCustomizer@e7e8512, org.springframework.boot.test.autoconfigure.web.servlet.WebDriverContextCustomizerFactory$Customizer@cd00094], resourceBasePath = 'src/main/webapp', contextLoader = 'org.springframework.boot.test.context.SpringBootContextLoader', parent = [null]]].
2017-04-09 09:46:08.736  INFO 4375 --- [    Test worker] o.s.t.c.transaction.TransactionContext   : Began transaction (1) for test context [DefaultTestContext@31e8244a testClass = LessonControllerTest, testInstance = com.example.LessonControllerTest@4a4afa6, testMethod = testCreateLesson2@LessonControllerTest, testException = [null], mergedContextConfiguration = [WebMergedContextConfiguration@41eea4f7 testClass = LessonControllerTest, locations = '{}', classes = '{class com.example.DemoApplication}', contextInitializerClasses = '[]', activeProfiles = '{}', propertySourceLocations = '{}', propertySourceProperties = '{org.springframework.boot.test.context.SpringBootTestContextBootstrapper=true}', contextCustomizers = set[[ImportsContextCustomizer@51fa2e67 key = [Package Import com.example, org.springframework.boot.test.autoconfigure.web.servlet.MockMvcAutoConfiguration, org.springframework.boot.test.autoconfigure.web.servlet.MockMvcSecurityAutoConfiguration, org.springframework.boot.test.autoconfigure.web.servlet.MockMvcWebClientAutoConfiguration, org.springframework.boot.test.autoconfigure.web.servlet.MockMvcWebDriverAutoConfiguration]], org.springframework.boot.test.context.SpringBootTestContextCustomizer@2b12ec1a, org.springframework.boot.test.context.filter.ExcludeFilterContextCustomizer@3b83c115, org.springframework.boot.test.mock.mockito.MockitoContextCustomizer@0, org.springframework.boot.test.autoconfigure.properties.PropertyMappingContextCustomizer@e7e8512, org.springframework.boot.test.autoconfigure.web.servlet.WebDriverContextCustomizerFactory$Customizer@cd00094], resourceBasePath = 'src/main/webapp', contextLoader = 'org.springframework.boot.test.context.SpringBootContextLoader', parent = [null]]]; transaction manager [org.springframework.orm.jpa.JpaTransactionManager@33e7c2ea]; rollback [true]
2017-04-09 09:46:08.742  INFO 4375 --- [    Test worker] o.s.t.c.transaction.TransactionContext   : Rolled back transaction for test context [DefaultTestContext@31e8244a testClass = LessonControllerTest, testInstance = com.example.LessonControllerTest@4a4afa6, testMethod = testCreateLesson2@LessonControllerTest, testException = [null], mergedContextConfiguration = [WebMergedContextConfiguration@41eea4f7 testClass = LessonControllerTest, locations = '{}', classes = '{class com.example.DemoApplication}', contextInitializerClasses = '[]', activeProfiles = '{}', propertySourceLocations = '{}', propertySourceProperties = '{org.springframework.boot.test.context.SpringBootTestContextBootstrapper=true}', contextCustomizers = set[[ImportsContextCustomizer@51fa2e67 key = [Package Import com.example, org.springframework.boot.test.autoconfigure.web.servlet.MockMvcAutoConfiguration, org.springframework.boot.test.autoconfigure.web.servlet.MockMvcSecurityAutoConfiguration, org.springframework.boot.test.autoconfigure.web.servlet.MockMvcWebClientAutoConfiguration, org.springframework.boot.test.autoconfigure.web.servlet.MockMvcWebDriverAutoConfiguration]], org.springframework.boot.test.context.SpringBootTestContextCustomizer@2b12ec1a, org.springframework.boot.test.context.filter.ExcludeFilterContextCustomizer@3b83c115, org.springframework.boot.test.mock.mockito.MockitoContextCustomizer@0, org.springframework.boot.test.autoconfigure.properties.PropertyMappingContextCustomizer@e7e8512, org.springframework.boot.test.autoconfigure.web.servlet.WebDriverContextCustomizerFactory$Customizer@cd00094], resourceBasePath = 'src/main/webapp', contextLoader = 'org.springframework.boot.test.context.SpringBootContextLoader', parent = [null]]].
2017-04-09 09:46:08.744  INFO 4375 --- [    Test worker] o.s.t.c.transaction.TransactionContext   : Began transaction (1) for test context [DefaultTestContext@31e8244a testClass = LessonControllerTest, testInstance = com.example.LessonControllerTest@150746e5, testMethod = testUpdateLesson1@LessonControllerTest, testException = [null], mergedContextConfiguration = [WebMergedContextConfiguration@41eea4f7 testClass = LessonControllerTest, locations = '{}', classes = '{class com.example.DemoApplication}', contextInitializerClasses = '[]', activeProfiles = '{}', propertySourceLocations = '{}', propertySourceProperties = '{org.springframework.boot.test.context.SpringBootTestContextBootstrapper=true}', contextCustomizers = set[[ImportsContextCustomizer@51fa2e67 key = [Package Import com.example, org.springframework.boot.test.autoconfigure.web.servlet.MockMvcAutoConfiguration, org.springframework.boot.test.autoconfigure.web.servlet.MockMvcSecurityAutoConfiguration, org.springframework.boot.test.autoconfigure.web.servlet.MockMvcWebClientAutoConfiguration, org.springframework.boot.test.autoconfigure.web.servlet.MockMvcWebDriverAutoConfiguration]], org.springframework.boot.test.context.SpringBootTestContextCustomizer@2b12ec1a, org.springframework.boot.test.context.filter.ExcludeFilterContextCustomizer@3b83c115, org.springframework.boot.test.mock.mockito.MockitoContextCustomizer@0, org.springframework.boot.test.autoconfigure.properties.PropertyMappingContextCustomizer@e7e8512, org.springframework.boot.test.autoconfigure.web.servlet.WebDriverContextCustomizerFactory$Customizer@cd00094], resourceBasePath = 'src/main/webapp', contextLoader = 'org.springframework.boot.test.context.SpringBootContextLoader', parent = [null]]]; transaction manager [org.springframework.orm.jpa.JpaTransactionManager@33e7c2ea]; rollback [true]
2017-04-09 09:46:08.752  INFO 4375 --- [    Test worker] o.s.t.c.transaction.TransactionContext   : Rolled back transaction for test context [DefaultTestContext@31e8244a testClass = LessonControllerTest, testInstance = com.example.LessonControllerTest@150746e5, testMethod = testUpdateLesson1@LessonControllerTest, testException = [null], mergedContextConfiguration = [WebMergedContextConfiguration@41eea4f7 testClass = LessonControllerTest, locations = '{}', classes = '{class com.example.DemoApplication}', contextInitializerClasses = '[]', activeProfiles = '{}', propertySourceLocations = '{}', propertySourceProperties = '{org.springframework.boot.test.context.SpringBootTestContextBootstrapper=true}', contextCustomizers = set[[ImportsContextCustomizer@51fa2e67 key = [Package Import com.example, org.springframework.boot.test.autoconfigure.web.servlet.MockMvcAutoConfiguration, org.springframework.boot.test.autoconfigure.web.servlet.MockMvcSecurityAutoConfiguration, org.springframework.boot.test.autoconfigure.web.servlet.MockMvcWebClientAutoConfiguration, org.springframework.boot.test.autoconfigure.web.servlet.MockMvcWebDriverAutoConfiguration]], org.springframework.boot.test.context.SpringBootTestContextCustomizer@2b12ec1a, org.springframework.boot.test.context.filter.ExcludeFilterContextCustomizer@3b83c115, org.springframework.boot.test.mock.mockito.MockitoContextCustomizer@0, org.springframework.boot.test.autoconfigure.properties.PropertyMappingContextCustomizer@e7e8512, org.springframework.boot.test.autoconfigure.web.servlet.WebDriverContextCustomizerFactory$Customizer@cd00094], resourceBasePath = 'src/main/webapp', contextLoader = 'org.springframework.boot.test.context.SpringBootContextLoader', parent = [null]]].
]]></system-out>
  <system-err><![CDATA[Loading class `com.mysql.jdbc.Driver'. This is deprecated. The new driver class is `com.mysql.cj.jdbc.Driver'. The driver is automatically registered via the SPI and manual loading of the driver class is generally unnecessary.
Sun Apr 09 09:46:06 MDT 2017 WARN: Establishing SSL connection without server's identity verification is not recommended. According to MySQL 5.5.45+, 5.6.26+ and 5.7.6+ requirements SSL connection must be established by default if explicit option isn't set. For compliance with existing applications not using SSL the verifyServerCertificate property is set to 'false'. You need either to explicitly disable SSL by setting useSSL=false, or set useSSL=true and provide truststore for server certificate verification.
Sun Apr 09 09:46:07 MDT 2017 WARN: Establishing SSL connection without server's identity verification is not recommended. According to MySQL 5.5.45+, 5.6.26+ and 5.7.6+ requirements SSL connection must be established by default if explicit option isn't set. For compliance with existing applications not using SSL the verifyServerCertificate property is set to 'false'. You need either to explicitly disable SSL by setting useSSL=false, or set useSSL=true and provide truststore for server certificate verification.
Sun Apr 09 09:46:07 MDT 2017 WARN: Establishing SSL connection without server's identity verification is not recommended. According to MySQL 5.5.45+, 5.6.26+ and 5.7.6+ requirements SSL connection must be established by default if explicit option isn't set. For compliance with existing applications not using SSL the verifyServerCertificate property is set to 'false'. You need either to explicitly disable SSL by setting useSSL=false, or set useSSL=true and provide truststore for server certificate verification.
Sun Apr 09 09:46:07 MDT 2017 WARN: Establishing SSL connection without server's identity verification is not recommended. According to MySQL 5.5.45+, 5.6.26+ and 5.7.6+ requirements SSL connection must be established by default if explicit option isn't set. For compliance with existing applications not using SSL the verifyServerCertificate property is set to 'false'. You need either to explicitly disable SSL by setting useSSL=false, or set useSSL=true and provide truststore for server certificate verification.
Sun Apr 09 09:46:07 MDT 2017 WARN: Establishing SSL connection without server's identity verification is not recommended. According to MySQL 5.5.45+, 5.6.26+ and 5.7.6+ requirements SSL connection must be established by default if explicit option isn't set. For compliance with existing applications not using SSL the verifyServerCertificate property is set to 'false'. You need either to explicitly disable SSL by setting useSSL=false, or set useSSL=true and provide truststore for server certificate verification.
Sun Apr 09 09:46:07 MDT 2017 WARN: Establishing SSL connection without server's identity verification is not recommended. According to MySQL 5.5.45+, 5.6.26+ and 5.7.6+ requirements SSL connection must be established by default if explicit option isn't set. For compliance with existing applications not using SSL the verifyServerCertificate property is set to 'false'. You need either to explicitly disable SSL by setting useSSL=false, or set useSSL=true and provide truststore for server certificate verification.
Sun Apr 09 09:46:07 MDT 2017 WARN: Establishing SSL connection without server's identity verification is not recommended. According to MySQL 5.5.45+, 5.6.26+ and 5.7.6+ requirements SSL connection must be established by default if explicit option isn't set. For compliance with existing applications not using SSL the verifyServerCertificate property is set to 'false'. You need either to explicitly disable SSL by setting useSSL=false, or set useSSL=true and provide truststore for server certificate verification.
Sun Apr 09 09:46:07 MDT 2017 WARN: Establishing SSL connection without server's identity verification is not recommended. According to MySQL 5.5.45+, 5.6.26+ and 5.7.6+ requirements SSL connection must be established by default if explicit option isn't set. For compliance with existing applications not using SSL the verifyServerCertificate property is set to 'false'. You need either to explicitly disable SSL by setting useSSL=false, or set useSSL=true and provide truststore for server certificate verification.
Sun Apr 09 09:46:07 MDT 2017 WARN: Establishing SSL connection without server's identity verification is not recommended. According to MySQL 5.5.45+, 5.6.26+ and 5.7.6+ requirements SSL connection must be established by default if explicit option isn't set. For compliance with existing applications not using SSL the verifyServerCertificate property is set to 'false'. You need either to explicitly disable SSL by setting useSSL=false, or set useSSL=true and provide truststore for server certificate verification.
Sun Apr 09 09:46:07 MDT 2017 WARN: Establishing SSL connection without server's identity verification is not recommended. According to MySQL 5.5.45+, 5.6.26+ and 5.7.6+ requirements SSL connection must be established by default if explicit option isn't set. For compliance with existing applications not using SSL the verifyServerCertificate property is set to 'false'. You need either to explicitly disable SSL by setting useSSL=false, or set useSSL=true and provide truststore for server certificate verification.
]]></system-err>
</testsuite>
