<?xml version="1.0" encoding="UTF-8"?>
<testsuite name="com.example.HelloControllerTest" tests="1" skipped="0" failures="0" errors="0" timestamp="2017-04-05T18:12:10" hostname="trainer18s-MacBook-Pro.local" time="0.003">
  <properties/>
  <testcase name="testIndexEndpoint" classname="com.example.HelloControllerTest" time="0.003"/>
  <system-out><![CDATA[2017-04-05 12:12:00.512  INFO 2772 --- [    Test worker] .b.t.a.w.s.WebMvcTestContextBootstrapper : Neither @ContextConfiguration nor @ContextHierarchy found for test class [com.example.HelloControllerTest], using SpringBootContextLoader
2017-04-05 12:12:00.513  INFO 2772 --- [    Test worker] o.s.t.c.support.AbstractContextLoader    : Could not detect default resource locations for test class [com.example.HelloControllerTest]: no resource found for suffixes {-context.xml, Context.groovy}.
2017-04-05 12:12:00.513  INFO 2772 --- [    Test worker] t.c.s.AnnotationConfigContextLoaderUtils : Could not detect default configuration classes for test class [com.example.HelloControllerTest]: HelloControllerTest does not declare any static, non-private, non-final, nested classes annotated with @Configuration.
2017-04-05 12:12:00.519  INFO 2772 --- [    Test worker] .b.t.c.SpringBootTestContextBootstrapper : Found @SpringBootConfiguration com.example.DemoApplication for test class com.example.HelloControllerTest
2017-04-05 12:12:00.521  INFO 2772 --- [    Test worker] .b.t.a.w.s.WebMvcTestContextBootstrapper : Loaded default TestExecutionListener class names from location [META-INF/spring.factories]: [org.springframework.boot.test.mock.mockito.MockitoTestExecutionListener, org.springframework.boot.test.mock.mockito.ResetMocksTestExecutionListener, org.springframework.boot.test.autoconfigure.restdocs.RestDocsTestExecutionListener, org.springframework.boot.test.autoconfigure.web.client.MockRestServiceServerResetTestExecutionListener, org.springframework.boot.test.autoconfigure.web.servlet.MockMvcPrintOnlyOnFailureTestExecutionListener, org.springframework.boot.test.autoconfigure.web.servlet.WebDriverTestExecutionListener, org.springframework.test.context.web.ServletTestExecutionListener, org.springframework.test.context.support.DirtiesContextBeforeModesTestExecutionListener, org.springframework.test.context.support.DependencyInjectionTestExecutionListener, org.springframework.test.context.support.DirtiesContextTestExecutionListener, org.springframework.test.context.transaction.TransactionalTestExecutionListener, org.springframework.test.context.jdbc.SqlScriptsTestExecutionListener]
2017-04-05 12:12:00.522  INFO 2772 --- [    Test worker] .b.t.a.w.s.WebMvcTestContextBootstrapper : Using TestExecutionListeners: [org.springframework.test.context.web.ServletTestExecutionListener@337c3bda, org.springframework.test.context.support.DirtiesContextBeforeModesTestExecutionListener@59df2cd3, org.springframework.boot.test.autoconfigure.SpringBootDependencyInjectionTestExecutionListener@1845d446, org.springframework.test.context.support.DirtiesContextTestExecutionListener@fd3725f, org.springframework.test.context.transaction.TransactionalTestExecutionListener@5d232a94, org.springframework.test.context.jdbc.SqlScriptsTestExecutionListener@7dba3c57, org.springframework.boot.test.mock.mockito.MockitoTestExecutionListener@4beb2042, org.springframework.boot.test.mock.mockito.ResetMocksTestExecutionListener@5fbee2ea, org.springframework.boot.test.autoconfigure.web.servlet.MockMvcPrintOnlyOnFailureTestExecutionListener@1b0d1403, org.springframework.boot.test.autoconfigure.web.servlet.WebDriverTestExecutionListener@3779dbb1, org.springframework.boot.test.autoconfigure.web.client.MockRestServiceServerResetTestExecutionListener@2582142c, org.springframework.boot.test.autoconfigure.restdocs.RestDocsTestExecutionListener@d831bc4]

  .   ____          _            __ _ _
 /\\ / ___'_ __ _ _(_)_ __  __ _ \ \ \ \
( ( )\___ | '_ | '_| | '_ \/ _` | \ \ \ \
 \\/  ___)| |_)| | | | | || (_| |  ) ) ) )
  '  |____| .__|_| |_|_| |_\__, | / / / /
 =========|_|==============|___/=/_/_/_/
 :: Spring Boot ::        (v1.5.2.RELEASE)

2017-04-05 12:12:10.557  INFO 2772 --- [    Test worker] com.example.HelloControllerTest          : Starting HelloControllerTest on trainer18s-MacBook-Pro.local with PID 2772 (started by trainer18 in /Users/trainer18/Documents/git/spring-playground)
2017-04-05 12:12:10.558  INFO 2772 --- [    Test worker] com.example.HelloControllerTest          : No active profile set, falling back to default profiles: default
2017-04-05 12:12:10.559  INFO 2772 --- [    Test worker] o.s.w.c.s.GenericWebApplicationContext   : Refreshing org.springframework.web.context.support.GenericWebApplicationContext@19f00a9d: startup date [Wed Apr 05 12:12:10 MDT 2017]; root of context hierarchy
2017-04-05 12:12:10.787  INFO 2772 --- [    Test worker] s.w.s.m.m.a.RequestMappingHandlerAdapter : Looking for @ControllerAdvice: org.springframework.web.context.support.GenericWebApplicationContext@19f00a9d: startup date [Wed Apr 05 12:12:10 MDT 2017]; root of context hierarchy
2017-04-05 12:12:10.796  INFO 2772 --- [    Test worker] s.w.s.m.m.a.RequestMappingHandlerMapping : Mapped "{[/hello]}" onto public java.lang.String com.example.HelloController.helloWorld()
2017-04-05 12:12:10.797  INFO 2772 --- [    Test worker] s.w.s.m.m.a.RequestMappingHandlerMapping : Mapped "{[/error]}" onto public org.springframework.http.ResponseEntity<java.util.Map<java.lang.String, java.lang.Object>> org.springframework.boot.autoconfigure.web.BasicErrorController.error(javax.servlet.http.HttpServletRequest)
2017-04-05 12:12:10.797  INFO 2772 --- [    Test worker] s.w.s.m.m.a.RequestMappingHandlerMapping : Mapped "{[/error],produces=[text/html]}" onto public org.springframework.web.servlet.ModelAndView org.springframework.boot.autoconfigure.web.BasicErrorController.errorHtml(javax.servlet.http.HttpServletRequest,javax.servlet.http.HttpServletResponse)
2017-04-05 12:12:10.812  INFO 2772 --- [    Test worker] o.s.w.s.handler.SimpleUrlHandlerMapping  : Mapped URL path [/webjars/**] onto handler of type [class org.springframework.web.servlet.resource.ResourceHttpRequestHandler]
2017-04-05 12:12:10.812  INFO 2772 --- [    Test worker] o.s.w.s.handler.SimpleUrlHandlerMapping  : Mapped URL path [/**] onto handler of type [class org.springframework.web.servlet.resource.ResourceHttpRequestHandler]
2017-04-05 12:12:10.833  INFO 2772 --- [    Test worker] o.s.w.s.handler.SimpleUrlHandlerMapping  : Mapped URL path [/**/favicon.ico] onto handler of type [class org.springframework.web.servlet.resource.ResourceHttpRequestHandler]
2017-04-05 12:12:10.872  INFO 2772 --- [    Test worker] o.s.b.t.m.w.SpringBootMockServletContext : Initializing Spring FrameworkServlet ''
2017-04-05 12:12:10.872  INFO 2772 --- [    Test worker] o.s.t.web.servlet.TestDispatcherServlet  : FrameworkServlet '': initialization started
2017-04-05 12:12:10.879  INFO 2772 --- [    Test worker] o.s.t.web.servlet.TestDispatcherServlet  : FrameworkServlet '': initialization completed in 7 ms
2017-04-05 12:12:10.909  INFO 2772 --- [    Test worker] com.example.HelloControllerTest          : Started HelloControllerTest in 10.383 seconds (JVM running for 34.884)
]]></system-out>
  <system-err><![CDATA[]]></system-err>
</testsuite>
