<?xml version="1.0" encoding="UTF-8"?>
<testsuite name="com.example.JSONControllerTest" tests="5" skipped="0" failures="0" errors="0" timestamp="2017-04-06T21:21:46" hostname="trainer18s-MacBook-Pro.local" time="0.174">
  <properties/>
  <testcase name="testFlights" classname="com.example.JSONControllerTest" time="0.101"/>
  <testcase name="testFlightTicketsTotal1" classname="com.example.JSONControllerTest" time="0.046"/>
  <testcase name="testFlightTicketsTotal2" classname="com.example.JSONControllerTest" time="0.009"/>
  <testcase name="testFlightTicketsTotal3" classname="com.example.JSONControllerTest" time="0.01"/>
  <testcase name="testFlight" classname="com.example.JSONControllerTest" time="0.004"/>
  <system-out><![CDATA[2017-04-06 15:21:35.828  INFO 14999 --- [    Test worker] .b.t.a.w.s.WebMvcTestContextBootstrapper : Neither @ContextConfiguration nor @ContextHierarchy found for test class [com.example.JSONControllerTest], using SpringBootContextLoader
2017-04-06 15:21:35.829  INFO 14999 --- [    Test worker] o.s.t.c.support.AbstractContextLoader    : Could not detect default resource locations for test class [com.example.JSONControllerTest]: no resource found for suffixes {-context.xml, Context.groovy}.
2017-04-06 15:21:35.829  INFO 14999 --- [    Test worker] t.c.s.AnnotationConfigContextLoaderUtils : Could not detect default configuration classes for test class [com.example.JSONControllerTest]: JSONControllerTest does not declare any static, non-private, non-final, nested classes annotated with @Configuration.
2017-04-06 15:21:35.835  INFO 14999 --- [    Test worker] .b.t.c.SpringBootTestContextBootstrapper : Found @SpringBootConfiguration com.example.DemoApplication for test class com.example.JSONControllerTest
2017-04-06 15:21:35.836  INFO 14999 --- [    Test worker] .b.t.a.w.s.WebMvcTestContextBootstrapper : Loaded default TestExecutionListener class names from location [META-INF/spring.factories]: [org.springframework.boot.test.mock.mockito.MockitoTestExecutionListener, org.springframework.boot.test.mock.mockito.ResetMocksTestExecutionListener, org.springframework.boot.test.autoconfigure.restdocs.RestDocsTestExecutionListener, org.springframework.boot.test.autoconfigure.web.client.MockRestServiceServerResetTestExecutionListener, org.springframework.boot.test.autoconfigure.web.servlet.MockMvcPrintOnlyOnFailureTestExecutionListener, org.springframework.boot.test.autoconfigure.web.servlet.WebDriverTestExecutionListener, org.springframework.test.context.web.ServletTestExecutionListener, org.springframework.test.context.support.DirtiesContextBeforeModesTestExecutionListener, org.springframework.test.context.support.DependencyInjectionTestExecutionListener, org.springframework.test.context.support.DirtiesContextTestExecutionListener, org.springframework.test.context.transaction.TransactionalTestExecutionListener, org.springframework.test.context.jdbc.SqlScriptsTestExecutionListener]
2017-04-06 15:21:35.837  INFO 14999 --- [    Test worker] .b.t.a.w.s.WebMvcTestContextBootstrapper : Using TestExecutionListeners: [org.springframework.test.context.web.ServletTestExecutionListener@1f664cdb, org.springframework.test.context.support.DirtiesContextBeforeModesTestExecutionListener@6471f435, org.springframework.boot.test.autoconfigure.SpringBootDependencyInjectionTestExecutionListener@5e85ef79, org.springframework.test.context.support.DirtiesContextTestExecutionListener@5f4e0b6b, org.springframework.test.context.transaction.TransactionalTestExecutionListener@726384cd, org.springframework.test.context.jdbc.SqlScriptsTestExecutionListener@19d816e8, org.springframework.boot.test.mock.mockito.ResetMocksTestExecutionListener@68d7dc8d, org.springframework.boot.test.autoconfigure.web.client.MockRestServiceServerResetTestExecutionListener@476d97af, org.springframework.boot.test.autoconfigure.restdocs.RestDocsTestExecutionListener@29c62663, org.springframework.boot.test.autoconfigure.web.servlet.MockMvcPrintOnlyOnFailureTestExecutionListener@70f01ae5, org.springframework.boot.test.autoconfigure.web.servlet.WebDriverTestExecutionListener@261593c2, org.springframework.boot.test.mock.mockito.MockitoTestExecutionListener@d6eb840]

  .   ____          _            __ _ _
 /\\ / ___'_ __ _ _(_)_ __  __ _ \ \ \ \
( ( )\___ | '_ | '_| | '_ \/ _` | \ \ \ \
 \\/  ___)| |_)| | | | | || (_| |  ) ) ) )
  '  |____| .__|_| |_|_| |_\__, | / / / /
 =========|_|==============|___/=/_/_/_/
 :: Spring Boot ::        (v1.5.2.RELEASE)

2017-04-06 15:21:45.871  INFO 14999 --- [    Test worker] com.example.JSONControllerTest           : Starting JSONControllerTest on trainer18s-MacBook-Pro.local with PID 14999 (started by trainer18 in /Users/trainer18/Documents/git/spring-playground)
2017-04-06 15:21:45.871  INFO 14999 --- [    Test worker] com.example.JSONControllerTest           : No active profile set, falling back to default profiles: default
2017-04-06 15:21:45.873  INFO 14999 --- [    Test worker] o.s.w.c.s.GenericWebApplicationContext   : Refreshing org.springframework.web.context.support.GenericWebApplicationContext@64be9c70: startup date [Thu Apr 06 15:21:45 MDT 2017]; root of context hierarchy
2017-04-06 15:21:46.092  INFO 14999 --- [    Test worker] s.w.s.m.m.a.RequestMappingHandlerAdapter : Looking for @ControllerAdvice: org.springframework.web.context.support.GenericWebApplicationContext@64be9c70: startup date [Thu Apr 06 15:21:45 MDT 2017]; root of context hierarchy
2017-04-06 15:21:46.105  INFO 14999 --- [    Test worker] s.w.s.m.m.a.RequestMappingHandlerMapping : Mapped "{[/flights/flight],methods=[GET]}" onto public com.example.model.Flight com.example.JSONController.getMapFlight() throws java.lang.Exception
2017-04-06 15:21:46.106  INFO 14999 --- [    Test worker] s.w.s.m.m.a.RequestMappingHandlerMapping : Mapped "{[/flights],methods=[GET]}" onto public java.util.List<com.example.model.Flight> com.example.JSONController.getMapFlights() throws java.lang.Exception
2017-04-06 15:21:46.106  INFO 14999 --- [    Test worker] s.w.s.m.m.a.RequestMappingHandlerMapping : Mapped "{[/flights/tickets/total],methods=[POST]}" onto public com.example.model.Result com.example.JSONController.getTicketsTotal(com.example.model.Tickets) throws java.lang.Exception
2017-04-06 15:21:46.107  INFO 14999 --- [    Test worker] s.w.s.m.m.a.RequestMappingHandlerMapping : Mapped "{[/error]}" onto public org.springframework.http.ResponseEntity<java.util.Map<java.lang.String, java.lang.Object>> org.springframework.boot.autoconfigure.web.BasicErrorController.error(javax.servlet.http.HttpServletRequest)
2017-04-06 15:21:46.107  INFO 14999 --- [    Test worker] s.w.s.m.m.a.RequestMappingHandlerMapping : Mapped "{[/error],produces=[text/html]}" onto public org.springframework.web.servlet.ModelAndView org.springframework.boot.autoconfigure.web.BasicErrorController.errorHtml(javax.servlet.http.HttpServletRequest,javax.servlet.http.HttpServletResponse)
2017-04-06 15:21:46.123  INFO 14999 --- [    Test worker] o.s.w.s.handler.SimpleUrlHandlerMapping  : Mapped URL path [/webjars/**] onto handler of type [class org.springframework.web.servlet.resource.ResourceHttpRequestHandler]
2017-04-06 15:21:46.123  INFO 14999 --- [    Test worker] o.s.w.s.handler.SimpleUrlHandlerMapping  : Mapped URL path [/**] onto handler of type [class org.springframework.web.servlet.resource.ResourceHttpRequestHandler]
2017-04-06 15:21:46.141  INFO 14999 --- [    Test worker] o.s.w.s.handler.SimpleUrlHandlerMapping  : Mapped URL path [/**/favicon.ico] onto handler of type [class org.springframework.web.servlet.resource.ResourceHttpRequestHandler]
2017-04-06 15:21:46.179  INFO 14999 --- [    Test worker] o.s.b.t.m.w.SpringBootMockServletContext : Initializing Spring FrameworkServlet ''
2017-04-06 15:21:46.179  INFO 14999 --- [    Test worker] o.s.t.web.servlet.TestDispatcherServlet  : FrameworkServlet '': initialization started
2017-04-06 15:21:46.186  INFO 14999 --- [    Test worker] o.s.t.web.servlet.TestDispatcherServlet  : FrameworkServlet '': initialization completed in 7 ms
2017-04-06 15:21:46.219  INFO 14999 --- [    Test worker] com.example.JSONControllerTest           : Started JSONControllerTest in 10.378 seconds (JVM running for 43.591)
]]></system-out>
  <system-err><![CDATA[]]></system-err>
</testsuite>
