<?xml version="1.0" encoding="UTF-8"?>
<testsuite name="com.example.LessonControllerTest" tests="2" skipped="0" failures="0" errors="0" timestamp="2017-04-06T22:03:31" hostname="trainer18s-MacBook-Pro.local" time="0.061">
  <properties/>
  <testcase name="testCreateLesson1" classname="com.example.LessonControllerTest" time="0.049"/>
  <testcase name="testCreateLesson2" classname="com.example.LessonControllerTest" time="0.011"/>
  <system-out><![CDATA[2017-04-06 16:03:18.790  INFO 15760 --- [    Test worker] .b.t.c.SpringBootTestContextBootstrapper : Neither @ContextConfiguration nor @ContextHierarchy found for test class [com.example.LessonControllerTest], using SpringBootContextLoader
2017-04-06 16:03:18.791  INFO 15760 --- [    Test worker] o.s.t.c.support.AbstractContextLoader    : Could not detect default resource locations for test class [com.example.LessonControllerTest]: no resource found for suffixes {-context.xml, Context.groovy}.
2017-04-06 16:03:18.791  INFO 15760 --- [    Test worker] t.c.s.AnnotationConfigContextLoaderUtils : Could not detect default configuration classes for test class [com.example.LessonControllerTest]: LessonControllerTest does not declare any static, non-private, non-final, nested classes annotated with @Configuration.
2017-04-06 16:03:18.794  INFO 15760 --- [    Test worker] .b.t.c.SpringBootTestContextBootstrapper : Found @SpringBootConfiguration com.example.DemoApplication for test class com.example.LessonControllerTest
2017-04-06 16:03:18.796  INFO 15760 --- [    Test worker] .b.t.c.SpringBootTestContextBootstrapper : Loaded default TestExecutionListener class names from location [META-INF/spring.factories]: [org.springframework.boot.test.mock.mockito.MockitoTestExecutionListener, org.springframework.boot.test.mock.mockito.ResetMocksTestExecutionListener, org.springframework.boot.test.autoconfigure.restdocs.RestDocsTestExecutionListener, org.springframework.boot.test.autoconfigure.web.client.MockRestServiceServerResetTestExecutionListener, org.springframework.boot.test.autoconfigure.web.servlet.MockMvcPrintOnlyOnFailureTestExecutionListener, org.springframework.boot.test.autoconfigure.web.servlet.WebDriverTestExecutionListener, org.springframework.test.context.web.ServletTestExecutionListener, org.springframework.test.context.support.DirtiesContextBeforeModesTestExecutionListener, org.springframework.test.context.support.DependencyInjectionTestExecutionListener, org.springframework.test.context.support.DirtiesContextTestExecutionListener, org.springframework.test.context.transaction.TransactionalTestExecutionListener, org.springframework.test.context.jdbc.SqlScriptsTestExecutionListener]
2017-04-06 16:03:18.797  INFO 15760 --- [    Test worker] .b.t.c.SpringBootTestContextBootstrapper : Using TestExecutionListeners: [org.springframework.test.context.web.ServletTestExecutionListener@a2ecb2f, org.springframework.test.context.support.DirtiesContextBeforeModesTestExecutionListener@20e272b0, org.springframework.boot.test.autoconfigure.SpringBootDependencyInjectionTestExecutionListener@2cc788ed, org.springframework.test.context.support.DirtiesContextTestExecutionListener@4f6e7187, org.springframework.test.context.transaction.TransactionalTestExecutionListener@3365bcf6, org.springframework.test.context.jdbc.SqlScriptsTestExecutionListener@a13fd8, org.springframework.boot.test.mock.mockito.MockitoTestExecutionListener@10b14fc1, org.springframework.boot.test.autoconfigure.restdocs.RestDocsTestExecutionListener@2c6fe619, org.springframework.boot.test.autoconfigure.web.servlet.WebDriverTestExecutionListener@32f36d6e, org.springframework.boot.test.autoconfigure.web.client.MockRestServiceServerResetTestExecutionListener@3b25cb17, org.springframework.boot.test.mock.mockito.ResetMocksTestExecutionListener@217054f5, org.springframework.boot.test.autoconfigure.web.servlet.MockMvcPrintOnlyOnFailureTestExecutionListener@727c21ec]

  .   ____          _            __ _ _
 /\\ / ___'_ __ _ _(_)_ __  __ _ \ \ \ \
( ( )\___ | '_ | '_| | '_ \/ _` | \ \ \ \
 \\/  ___)| |_)| | | | | || (_| |  ) ) ) )
  '  |____| .__|_| |_|_| |_\__, | / / / /
 =========|_|==============|___/=/_/_/_/
 :: Spring Boot ::        (v1.5.2.RELEASE)

2017-04-06 16:03:28.826  INFO 15760 --- [    Test worker] com.example.LessonControllerTest         : Starting LessonControllerTest on trainer18s-MacBook-Pro.local with PID 15760 (started by trainer18 in /Users/trainer18/Documents/git/spring-playground)
2017-04-06 16:03:28.827  INFO 15760 --- [    Test worker] com.example.LessonControllerTest         : No active profile set, falling back to default profiles: default
2017-04-06 16:03:28.829  INFO 15760 --- [    Test worker] o.s.w.c.s.GenericWebApplicationContext   : Refreshing org.springframework.web.context.support.GenericWebApplicationContext@7057044e: startup date [Thu Apr 06 16:03:28 MDT 2017]; root of context hierarchy
2017-04-06 16:03:29.190  INFO 15760 --- [    Test worker] trationDelegate$BeanPostProcessorChecker : Bean 'org.springframework.transaction.annotation.ProxyTransactionManagementConfiguration' of type [org.springframework.transaction.annotation.ProxyTransactionManagementConfiguration$$EnhancerBySpringCGLIB$$ce2cf439] is not eligible for getting processed by all BeanPostProcessors (for example: not eligible for auto-proxying)
2017-04-06 16:03:29.953  INFO 15760 --- [    Test worker] j.LocalContainerEntityManagerFactoryBean : Building JPA container EntityManagerFactory for persistence unit 'default'
2017-04-06 16:03:29.970  INFO 15760 --- [    Test worker] o.hibernate.jpa.internal.util.LogHelper  : HHH000204: Processing PersistenceUnitInfo [
	name: default
	...]
2017-04-06 16:03:30.025  INFO 15760 --- [    Test worker] org.hibernate.Version                    : HHH000412: Hibernate Core {5.0.12.Final}
2017-04-06 16:03:30.026  INFO 15760 --- [    Test worker] org.hibernate.cfg.Environment            : HHH000206: hibernate.properties not found
2017-04-06 16:03:30.028  INFO 15760 --- [    Test worker] org.hibernate.cfg.Environment            : HHH000021: Bytecode provider name : javassist
2017-04-06 16:03:30.062  INFO 15760 --- [    Test worker] o.hibernate.annotations.common.Version   : HCANN000001: Hibernate Commons Annotations {5.0.1.Final}
2017-04-06 16:03:30.157  INFO 15760 --- [    Test worker] org.hibernate.dialect.Dialect            : HHH000400: Using dialect: org.hibernate.dialect.MySQLDialect
2017-04-06 16:03:30.467  INFO 15760 --- [    Test worker] org.hibernate.tool.hbm2ddl.SchemaExport  : HHH000227: Running hbm2ddl schema export
2017-04-06 16:03:30.490  INFO 15760 --- [    Test worker] org.hibernate.tool.hbm2ddl.SchemaExport  : HHH000230: Schema export complete
2017-04-06 16:03:30.525  INFO 15760 --- [    Test worker] j.LocalContainerEntityManagerFactoryBean : Initialized JPA EntityManagerFactory for persistence unit 'default'
2017-04-06 16:03:30.764  INFO 15760 --- [    Test worker] o.s.b.t.m.w.SpringBootMockServletContext : Initializing Spring FrameworkServlet ''
2017-04-06 16:03:30.764  INFO 15760 --- [    Test worker] o.s.t.web.servlet.TestDispatcherServlet  : FrameworkServlet '': initialization started
2017-04-06 16:03:30.897  INFO 15760 --- [    Test worker] s.w.s.m.m.a.RequestMappingHandlerMapping : Mapped "{[/EndPointController],methods=[GET]}" onto public java.lang.String com.example.EndpointsController.helloWorld()
2017-04-06 16:03:30.898  INFO 15760 --- [    Test worker] s.w.s.m.m.a.RequestMappingHandlerMapping : Mapped "{[/hello]}" onto public java.lang.String com.example.HelloController.helloWorld()
2017-04-06 16:03:30.898  INFO 15760 --- [    Test worker] s.w.s.m.m.a.RequestMappingHandlerMapping : Mapped "{[/flights/flight],methods=[GET]}" onto public com.example.model.Flight com.example.JSONController.getMapFlight() throws java.lang.Exception
2017-04-06 16:03:30.899  INFO 15760 --- [    Test worker] s.w.s.m.m.a.RequestMappingHandlerMapping : Mapped "{[/flights],methods=[GET]}" onto public java.util.List<com.example.model.Flight> com.example.JSONController.getMapFlights() throws java.lang.Exception
2017-04-06 16:03:30.899  INFO 15760 --- [    Test worker] s.w.s.m.m.a.RequestMappingHandlerMapping : Mapped "{[/flights/tickets/total],methods=[POST]}" onto public com.example.model.Result com.example.JSONController.getTicketsTotal(com.example.model.Tickets) throws java.lang.Exception
2017-04-06 16:03:30.902  INFO 15760 --- [    Test worker] s.w.s.m.m.a.RequestMappingHandlerMapping : Mapped "{[/lessons/{id}],methods=[PATCH]}" onto public com.example.model.Lesson com.example.LessonsController.update(com.example.model.Lesson)
2017-04-06 16:03:30.902  INFO 15760 --- [    Test worker] s.w.s.m.m.a.RequestMappingHandlerMapping : Mapped "{[/lessons/{id}],methods=[DELETE]}" onto public void com.example.LessonsController.delete(java.lang.Long)
2017-04-06 16:03:30.903  INFO 15760 --- [    Test worker] s.w.s.m.m.a.RequestMappingHandlerMapping : Mapped "{[/lessons],methods=[POST]}" onto public com.example.model.Lesson com.example.LessonsController.create(com.example.model.Lesson)
2017-04-06 16:03:30.903  INFO 15760 --- [    Test worker] s.w.s.m.m.a.RequestMappingHandlerMapping : Mapped "{[/lessons],methods=[GET]}" onto public java.lang.Iterable<com.example.model.Lesson> com.example.LessonsController.all()
2017-04-06 16:03:30.903  INFO 15760 --- [    Test worker] s.w.s.m.m.a.RequestMappingHandlerMapping : Mapped "{[/lessons/{id}],methods=[GET]}" onto public com.example.model.Lesson com.example.LessonsController.getOne(java.lang.Long)
2017-04-06 16:03:30.905  INFO 15760 --- [    Test worker] s.w.s.m.m.a.RequestMappingHandlerMapping : Mapped "{[/math/sum],methods=[POST]}" onto public java.lang.String com.example.mathController.sum(org.springframework.util.MultiValueMap<java.lang.String, java.lang.String>)
2017-04-06 16:03:30.905  INFO 15760 --- [    Test worker] s.w.s.m.m.a.RequestMappingHandlerMapping : Mapped "{[/math/pi],methods=[GET]}" onto public java.lang.String com.example.mathController.getPI()
2017-04-06 16:03:30.905  INFO 15760 --- [    Test worker] s.w.s.m.m.a.RequestMappingHandlerMapping : Mapped "{[/math/volume/{length}/{width}/{height}]}" onto public java.lang.String com.example.mathController.volume(com.example.model.Volume)
2017-04-06 16:03:30.905  INFO 15760 --- [    Test worker] s.w.s.m.m.a.RequestMappingHandlerMapping : Mapped "{[/math/calculate],methods=[GET]}" onto public java.lang.String com.example.mathController.calculate(com.example.model.Calculate)
2017-04-06 16:03:30.906  INFO 15760 --- [    Test worker] s.w.s.m.m.a.RequestMappingHandlerMapping : Mapped "{[/math/area],methods=[POST],consumes=[application/x-www-form-urlencoded]}" onto public java.lang.String com.example.mathController.area(com.example.model.Area)
2017-04-06 16:03:30.908  INFO 15760 --- [    Test worker] s.w.s.m.m.a.RequestMappingHandlerMapping : Mapped "{[/error]}" onto public org.springframework.http.ResponseEntity<java.util.Map<java.lang.String, java.lang.Object>> org.springframework.boot.autoconfigure.web.BasicErrorController.error(javax.servlet.http.HttpServletRequest)
2017-04-06 16:03:30.909  INFO 15760 --- [    Test worker] s.w.s.m.m.a.RequestMappingHandlerMapping : Mapped "{[/error],produces=[text/html]}" onto public org.springframework.web.servlet.ModelAndView org.springframework.boot.autoconfigure.web.BasicErrorController.errorHtml(javax.servlet.http.HttpServletRequest,javax.servlet.http.HttpServletResponse)
2017-04-06 16:03:30.926  INFO 15760 --- [    Test worker] o.s.w.s.handler.SimpleUrlHandlerMapping  : Mapped URL path [/webjars/**] onto handler of type [class org.springframework.web.servlet.resource.ResourceHttpRequestHandler]
2017-04-06 16:03:30.926  INFO 15760 --- [    Test worker] o.s.w.s.handler.SimpleUrlHandlerMapping  : Mapped URL path [/**] onto handler of type [class org.springframework.web.servlet.resource.ResourceHttpRequestHandler]
2017-04-06 16:03:30.934  INFO 15760 --- [    Test worker] o.s.w.s.handler.SimpleUrlHandlerMapping  : Mapped URL path [/**/favicon.ico] onto handler of type [class org.springframework.web.servlet.resource.ResourceHttpRequestHandler]
2017-04-06 16:03:30.964  INFO 15760 --- [    Test worker] s.w.s.m.m.a.RequestMappingHandlerAdapter : Looking for @ControllerAdvice: org.springframework.web.context.support.GenericWebApplicationContext@7057044e: startup date [Thu Apr 06 16:03:28 MDT 2017]; root of context hierarchy
2017-04-06 16:03:31.006  INFO 15760 --- [    Test worker] o.s.t.web.servlet.TestDispatcherServlet  : FrameworkServlet '': initialization completed in 241 ms
2017-04-06 16:03:31.178  INFO 15760 --- [    Test worker] com.example.LessonControllerTest         : Started LessonControllerTest in 12.377 seconds (JVM running for 56.045)
2017-04-06 16:03:31.207  INFO 15760 --- [    Test worker] o.s.t.c.transaction.TransactionContext   : Began transaction (1) for test context [DefaultTestContext@69cf1cd1 testClass = LessonControllerTest, testInstance = com.example.LessonControllerTest@74510802, testMethod = testCreateLesson1@LessonControllerTest, testException = [null], mergedContextConfiguration = [WebMergedContextConfiguration@6b80fe5f testClass = LessonControllerTest, locations = '{}', classes = '{class com.example.DemoApplication}', contextInitializerClasses = '[]', activeProfiles = '{}', propertySourceLocations = '{}', propertySourceProperties = '{org.springframework.boot.test.context.SpringBootTestContextBootstrapper=true}', contextCustomizers = set[[ImportsContextCustomizer@8fa9942 key = [Package Import com.example, org.springframework.boot.test.autoconfigure.web.servlet.MockMvcAutoConfiguration, org.springframework.boot.test.autoconfigure.web.servlet.MockMvcSecurityAutoConfiguration, org.springframework.boot.test.autoconfigure.web.servlet.MockMvcWebClientAutoConfiguration, org.springframework.boot.test.autoconfigure.web.servlet.MockMvcWebDriverAutoConfiguration]], org.springframework.boot.test.context.SpringBootTestContextCustomizer@44631fea, org.springframework.boot.test.context.filter.ExcludeFilterContextCustomizer@6e2c8338, org.springframework.boot.test.mock.mockito.MockitoContextCustomizer@0, org.springframework.boot.test.autoconfigure.properties.PropertyMappingContextCustomizer@e7e8512, org.springframework.boot.test.autoconfigure.web.servlet.WebDriverContextCustomizerFactory$Customizer@38a4aa], resourceBasePath = 'src/main/webapp', contextLoader = 'org.springframework.boot.test.context.SpringBootContextLoader', parent = [null]]]; transaction manager [org.springframework.orm.jpa.JpaTransactionManager@50d4bf14]; rollback [true]
2017-04-06 16:03:31.250  INFO 15760 --- [    Test worker] o.s.t.c.transaction.TransactionContext   : Rolled back transaction for test context [DefaultTestContext@69cf1cd1 testClass = LessonControllerTest, testInstance = com.example.LessonControllerTest@74510802, testMethod = testCreateLesson1@LessonControllerTest, testException = [null], mergedContextConfiguration = [WebMergedContextConfiguration@6b80fe5f testClass = LessonControllerTest, locations = '{}', classes = '{class com.example.DemoApplication}', contextInitializerClasses = '[]', activeProfiles = '{}', propertySourceLocations = '{}', propertySourceProperties = '{org.springframework.boot.test.context.SpringBootTestContextBootstrapper=true}', contextCustomizers = set[[ImportsContextCustomizer@8fa9942 key = [Package Import com.example, org.springframework.boot.test.autoconfigure.web.servlet.MockMvcAutoConfiguration, org.springframework.boot.test.autoconfigure.web.servlet.MockMvcSecurityAutoConfiguration, org.springframework.boot.test.autoconfigure.web.servlet.MockMvcWebClientAutoConfiguration, org.springframework.boot.test.autoconfigure.web.servlet.MockMvcWebDriverAutoConfiguration]], org.springframework.boot.test.context.SpringBootTestContextCustomizer@44631fea, org.springframework.boot.test.context.filter.ExcludeFilterContextCustomizer@6e2c8338, org.springframework.boot.test.mock.mockito.MockitoContextCustomizer@0, org.springframework.boot.test.autoconfigure.properties.PropertyMappingContextCustomizer@e7e8512, org.springframework.boot.test.autoconfigure.web.servlet.WebDriverContextCustomizerFactory$Customizer@38a4aa], resourceBasePath = 'src/main/webapp', contextLoader = 'org.springframework.boot.test.context.SpringBootContextLoader', parent = [null]]].
2017-04-06 16:03:31.253  INFO 15760 --- [    Test worker] o.s.t.c.transaction.TransactionContext   : Began transaction (1) for test context [DefaultTestContext@69cf1cd1 testClass = LessonControllerTest, testInstance = com.example.LessonControllerTest@318bc331, testMethod = testCreateLesson2@LessonControllerTest, testException = [null], mergedContextConfiguration = [WebMergedContextConfiguration@6b80fe5f testClass = LessonControllerTest, locations = '{}', classes = '{class com.example.DemoApplication}', contextInitializerClasses = '[]', activeProfiles = '{}', propertySourceLocations = '{}', propertySourceProperties = '{org.springframework.boot.test.context.SpringBootTestContextBootstrapper=true}', contextCustomizers = set[[ImportsContextCustomizer@8fa9942 key = [Package Import com.example, org.springframework.boot.test.autoconfigure.web.servlet.MockMvcAutoConfiguration, org.springframework.boot.test.autoconfigure.web.servlet.MockMvcSecurityAutoConfiguration, org.springframework.boot.test.autoconfigure.web.servlet.MockMvcWebClientAutoConfiguration, org.springframework.boot.test.autoconfigure.web.servlet.MockMvcWebDriverAutoConfiguration]], org.springframework.boot.test.context.SpringBootTestContextCustomizer@44631fea, org.springframework.boot.test.context.filter.ExcludeFilterContextCustomizer@6e2c8338, org.springframework.boot.test.mock.mockito.MockitoContextCustomizer@0, org.springframework.boot.test.autoconfigure.properties.PropertyMappingContextCustomizer@e7e8512, org.springframework.boot.test.autoconfigure.web.servlet.WebDriverContextCustomizerFactory$Customizer@38a4aa], resourceBasePath = 'src/main/webapp', contextLoader = 'org.springframework.boot.test.context.SpringBootContextLoader', parent = [null]]]; transaction manager [org.springframework.orm.jpa.JpaTransactionManager@50d4bf14]; rollback [false]
2017-04-06 16:03:31.262  INFO 15760 --- [    Test worker] o.s.t.c.transaction.TransactionContext   : Committed transaction for test context [DefaultTestContext@69cf1cd1 testClass = LessonControllerTest, testInstance = com.example.LessonControllerTest@318bc331, testMethod = testCreateLesson2@LessonControllerTest, testException = [null], mergedContextConfiguration = [WebMergedContextConfiguration@6b80fe5f testClass = LessonControllerTest, locations = '{}', classes = '{class com.example.DemoApplication}', contextInitializerClasses = '[]', activeProfiles = '{}', propertySourceLocations = '{}', propertySourceProperties = '{org.springframework.boot.test.context.SpringBootTestContextBootstrapper=true}', contextCustomizers = set[[ImportsContextCustomizer@8fa9942 key = [Package Import com.example, org.springframework.boot.test.autoconfigure.web.servlet.MockMvcAutoConfiguration, org.springframework.boot.test.autoconfigure.web.servlet.MockMvcSecurityAutoConfiguration, org.springframework.boot.test.autoconfigure.web.servlet.MockMvcWebClientAutoConfiguration, org.springframework.boot.test.autoconfigure.web.servlet.MockMvcWebDriverAutoConfiguration]], org.springframework.boot.test.context.SpringBootTestContextCustomizer@44631fea, org.springframework.boot.test.context.filter.ExcludeFilterContextCustomizer@6e2c8338, org.springframework.boot.test.mock.mockito.MockitoContextCustomizer@0, org.springframework.boot.test.autoconfigure.properties.PropertyMappingContextCustomizer@e7e8512, org.springframework.boot.test.autoconfigure.web.servlet.WebDriverContextCustomizerFactory$Customizer@38a4aa], resourceBasePath = 'src/main/webapp', contextLoader = 'org.springframework.boot.test.context.SpringBootContextLoader', parent = [null]]].
]]></system-out>
  <system-err><![CDATA[Loading class `com.mysql.jdbc.Driver'. This is deprecated. The new driver class is `com.mysql.cj.jdbc.Driver'. The driver is automatically registered via the SPI and manual loading of the driver class is generally unnecessary.
Thu Apr 06 16:03:29 MDT 2017 WARN: Establishing SSL connection without server's identity verification is not recommended. According to MySQL 5.5.45+, 5.6.26+ and 5.7.6+ requirements SSL connection must be established by default if explicit option isn't set. For compliance with existing applications not using SSL the verifyServerCertificate property is set to 'false'. You need either to explicitly disable SSL by setting useSSL=false, or set useSSL=true and provide truststore for server certificate verification.
Thu Apr 06 16:03:29 MDT 2017 WARN: Establishing SSL connection without server's identity verification is not recommended. According to MySQL 5.5.45+, 5.6.26+ and 5.7.6+ requirements SSL connection must be established by default if explicit option isn't set. For compliance with existing applications not using SSL the verifyServerCertificate property is set to 'false'. You need either to explicitly disable SSL by setting useSSL=false, or set useSSL=true and provide truststore for server certificate verification.
Thu Apr 06 16:03:29 MDT 2017 WARN: Establishing SSL connection without server's identity verification is not recommended. According to MySQL 5.5.45+, 5.6.26+ and 5.7.6+ requirements SSL connection must be established by default if explicit option isn't set. For compliance with existing applications not using SSL the verifyServerCertificate property is set to 'false'. You need either to explicitly disable SSL by setting useSSL=false, or set useSSL=true and provide truststore for server certificate verification.
Thu Apr 06 16:03:29 MDT 2017 WARN: Establishing SSL connection without server's identity verification is not recommended. According to MySQL 5.5.45+, 5.6.26+ and 5.7.6+ requirements SSL connection must be established by default if explicit option isn't set. For compliance with existing applications not using SSL the verifyServerCertificate property is set to 'false'. You need either to explicitly disable SSL by setting useSSL=false, or set useSSL=true and provide truststore for server certificate verification.
Thu Apr 06 16:03:29 MDT 2017 WARN: Establishing SSL connection without server's identity verification is not recommended. According to MySQL 5.5.45+, 5.6.26+ and 5.7.6+ requirements SSL connection must be established by default if explicit option isn't set. For compliance with existing applications not using SSL the verifyServerCertificate property is set to 'false'. You need either to explicitly disable SSL by setting useSSL=false, or set useSSL=true and provide truststore for server certificate verification.
Thu Apr 06 16:03:29 MDT 2017 WARN: Establishing SSL connection without server's identity verification is not recommended. According to MySQL 5.5.45+, 5.6.26+ and 5.7.6+ requirements SSL connection must be established by default if explicit option isn't set. For compliance with existing applications not using SSL the verifyServerCertificate property is set to 'false'. You need either to explicitly disable SSL by setting useSSL=false, or set useSSL=true and provide truststore for server certificate verification.
Thu Apr 06 16:03:29 MDT 2017 WARN: Establishing SSL connection without server's identity verification is not recommended. According to MySQL 5.5.45+, 5.6.26+ and 5.7.6+ requirements SSL connection must be established by default if explicit option isn't set. For compliance with existing applications not using SSL the verifyServerCertificate property is set to 'false'. You need either to explicitly disable SSL by setting useSSL=false, or set useSSL=true and provide truststore for server certificate verification.
Thu Apr 06 16:03:29 MDT 2017 WARN: Establishing SSL connection without server's identity verification is not recommended. According to MySQL 5.5.45+, 5.6.26+ and 5.7.6+ requirements SSL connection must be established by default if explicit option isn't set. For compliance with existing applications not using SSL the verifyServerCertificate property is set to 'false'. You need either to explicitly disable SSL by setting useSSL=false, or set useSSL=true and provide truststore for server certificate verification.
Thu Apr 06 16:03:29 MDT 2017 WARN: Establishing SSL connection without server's identity verification is not recommended. According to MySQL 5.5.45+, 5.6.26+ and 5.7.6+ requirements SSL connection must be established by default if explicit option isn't set. For compliance with existing applications not using SSL the verifyServerCertificate property is set to 'false'. You need either to explicitly disable SSL by setting useSSL=false, or set useSSL=true and provide truststore for server certificate verification.
Thu Apr 06 16:03:29 MDT 2017 WARN: Establishing SSL connection without server's identity verification is not recommended. According to MySQL 5.5.45+, 5.6.26+ and 5.7.6+ requirements SSL connection must be established by default if explicit option isn't set. For compliance with existing applications not using SSL the verifyServerCertificate property is set to 'false'. You need either to explicitly disable SSL by setting useSSL=false, or set useSSL=true and provide truststore for server certificate verification.
]]></system-err>
</testsuite>
