<?xml version="1.0" encoding="UTF-8"?>
<testsuite name="com.example.EndpointsControllerTest" tests="1" skipped="0" failures="0" errors="0" timestamp="2017-04-06T22:02:57" hostname="trainer18s-MacBook-Pro.local" time="0.05">
  <properties/>
  <testcase name="testIndexEndpoint" classname="com.example.EndpointsControllerTest" time="0.05"/>
  <system-out><![CDATA[2017-04-06 16:02:47.291  INFO 15760 --- [    Test worker] .b.t.a.w.s.WebMvcTestContextBootstrapper : Neither @ContextConfiguration nor @ContextHierarchy found for test class [com.example.EndpointsControllerTest], using SpringBootContextLoader
2017-04-06 16:02:47.292  INFO 15760 --- [    Test worker] o.s.t.c.support.AbstractContextLoader    : Could not detect default resource locations for test class [com.example.EndpointsControllerTest]: no resource found for suffixes {-context.xml, Context.groovy}.
2017-04-06 16:02:47.292  INFO 15760 --- [    Test worker] t.c.s.AnnotationConfigContextLoaderUtils : Could not detect default configuration classes for test class [com.example.EndpointsControllerTest]: EndpointsControllerTest does not declare any static, non-private, non-final, nested classes annotated with @Configuration.
2017-04-06 16:02:47.300  INFO 15760 --- [    Test worker] .b.t.c.SpringBootTestContextBootstrapper : Found @SpringBootConfiguration com.example.DemoApplication for test class com.example.EndpointsControllerTest
2017-04-06 16:02:47.302  INFO 15760 --- [    Test worker] .b.t.a.w.s.WebMvcTestContextBootstrapper : Loaded default TestExecutionListener class names from location [META-INF/spring.factories]: [org.springframework.boot.test.mock.mockito.MockitoTestExecutionListener, org.springframework.boot.test.mock.mockito.ResetMocksTestExecutionListener, org.springframework.boot.test.autoconfigure.restdocs.RestDocsTestExecutionListener, org.springframework.boot.test.autoconfigure.web.client.MockRestServiceServerResetTestExecutionListener, org.springframework.boot.test.autoconfigure.web.servlet.MockMvcPrintOnlyOnFailureTestExecutionListener, org.springframework.boot.test.autoconfigure.web.servlet.WebDriverTestExecutionListener, org.springframework.test.context.web.ServletTestExecutionListener, org.springframework.test.context.support.DirtiesContextBeforeModesTestExecutionListener, org.springframework.test.context.support.DependencyInjectionTestExecutionListener, org.springframework.test.context.support.DirtiesContextTestExecutionListener, org.springframework.test.context.transaction.TransactionalTestExecutionListener, org.springframework.test.context.jdbc.SqlScriptsTestExecutionListener]
2017-04-06 16:02:47.304  INFO 15760 --- [    Test worker] .b.t.a.w.s.WebMvcTestContextBootstrapper : Using TestExecutionListeners: [org.springframework.test.context.web.ServletTestExecutionListener@7549d6ca, org.springframework.test.context.support.DirtiesContextBeforeModesTestExecutionListener@67c4e034, org.springframework.boot.test.autoconfigure.SpringBootDependencyInjectionTestExecutionListener@4faa7b6e, org.springframework.test.context.support.DirtiesContextTestExecutionListener@5077a0d9, org.springframework.test.context.transaction.TransactionalTestExecutionListener@6b33d39b, org.springframework.test.context.jdbc.SqlScriptsTestExecutionListener@2bb64b89, org.springframework.boot.test.mock.mockito.MockitoTestExecutionListener@37db249a, org.springframework.boot.test.autoconfigure.restdocs.RestDocsTestExecutionListener@5a472bd0, org.springframework.boot.test.autoconfigure.web.servlet.WebDriverTestExecutionListener@2f9d8408, org.springframework.boot.test.autoconfigure.web.client.MockRestServiceServerResetTestExecutionListener@366e6871, org.springframework.boot.test.mock.mockito.ResetMocksTestExecutionListener@58ff65d2, org.springframework.boot.test.autoconfigure.web.servlet.MockMvcPrintOnlyOnFailureTestExecutionListener@3b85dcb6]

  .   ____          _            __ _ _
 /\\ / ___'_ __ _ _(_)_ __  __ _ \ \ \ \
( ( )\___ | '_ | '_| | '_ \/ _` | \ \ \ \
 \\/  ___)| |_)| | | | | || (_| |  ) ) ) )
  '  |____| .__|_| |_|_| |_\__, | / / / /
 =========|_|==============|___/=/_/_/_/
 :: Spring Boot ::        (v1.5.2.RELEASE)

2017-04-06 16:02:57.350  INFO 15760 --- [    Test worker] com.example.EndpointsControllerTest      : Starting EndpointsControllerTest on trainer18s-MacBook-Pro.local with PID 15760 (started by trainer18 in /Users/trainer18/Documents/git/spring-playground)
2017-04-06 16:02:57.350  INFO 15760 --- [    Test worker] com.example.EndpointsControllerTest      : No active profile set, falling back to default profiles: default
2017-04-06 16:02:57.353  INFO 15760 --- [    Test worker] o.s.w.c.s.GenericWebApplicationContext   : Refreshing org.springframework.web.context.support.GenericWebApplicationContext@172243aa: startup date [Thu Apr 06 16:02:57 MDT 2017]; root of context hierarchy
2017-04-06 16:02:57.612  INFO 15760 --- [    Test worker] s.w.s.m.m.a.RequestMappingHandlerAdapter : Looking for @ControllerAdvice: org.springframework.web.context.support.GenericWebApplicationContext@172243aa: startup date [Thu Apr 06 16:02:57 MDT 2017]; root of context hierarchy
2017-04-06 16:02:57.623  INFO 15760 --- [    Test worker] s.w.s.m.m.a.RequestMappingHandlerMapping : Mapped "{[/EndPointController],methods=[GET]}" onto public java.lang.String com.example.EndpointsController.helloWorld()
2017-04-06 16:02:57.624  INFO 15760 --- [    Test worker] s.w.s.m.m.a.RequestMappingHandlerMapping : Mapped "{[/error]}" onto public org.springframework.http.ResponseEntity<java.util.Map<java.lang.String, java.lang.Object>> org.springframework.boot.autoconfigure.web.BasicErrorController.error(javax.servlet.http.HttpServletRequest)
2017-04-06 16:02:57.624  INFO 15760 --- [    Test worker] s.w.s.m.m.a.RequestMappingHandlerMapping : Mapped "{[/error],produces=[text/html]}" onto public org.springframework.web.servlet.ModelAndView org.springframework.boot.autoconfigure.web.BasicErrorController.errorHtml(javax.servlet.http.HttpServletRequest,javax.servlet.http.HttpServletResponse)
2017-04-06 16:02:57.640  INFO 15760 --- [    Test worker] o.s.w.s.handler.SimpleUrlHandlerMapping  : Mapped URL path [/webjars/**] onto handler of type [class org.springframework.web.servlet.resource.ResourceHttpRequestHandler]
2017-04-06 16:02:57.640  INFO 15760 --- [    Test worker] o.s.w.s.handler.SimpleUrlHandlerMapping  : Mapped URL path [/**] onto handler of type [class org.springframework.web.servlet.resource.ResourceHttpRequestHandler]
2017-04-06 16:02:57.661  INFO 15760 --- [    Test worker] o.s.w.s.handler.SimpleUrlHandlerMapping  : Mapped URL path [/**/favicon.ico] onto handler of type [class org.springframework.web.servlet.resource.ResourceHttpRequestHandler]
2017-04-06 16:02:57.706  INFO 15760 --- [    Test worker] o.s.b.t.m.w.SpringBootMockServletContext : Initializing Spring FrameworkServlet ''
2017-04-06 16:02:57.706  INFO 15760 --- [    Test worker] o.s.t.web.servlet.TestDispatcherServlet  : FrameworkServlet '': initialization started
2017-04-06 16:02:57.712  INFO 15760 --- [    Test worker] o.s.t.web.servlet.TestDispatcherServlet  : FrameworkServlet '': initialization completed in 6 ms
2017-04-06 16:02:57.755  INFO 15760 --- [    Test worker] com.example.EndpointsControllerTest      : Started EndpointsControllerTest in 10.448 seconds (JVM running for 22.621)
]]></system-out>
  <system-err><![CDATA[]]></system-err>
</testsuite>
