<?xml version="1.0" encoding="UTF-8"?>
<testsuite name="com.example.tests.mathControllerTest" tests="13" skipped="0" failures="0" errors="0" timestamp="2017-05-25T17:15:31" hostname="trainer18s-MacBook-Pro.local" time="0.099">
  <properties/>
  <testcase name="testCalculateDivideByZeroOperation" classname="com.example.tests.mathControllerTest" time="0.014"/>
  <testcase name="testCalculateMultiplyOperation" classname="com.example.tests.mathControllerTest" time="0.004"/>
  <testcase name="testVolumePatch" classname="com.example.tests.mathControllerTest" time="0.005"/>
  <testcase name="testSum" classname="com.example.tests.mathControllerTest" time="0.007"/>
  <testcase name="testCalculateDivideOperation" classname="com.example.tests.mathControllerTest" time="0.006"/>
  <testcase name="testCalculateSubtractOperation" classname="com.example.tests.mathControllerTest" time="0.004"/>
  <testcase name="testAreaCircle" classname="com.example.tests.mathControllerTest" time="0.008"/>
  <testcase name="testAreaInvalidRectangle" classname="com.example.tests.mathControllerTest" time="0.008"/>
  <testcase name="testCalculateNoOperation" classname="com.example.tests.mathControllerTest" time="0.004"/>
  <testcase name="testAreaRectangle" classname="com.example.tests.mathControllerTest" time="0.005"/>
  <testcase name="testMathPI" classname="com.example.tests.mathControllerTest" time="0.006"/>
  <testcase name="testCalculateAddOperation" classname="com.example.tests.mathControllerTest" time="0.006"/>
  <testcase name="testVolumePost" classname="com.example.tests.mathControllerTest" time="0.005"/>
  <system-out><![CDATA[2017-05-25 11:15:21.149  INFO 54462 --- [    Test worker] .b.t.a.w.s.WebMvcTestContextBootstrapper : Neither @ContextConfiguration nor @ContextHierarchy found for test class [com.example.tests.mathControllerTest], using SpringBootContextLoader
2017-05-25 11:15:21.150  INFO 54462 --- [    Test worker] o.s.t.c.support.AbstractContextLoader    : Could not detect default resource locations for test class [com.example.tests.mathControllerTest]: no resource found for suffixes {-context.xml, Context.groovy}.
2017-05-25 11:15:21.150  INFO 54462 --- [    Test worker] t.c.s.AnnotationConfigContextLoaderUtils : Could not detect default configuration classes for test class [com.example.tests.mathControllerTest]: mathControllerTest does not declare any static, non-private, non-final, nested classes annotated with @Configuration.
2017-05-25 11:15:21.160  INFO 54462 --- [    Test worker] .b.t.c.SpringBootTestContextBootstrapper : Found @SpringBootConfiguration com.example.DemoApplication for test class com.example.tests.mathControllerTest
2017-05-25 11:15:21.162  INFO 54462 --- [    Test worker] .b.t.a.w.s.WebMvcTestContextBootstrapper : Loaded default TestExecutionListener class names from location [META-INF/spring.factories]: [org.springframework.security.test.context.support.WithSecurityContextTestExecutionListener, org.springframework.boot.test.mock.mockito.MockitoTestExecutionListener, org.springframework.boot.test.mock.mockito.ResetMocksTestExecutionListener, org.springframework.boot.test.autoconfigure.restdocs.RestDocsTestExecutionListener, org.springframework.boot.test.autoconfigure.web.client.MockRestServiceServerResetTestExecutionListener, org.springframework.boot.test.autoconfigure.web.servlet.MockMvcPrintOnlyOnFailureTestExecutionListener, org.springframework.boot.test.autoconfigure.web.servlet.WebDriverTestExecutionListener, org.springframework.test.context.web.ServletTestExecutionListener, org.springframework.test.context.support.DirtiesContextBeforeModesTestExecutionListener, org.springframework.test.context.support.DependencyInjectionTestExecutionListener, org.springframework.test.context.support.DirtiesContextTestExecutionListener, org.springframework.test.context.transaction.TransactionalTestExecutionListener, org.springframework.test.context.jdbc.SqlScriptsTestExecutionListener]
2017-05-25 11:15:21.163  INFO 54462 --- [    Test worker] .b.t.a.w.s.WebMvcTestContextBootstrapper : Using TestExecutionListeners: [org.springframework.test.context.web.ServletTestExecutionListener@64841e1a, org.springframework.test.context.support.DirtiesContextBeforeModesTestExecutionListener@25265f76, org.springframework.boot.test.autoconfigure.SpringBootDependencyInjectionTestExecutionListener@c041232, org.springframework.test.context.support.DirtiesContextTestExecutionListener@29f28950, org.springframework.test.context.transaction.TransactionalTestExecutionListener@6dc226ba, org.springframework.test.context.jdbc.SqlScriptsTestExecutionListener@7a88099b, org.springframework.security.test.context.support.WithSecurityContextTestExecutionListener@56b1117a, org.springframework.boot.test.mock.mockito.ResetMocksTestExecutionListener@6b34baf5, org.springframework.boot.test.autoconfigure.web.servlet.WebDriverTestExecutionListener@173fa6df, org.springframework.boot.test.mock.mockito.MockitoTestExecutionListener@2dc1b172, org.springframework.boot.test.autoconfigure.web.servlet.MockMvcPrintOnlyOnFailureTestExecutionListener@73a54f71, org.springframework.boot.test.autoconfigure.web.client.MockRestServiceServerResetTestExecutionListener@3d08b0e2, org.springframework.boot.test.autoconfigure.restdocs.RestDocsTestExecutionListener@57ebe0c2]

  .   ____          _            __ _ _
 /\\ / ___'_ __ _ _(_)_ __  __ _ \ \ \ \
( ( )\___ | '_ | '_| | '_ \/ _` | \ \ \ \
 \\/  ___)| |_)| | | | | || (_| |  ) ) ) )
  '  |____| .__|_| |_|_| |_\__, | / / / /
 =========|_|==============|___/=/_/_/_/
 :: Spring Boot ::        (v1.5.2.RELEASE)

2017-05-25 11:15:31.237  INFO 54462 --- [    Test worker] com.example.tests.mathControllerTest     : Starting mathControllerTest on trainer18s-MacBook-Pro.local with PID 54462 (started by trainer18 in /Users/trainer18/Documents/git/spring-playground)
2017-05-25 11:15:31.237  INFO 54462 --- [    Test worker] com.example.tests.mathControllerTest     : No active profile set, falling back to default profiles: default
2017-05-25 11:15:31.240  INFO 54462 --- [    Test worker] o.s.w.c.s.GenericWebApplicationContext   : Refreshing org.springframework.web.context.support.GenericWebApplicationContext@69855120: startup date [Thu May 25 11:15:31 MDT 2017]; root of context hierarchy
2017-05-25 11:15:31.507  INFO 54462 --- [    Test worker] s.w.s.m.m.a.RequestMappingHandlerAdapter : Looking for @ControllerAdvice: org.springframework.web.context.support.GenericWebApplicationContext@69855120: startup date [Thu May 25 11:15:31 MDT 2017]; root of context hierarchy
2017-05-25 11:15:31.515  INFO 54462 --- [    Test worker] s.w.s.m.m.a.RequestMappingHandlerMapping : Mapped "{[/math/sum],methods=[POST]}" onto public java.lang.String com.example.controller.mathController.sum(org.springframework.util.MultiValueMap<java.lang.String, java.lang.String>)
2017-05-25 11:15:31.515  INFO 54462 --- [    Test worker] s.w.s.m.m.a.RequestMappingHandlerMapping : Mapped "{[/math/pi],methods=[GET]}" onto public java.lang.String com.example.controller.mathController.getPI()
2017-05-25 11:15:31.516  INFO 54462 --- [    Test worker] s.w.s.m.m.a.RequestMappingHandlerMapping : Mapped "{[/math/calculate],methods=[GET]}" onto public java.lang.String com.example.controller.mathController.calculate(com.example.model.Calculate)
2017-05-25 11:15:31.516  INFO 54462 --- [    Test worker] s.w.s.m.m.a.RequestMappingHandlerMapping : Mapped "{[/math/volume/{length}/{width}/{height}]}" onto public java.lang.String com.example.controller.mathController.volume(com.example.model.Volume)
2017-05-25 11:15:31.516  INFO 54462 --- [    Test worker] s.w.s.m.m.a.RequestMappingHandlerMapping : Mapped "{[/math/area],methods=[POST],consumes=[application/x-www-form-urlencoded]}" onto public java.lang.String com.example.controller.mathController.area(com.example.model.Area)
2017-05-25 11:15:31.519  INFO 54462 --- [    Test worker] s.w.s.m.m.a.RequestMappingHandlerMapping : Mapped "{[/error]}" onto public org.springframework.http.ResponseEntity<java.util.Map<java.lang.String, java.lang.Object>> org.springframework.boot.autoconfigure.web.BasicErrorController.error(javax.servlet.http.HttpServletRequest)
2017-05-25 11:15:31.520  INFO 54462 --- [    Test worker] s.w.s.m.m.a.RequestMappingHandlerMapping : Mapped "{[/error],produces=[text/html]}" onto public org.springframework.web.servlet.ModelAndView org.springframework.boot.autoconfigure.web.BasicErrorController.errorHtml(javax.servlet.http.HttpServletRequest,javax.servlet.http.HttpServletResponse)
2017-05-25 11:15:31.538  INFO 54462 --- [    Test worker] o.s.w.s.handler.SimpleUrlHandlerMapping  : Mapped URL path [/webjars/**] onto handler of type [class org.springframework.web.servlet.resource.ResourceHttpRequestHandler]
2017-05-25 11:15:31.538  INFO 54462 --- [    Test worker] o.s.w.s.handler.SimpleUrlHandlerMapping  : Mapped URL path [/**] onto handler of type [class org.springframework.web.servlet.resource.ResourceHttpRequestHandler]
2017-05-25 11:15:31.553  INFO 54462 --- [    Test worker] o.s.w.s.handler.SimpleUrlHandlerMapping  : Mapped URL path [/**/favicon.ico] onto handler of type [class org.springframework.web.servlet.resource.ResourceHttpRequestHandler]
2017-05-25 11:15:31.590  INFO 54462 --- [    Test worker] o.s.b.t.m.w.SpringBootMockServletContext : Initializing Spring FrameworkServlet ''
2017-05-25 11:15:31.590  INFO 54462 --- [    Test worker] o.s.t.web.servlet.TestDispatcherServlet  : FrameworkServlet '': initialization started
2017-05-25 11:15:31.596  INFO 54462 --- [    Test worker] o.s.t.web.servlet.TestDispatcherServlet  : FrameworkServlet '': initialization completed in 6 ms
2017-05-25 11:15:31.627  INFO 54462 --- [    Test worker] com.example.tests.mathControllerTest     : Started mathControllerTest in 10.46 seconds (JVM running for 69.871)
Key = n
Values = [4, 5, 6]n
]]></system-out>
  <system-err><![CDATA[]]></system-err>
</testsuite>
