<?xml version="1.0" encoding="UTF-8"?>
<testsuite name="com.example.tests.EndpointsControllerTest" tests="1" skipped="0" failures="0" errors="0" timestamp="2017-05-25T17:14:44" hostname="trainer18s-MacBook-Pro.local" time="0.059">
  <properties/>
  <testcase name="testIndexEndpoint" classname="com.example.tests.EndpointsControllerTest" time="0.059"/>
  <system-out><![CDATA[2017-05-25 11:14:34.079  INFO 54462 --- [    Test worker] .b.t.a.w.s.WebMvcTestContextBootstrapper : Neither @ContextConfiguration nor @ContextHierarchy found for test class [com.example.tests.EndpointsControllerTest], using SpringBootContextLoader
2017-05-25 11:14:34.080  INFO 54462 --- [    Test worker] o.s.t.c.support.AbstractContextLoader    : Could not detect default resource locations for test class [com.example.tests.EndpointsControllerTest]: no resource found for suffixes {-context.xml, Context.groovy}.
2017-05-25 11:14:34.080  INFO 54462 --- [    Test worker] t.c.s.AnnotationConfigContextLoaderUtils : Could not detect default configuration classes for test class [com.example.tests.EndpointsControllerTest]: EndpointsControllerTest does not declare any static, non-private, non-final, nested classes annotated with @Configuration.
2017-05-25 11:14:34.094  INFO 54462 --- [    Test worker] .b.t.c.SpringBootTestContextBootstrapper : Found @SpringBootConfiguration com.example.DemoApplication for test class com.example.tests.EndpointsControllerTest
2017-05-25 11:14:34.097  INFO 54462 --- [    Test worker] .b.t.a.w.s.WebMvcTestContextBootstrapper : Loaded default TestExecutionListener class names from location [META-INF/spring.factories]: [org.springframework.security.test.context.support.WithSecurityContextTestExecutionListener, org.springframework.boot.test.mock.mockito.MockitoTestExecutionListener, org.springframework.boot.test.mock.mockito.ResetMocksTestExecutionListener, org.springframework.boot.test.autoconfigure.restdocs.RestDocsTestExecutionListener, org.springframework.boot.test.autoconfigure.web.client.MockRestServiceServerResetTestExecutionListener, org.springframework.boot.test.autoconfigure.web.servlet.MockMvcPrintOnlyOnFailureTestExecutionListener, org.springframework.boot.test.autoconfigure.web.servlet.WebDriverTestExecutionListener, org.springframework.test.context.web.ServletTestExecutionListener, org.springframework.test.context.support.DirtiesContextBeforeModesTestExecutionListener, org.springframework.test.context.support.DependencyInjectionTestExecutionListener, org.springframework.test.context.support.DirtiesContextTestExecutionListener, org.springframework.test.context.transaction.TransactionalTestExecutionListener, org.springframework.test.context.jdbc.SqlScriptsTestExecutionListener]
2017-05-25 11:14:34.099  INFO 54462 --- [    Test worker] .b.t.a.w.s.WebMvcTestContextBootstrapper : Using TestExecutionListeners: [org.springframework.test.context.web.ServletTestExecutionListener@b967a82, org.springframework.test.context.support.DirtiesContextBeforeModesTestExecutionListener@472d3950, org.springframework.boot.test.autoconfigure.SpringBootDependencyInjectionTestExecutionListener@11185a42, org.springframework.test.context.support.DirtiesContextTestExecutionListener@45a11004, org.springframework.test.context.transaction.TransactionalTestExecutionListener@7ddb3058, org.springframework.test.context.jdbc.SqlScriptsTestExecutionListener@5312610a, org.springframework.security.test.context.support.WithSecurityContextTestExecutionListener@8beb60, org.springframework.boot.test.mock.mockito.ResetMocksTestExecutionListener@4de7fa45, org.springframework.boot.test.autoconfigure.web.servlet.WebDriverTestExecutionListener@691a5a51, org.springframework.boot.test.mock.mockito.MockitoTestExecutionListener@29c06c49, org.springframework.boot.test.autoconfigure.web.servlet.MockMvcPrintOnlyOnFailureTestExecutionListener@764f52fa, org.springframework.boot.test.autoconfigure.web.client.MockRestServiceServerResetTestExecutionListener@408bba4, org.springframework.boot.test.autoconfigure.restdocs.RestDocsTestExecutionListener@3ffba1a6]

  .   ____          _            __ _ _
 /\\ / ___'_ __ _ _(_)_ __  __ _ \ \ \ \
( ( )\___ | '_ | '_| | '_ \/ _` | \ \ \ \
 \\/  ___)| |_)| | | | | || (_| |  ) ) ) )
  '  |____| .__|_| |_|_| |_\__, | / / / /
 =========|_|==============|___/=/_/_/_/
 :: Spring Boot ::        (v1.5.2.RELEASE)

2017-05-25 11:14:44.162  INFO 54462 --- [    Test worker] c.example.tests.EndpointsControllerTest  : Starting EndpointsControllerTest on trainer18s-MacBook-Pro.local with PID 54462 (started by trainer18 in /Users/trainer18/Documents/git/spring-playground)
2017-05-25 11:14:44.162  INFO 54462 --- [    Test worker] c.example.tests.EndpointsControllerTest  : No active profile set, falling back to default profiles: default
2017-05-25 11:14:44.165  INFO 54462 --- [    Test worker] o.s.w.c.s.GenericWebApplicationContext   : Refreshing org.springframework.web.context.support.GenericWebApplicationContext@1a9bed78: startup date [Thu May 25 11:14:44 MDT 2017]; root of context hierarchy
2017-05-25 11:14:44.439  INFO 54462 --- [    Test worker] s.w.s.m.m.a.RequestMappingHandlerAdapter : Looking for @ControllerAdvice: org.springframework.web.context.support.GenericWebApplicationContext@1a9bed78: startup date [Thu May 25 11:14:44 MDT 2017]; root of context hierarchy
2017-05-25 11:14:44.451  INFO 54462 --- [    Test worker] s.w.s.m.m.a.RequestMappingHandlerMapping : Mapped "{[/EndPointController],methods=[GET]}" onto public java.lang.String com.example.controller.EndpointsController.helloWorld()
2017-05-25 11:14:44.452  INFO 54462 --- [    Test worker] s.w.s.m.m.a.RequestMappingHandlerMapping : Mapped "{[/error]}" onto public org.springframework.http.ResponseEntity<java.util.Map<java.lang.String, java.lang.Object>> org.springframework.boot.autoconfigure.web.BasicErrorController.error(javax.servlet.http.HttpServletRequest)
2017-05-25 11:14:44.453  INFO 54462 --- [    Test worker] s.w.s.m.m.a.RequestMappingHandlerMapping : Mapped "{[/error],produces=[text/html]}" onto public org.springframework.web.servlet.ModelAndView org.springframework.boot.autoconfigure.web.BasicErrorController.errorHtml(javax.servlet.http.HttpServletRequest,javax.servlet.http.HttpServletResponse)
2017-05-25 11:14:44.472  INFO 54462 --- [    Test worker] o.s.w.s.handler.SimpleUrlHandlerMapping  : Mapped URL path [/webjars/**] onto handler of type [class org.springframework.web.servlet.resource.ResourceHttpRequestHandler]
2017-05-25 11:14:44.472  INFO 54462 --- [    Test worker] o.s.w.s.handler.SimpleUrlHandlerMapping  : Mapped URL path [/**] onto handler of type [class org.springframework.web.servlet.resource.ResourceHttpRequestHandler]
2017-05-25 11:14:44.492  INFO 54462 --- [    Test worker] o.s.w.s.handler.SimpleUrlHandlerMapping  : Mapped URL path [/**/favicon.ico] onto handler of type [class org.springframework.web.servlet.resource.ResourceHttpRequestHandler]
2017-05-25 11:14:44.532  INFO 54462 --- [    Test worker] o.s.b.t.m.w.SpringBootMockServletContext : Initializing Spring FrameworkServlet ''
2017-05-25 11:14:44.532  INFO 54462 --- [    Test worker] o.s.t.web.servlet.TestDispatcherServlet  : FrameworkServlet '': initialization started
2017-05-25 11:14:44.538  INFO 54462 --- [    Test worker] o.s.t.web.servlet.TestDispatcherServlet  : FrameworkServlet '': initialization completed in 6 ms
2017-05-25 11:14:44.595  INFO 54462 --- [    Test worker] c.example.tests.EndpointsControllerTest  : Started EndpointsControllerTest in 10.49 seconds (JVM running for 22.968)
]]></system-out>
  <system-err><![CDATA[]]></system-err>
</testsuite>
