<?xml version="1.0" encoding="UTF-8"?>
<testsuite name="com.example.EndpointsControllerTest" tests="1" skipped="0" failures="0" errors="0" timestamp="2017-04-06T23:18:49" hostname="trainer18s-MacBook-Pro.local" time="0.046">
  <properties/>
  <testcase name="testIndexEndpoint" classname="com.example.EndpointsControllerTest" time="0.046"/>
  <system-out><![CDATA[2017-04-06 17:18:39.118  INFO 16995 --- [    Test worker] .b.t.a.w.s.WebMvcTestContextBootstrapper : Neither @ContextConfiguration nor @ContextHierarchy found for test class [com.example.EndpointsControllerTest], using SpringBootContextLoader
2017-04-06 17:18:39.119  INFO 16995 --- [    Test worker] o.s.t.c.support.AbstractContextLoader    : Could not detect default resource locations for test class [com.example.EndpointsControllerTest]: no resource found for suffixes {-context.xml, Context.groovy}.
2017-04-06 17:18:39.120  INFO 16995 --- [    Test worker] t.c.s.AnnotationConfigContextLoaderUtils : Could not detect default configuration classes for test class [com.example.EndpointsControllerTest]: EndpointsControllerTest does not declare any static, non-private, non-final, nested classes annotated with @Configuration.
2017-04-06 17:18:39.128  INFO 16995 --- [    Test worker] .b.t.c.SpringBootTestContextBootstrapper : Found @SpringBootConfiguration com.example.DemoApplication for test class com.example.EndpointsControllerTest
2017-04-06 17:18:39.131  INFO 16995 --- [    Test worker] .b.t.a.w.s.WebMvcTestContextBootstrapper : Loaded default TestExecutionListener class names from location [META-INF/spring.factories]: [org.springframework.boot.test.mock.mockito.MockitoTestExecutionListener, org.springframework.boot.test.mock.mockito.ResetMocksTestExecutionListener, org.springframework.boot.test.autoconfigure.restdocs.RestDocsTestExecutionListener, org.springframework.boot.test.autoconfigure.web.client.MockRestServiceServerResetTestExecutionListener, org.springframework.boot.test.autoconfigure.web.servlet.MockMvcPrintOnlyOnFailureTestExecutionListener, org.springframework.boot.test.autoconfigure.web.servlet.WebDriverTestExecutionListener, org.springframework.test.context.web.ServletTestExecutionListener, org.springframework.test.context.support.DirtiesContextBeforeModesTestExecutionListener, org.springframework.test.context.support.DependencyInjectionTestExecutionListener, org.springframework.test.context.support.DirtiesContextTestExecutionListener, org.springframework.test.context.transaction.TransactionalTestExecutionListener, org.springframework.test.context.jdbc.SqlScriptsTestExecutionListener]
2017-04-06 17:18:39.132  INFO 16995 --- [    Test worker] .b.t.a.w.s.WebMvcTestContextBootstrapper : Using TestExecutionListeners: [org.springframework.test.context.web.ServletTestExecutionListener@10e3c9a3, org.springframework.test.context.support.DirtiesContextBeforeModesTestExecutionListener@4c9fe7f4, org.springframework.boot.test.autoconfigure.SpringBootDependencyInjectionTestExecutionListener@c93a378, org.springframework.test.context.support.DirtiesContextTestExecutionListener@24530ca7, org.springframework.test.context.transaction.TransactionalTestExecutionListener@2a73675f, org.springframework.test.context.jdbc.SqlScriptsTestExecutionListener@196085a2, org.springframework.boot.test.autoconfigure.restdocs.RestDocsTestExecutionListener@8f97d95, org.springframework.boot.test.autoconfigure.web.client.MockRestServiceServerResetTestExecutionListener@34f36e19, org.springframework.boot.test.autoconfigure.web.servlet.MockMvcPrintOnlyOnFailureTestExecutionListener@50bae47, org.springframework.boot.test.mock.mockito.MockitoTestExecutionListener@18db76d1, org.springframework.boot.test.mock.mockito.ResetMocksTestExecutionListener@5b8da58a, org.springframework.boot.test.autoconfigure.web.servlet.WebDriverTestExecutionListener@74219b44]

  .   ____          _            __ _ _
 /\\ / ___'_ __ _ _(_)_ __  __ _ \ \ \ \
( ( )\___ | '_ | '_| | '_ \/ _` | \ \ \ \
 \\/  ___)| |_)| | | | | || (_| |  ) ) ) )
  '  |____| .__|_| |_|_| |_\__, | / / / /
 =========|_|==============|___/=/_/_/_/
 :: Spring Boot ::        (v1.5.2.RELEASE)

2017-04-06 17:18:49.178  INFO 16995 --- [    Test worker] com.example.EndpointsControllerTest      : Starting EndpointsControllerTest on trainer18s-MacBook-Pro.local with PID 16995 (started by trainer18 in /Users/trainer18/Documents/git/spring-playground)
2017-04-06 17:18:49.178  INFO 16995 --- [    Test worker] com.example.EndpointsControllerTest      : No active profile set, falling back to default profiles: default
2017-04-06 17:18:49.181  INFO 16995 --- [    Test worker] o.s.w.c.s.GenericWebApplicationContext   : Refreshing org.springframework.web.context.support.GenericWebApplicationContext@734cf2e4: startup date [Thu Apr 06 17:18:49 MDT 2017]; root of context hierarchy
2017-04-06 17:18:49.428  INFO 16995 --- [    Test worker] s.w.s.m.m.a.RequestMappingHandlerAdapter : Looking for @ControllerAdvice: org.springframework.web.context.support.GenericWebApplicationContext@734cf2e4: startup date [Thu Apr 06 17:18:49 MDT 2017]; root of context hierarchy
2017-04-06 17:18:49.439  INFO 16995 --- [    Test worker] s.w.s.m.m.a.RequestMappingHandlerMapping : Mapped "{[/EndPointController],methods=[GET]}" onto public java.lang.String com.example.EndpointsController.helloWorld()
2017-04-06 17:18:49.440  INFO 16995 --- [    Test worker] s.w.s.m.m.a.RequestMappingHandlerMapping : Mapped "{[/error]}" onto public org.springframework.http.ResponseEntity<java.util.Map<java.lang.String, java.lang.Object>> org.springframework.boot.autoconfigure.web.BasicErrorController.error(javax.servlet.http.HttpServletRequest)
2017-04-06 17:18:49.440  INFO 16995 --- [    Test worker] s.w.s.m.m.a.RequestMappingHandlerMapping : Mapped "{[/error],produces=[text/html]}" onto public org.springframework.web.servlet.ModelAndView org.springframework.boot.autoconfigure.web.BasicErrorController.errorHtml(javax.servlet.http.HttpServletRequest,javax.servlet.http.HttpServletResponse)
2017-04-06 17:18:49.459  INFO 16995 --- [    Test worker] o.s.w.s.handler.SimpleUrlHandlerMapping  : Mapped URL path [/webjars/**] onto handler of type [class org.springframework.web.servlet.resource.ResourceHttpRequestHandler]
2017-04-06 17:18:49.459  INFO 16995 --- [    Test worker] o.s.w.s.handler.SimpleUrlHandlerMapping  : Mapped URL path [/**] onto handler of type [class org.springframework.web.servlet.resource.ResourceHttpRequestHandler]
2017-04-06 17:18:49.493  INFO 16995 --- [    Test worker] o.s.w.s.handler.SimpleUrlHandlerMapping  : Mapped URL path [/**/favicon.ico] onto handler of type [class org.springframework.web.servlet.resource.ResourceHttpRequestHandler]
2017-04-06 17:18:49.535  INFO 16995 --- [    Test worker] o.s.b.t.m.w.SpringBootMockServletContext : Initializing Spring FrameworkServlet ''
2017-04-06 17:18:49.535  INFO 16995 --- [    Test worker] o.s.t.web.servlet.TestDispatcherServlet  : FrameworkServlet '': initialization started
2017-04-06 17:18:49.540  INFO 16995 --- [    Test worker] o.s.t.web.servlet.TestDispatcherServlet  : FrameworkServlet '': initialization completed in 5 ms
2017-04-06 17:18:49.579  INFO 16995 --- [    Test worker] com.example.EndpointsControllerTest      : Started EndpointsControllerTest in 10.442 seconds (JVM running for 22.68)
]]></system-out>
  <system-err><![CDATA[]]></system-err>
</testsuite>
