<?xml version="1.0" encoding="UTF-8"?>
<testsuite name="com.example.HelloControllerTest" tests="1" skipped="0" failures="0" errors="0" timestamp="2017-04-06T21:21:35" hostname="trainer18s-MacBook-Pro.local" time="0.005">
  <properties/>
  <testcase name="testIndexEndpoint" classname="com.example.HelloControllerTest" time="0.005"/>
  <system-out><![CDATA[2017-04-06 15:21:25.387  INFO 14999 --- [    Test worker] .b.t.a.w.s.WebMvcTestContextBootstrapper : Neither @ContextConfiguration nor @ContextHierarchy found for test class [com.example.HelloControllerTest], using SpringBootContextLoader
2017-04-06 15:21:25.387  INFO 14999 --- [    Test worker] o.s.t.c.support.AbstractContextLoader    : Could not detect default resource locations for test class [com.example.HelloControllerTest]: no resource found for suffixes {-context.xml, Context.groovy}.
2017-04-06 15:21:25.387  INFO 14999 --- [    Test worker] t.c.s.AnnotationConfigContextLoaderUtils : Could not detect default configuration classes for test class [com.example.HelloControllerTest]: HelloControllerTest does not declare any static, non-private, non-final, nested classes annotated with @Configuration.
2017-04-06 15:21:25.397  INFO 14999 --- [    Test worker] .b.t.c.SpringBootTestContextBootstrapper : Found @SpringBootConfiguration com.example.DemoApplication for test class com.example.HelloControllerTest
2017-04-06 15:21:25.399  INFO 14999 --- [    Test worker] .b.t.a.w.s.WebMvcTestContextBootstrapper : Loaded default TestExecutionListener class names from location [META-INF/spring.factories]: [org.springframework.boot.test.mock.mockito.MockitoTestExecutionListener, org.springframework.boot.test.mock.mockito.ResetMocksTestExecutionListener, org.springframework.boot.test.autoconfigure.restdocs.RestDocsTestExecutionListener, org.springframework.boot.test.autoconfigure.web.client.MockRestServiceServerResetTestExecutionListener, org.springframework.boot.test.autoconfigure.web.servlet.MockMvcPrintOnlyOnFailureTestExecutionListener, org.springframework.boot.test.autoconfigure.web.servlet.WebDriverTestExecutionListener, org.springframework.test.context.web.ServletTestExecutionListener, org.springframework.test.context.support.DirtiesContextBeforeModesTestExecutionListener, org.springframework.test.context.support.DependencyInjectionTestExecutionListener, org.springframework.test.context.support.DirtiesContextTestExecutionListener, org.springframework.test.context.transaction.TransactionalTestExecutionListener, org.springframework.test.context.jdbc.SqlScriptsTestExecutionListener]
2017-04-06 15:21:25.401  INFO 14999 --- [    Test worker] .b.t.a.w.s.WebMvcTestContextBootstrapper : Using TestExecutionListeners: [org.springframework.test.context.web.ServletTestExecutionListener@9545130, org.springframework.test.context.support.DirtiesContextBeforeModesTestExecutionListener@7228235f, org.springframework.boot.test.autoconfigure.SpringBootDependencyInjectionTestExecutionListener@77aead60, org.springframework.test.context.support.DirtiesContextTestExecutionListener@c65c109, org.springframework.test.context.transaction.TransactionalTestExecutionListener@2793dc64, org.springframework.test.context.jdbc.SqlScriptsTestExecutionListener@14122112, org.springframework.boot.test.mock.mockito.ResetMocksTestExecutionListener@16d54b5d, org.springframework.boot.test.autoconfigure.web.client.MockRestServiceServerResetTestExecutionListener@341aad07, org.springframework.boot.test.autoconfigure.restdocs.RestDocsTestExecutionListener@d53371c, org.springframework.boot.test.autoconfigure.web.servlet.MockMvcPrintOnlyOnFailureTestExecutionListener@8cc8d15, org.springframework.boot.test.autoconfigure.web.servlet.WebDriverTestExecutionListener@34ffa0f2, org.springframework.boot.test.mock.mockito.MockitoTestExecutionListener@55ec51ff]

  .   ____          _            __ _ _
 /\\ / ___'_ __ _ _(_)_ __  __ _ \ \ \ \
( ( )\___ | '_ | '_| | '_ \/ _` | \ \ \ \
 \\/  ___)| |_)| | | | | || (_| |  ) ) ) )
  '  |____| .__|_| |_|_| |_\__, | / / / /
 =========|_|==============|___/=/_/_/_/
 :: Spring Boot ::        (v1.5.2.RELEASE)

2017-04-06 15:21:35.440  INFO 14999 --- [    Test worker] com.example.HelloControllerTest          : Starting HelloControllerTest on trainer18s-MacBook-Pro.local with PID 14999 (started by trainer18 in /Users/trainer18/Documents/git/spring-playground)
2017-04-06 15:21:35.440  INFO 14999 --- [    Test worker] com.example.HelloControllerTest          : No active profile set, falling back to default profiles: default
2017-04-06 15:21:35.443  INFO 14999 --- [    Test worker] o.s.w.c.s.GenericWebApplicationContext   : Refreshing org.springframework.web.context.support.GenericWebApplicationContext@2ab574cf: startup date [Thu Apr 06 15:21:35 MDT 2017]; root of context hierarchy
2017-04-06 15:21:35.680  INFO 14999 --- [    Test worker] s.w.s.m.m.a.RequestMappingHandlerAdapter : Looking for @ControllerAdvice: org.springframework.web.context.support.GenericWebApplicationContext@2ab574cf: startup date [Thu Apr 06 15:21:35 MDT 2017]; root of context hierarchy
2017-04-06 15:21:35.689  INFO 14999 --- [    Test worker] s.w.s.m.m.a.RequestMappingHandlerMapping : Mapped "{[/hello]}" onto public java.lang.String com.example.HelloController.helloWorld()
2017-04-06 15:21:35.690  INFO 14999 --- [    Test worker] s.w.s.m.m.a.RequestMappingHandlerMapping : Mapped "{[/error]}" onto public org.springframework.http.ResponseEntity<java.util.Map<java.lang.String, java.lang.Object>> org.springframework.boot.autoconfigure.web.BasicErrorController.error(javax.servlet.http.HttpServletRequest)
2017-04-06 15:21:35.690  INFO 14999 --- [    Test worker] s.w.s.m.m.a.RequestMappingHandlerMapping : Mapped "{[/error],produces=[text/html]}" onto public org.springframework.web.servlet.ModelAndView org.springframework.boot.autoconfigure.web.BasicErrorController.errorHtml(javax.servlet.http.HttpServletRequest,javax.servlet.http.HttpServletResponse)
2017-04-06 15:21:35.704  INFO 14999 --- [    Test worker] o.s.w.s.handler.SimpleUrlHandlerMapping  : Mapped URL path [/webjars/**] onto handler of type [class org.springframework.web.servlet.resource.ResourceHttpRequestHandler]
2017-04-06 15:21:35.705  INFO 14999 --- [    Test worker] o.s.w.s.handler.SimpleUrlHandlerMapping  : Mapped URL path [/**] onto handler of type [class org.springframework.web.servlet.resource.ResourceHttpRequestHandler]
2017-04-06 15:21:35.724  INFO 14999 --- [    Test worker] o.s.w.s.handler.SimpleUrlHandlerMapping  : Mapped URL path [/**/favicon.ico] onto handler of type [class org.springframework.web.servlet.resource.ResourceHttpRequestHandler]
2017-04-06 15:21:35.768  INFO 14999 --- [    Test worker] o.s.b.t.m.w.SpringBootMockServletContext : Initializing Spring FrameworkServlet ''
2017-04-06 15:21:35.768  INFO 14999 --- [    Test worker] o.s.t.web.servlet.TestDispatcherServlet  : FrameworkServlet '': initialization started
2017-04-06 15:21:35.784  INFO 14999 --- [    Test worker] o.s.t.web.servlet.TestDispatcherServlet  : FrameworkServlet '': initialization completed in 16 ms
2017-04-06 15:21:35.819  INFO 14999 --- [    Test worker] com.example.HelloControllerTest          : Started HelloControllerTest in 10.413 seconds (JVM running for 33.19)
]]></system-out>
  <system-err><![CDATA[]]></system-err>
</testsuite>
