<?xml version="1.0" encoding="UTF-8"?>
<testsuite name="com.example.mathControllerTest" tests="13" skipped="0" failures="0" errors="0" timestamp="2017-04-09T15:46:19" hostname="trainer18s-MacBook-Pro.local" time="0.046">
  <properties/>
  <testcase name="testCalculateDivideByZeroOperation" classname="com.example.mathControllerTest" time="0.007"/>
  <testcase name="testCalculateMultiplyOperation" classname="com.example.mathControllerTest" time="0.002"/>
  <testcase name="testVolumePatch" classname="com.example.mathControllerTest" time="0.003"/>
  <testcase name="testSum" classname="com.example.mathControllerTest" time="0.004"/>
  <testcase name="testCalculateDivideOperation" classname="com.example.mathControllerTest" time="0.002"/>
  <testcase name="testCalculateSubtractOperation" classname="com.example.mathControllerTest" time="0.003"/>
  <testcase name="testAreaCircle" classname="com.example.mathControllerTest" time="0.004"/>
  <testcase name="testAreaInvalidRectangle" classname="com.example.mathControllerTest" time="0.003"/>
  <testcase name="testCalculateNoOperation" classname="com.example.mathControllerTest" time="0.003"/>
  <testcase name="testAreaRectangle" classname="com.example.mathControllerTest" time="0.003"/>
  <testcase name="testMathPI" classname="com.example.mathControllerTest" time="0.002"/>
  <testcase name="testCalculateAddOperation" classname="com.example.mathControllerTest" time="0.002"/>
  <testcase name="testVolumePost" classname="com.example.mathControllerTest" time="0.002"/>
  <system-out><![CDATA[2017-04-09 09:46:08.755  INFO 4375 --- [    Test worker] .b.t.a.w.s.WebMvcTestContextBootstrapper : Neither @ContextConfiguration nor @ContextHierarchy found for test class [com.example.mathControllerTest], using SpringBootContextLoader
2017-04-09 09:46:08.755  INFO 4375 --- [    Test worker] o.s.t.c.support.AbstractContextLoader    : Could not detect default resource locations for test class [com.example.mathControllerTest]: no resource found for suffixes {-context.xml, Context.groovy}.
2017-04-09 09:46:08.755  INFO 4375 --- [    Test worker] t.c.s.AnnotationConfigContextLoaderUtils : Could not detect default configuration classes for test class [com.example.mathControllerTest]: mathControllerTest does not declare any static, non-private, non-final, nested classes annotated with @Configuration.
2017-04-09 09:46:08.765  INFO 4375 --- [    Test worker] .b.t.c.SpringBootTestContextBootstrapper : Found @SpringBootConfiguration com.example.DemoApplication for test class com.example.mathControllerTest
2017-04-09 09:46:08.768  INFO 4375 --- [    Test worker] .b.t.a.w.s.WebMvcTestContextBootstrapper : Loaded default TestExecutionListener class names from location [META-INF/spring.factories]: [org.springframework.boot.test.mock.mockito.MockitoTestExecutionListener, org.springframework.boot.test.mock.mockito.ResetMocksTestExecutionListener, org.springframework.boot.test.autoconfigure.restdocs.RestDocsTestExecutionListener, org.springframework.boot.test.autoconfigure.web.client.MockRestServiceServerResetTestExecutionListener, org.springframework.boot.test.autoconfigure.web.servlet.MockMvcPrintOnlyOnFailureTestExecutionListener, org.springframework.boot.test.autoconfigure.web.servlet.WebDriverTestExecutionListener, org.springframework.test.context.web.ServletTestExecutionListener, org.springframework.test.context.support.DirtiesContextBeforeModesTestExecutionListener, org.springframework.test.context.support.DependencyInjectionTestExecutionListener, org.springframework.test.context.support.DirtiesContextTestExecutionListener, org.springframework.test.context.transaction.TransactionalTestExecutionListener, org.springframework.test.context.jdbc.SqlScriptsTestExecutionListener]
2017-04-09 09:46:08.770  INFO 4375 --- [    Test worker] .b.t.a.w.s.WebMvcTestContextBootstrapper : Using TestExecutionListeners: [org.springframework.test.context.web.ServletTestExecutionListener@73696baa, org.springframework.test.context.support.DirtiesContextBeforeModesTestExecutionListener@2121672a, org.springframework.boot.test.autoconfigure.SpringBootDependencyInjectionTestExecutionListener@6a6d9bf8, org.springframework.test.context.support.DirtiesContextTestExecutionListener@1e573e05, org.springframework.test.context.transaction.TransactionalTestExecutionListener@265b325e, org.springframework.test.context.jdbc.SqlScriptsTestExecutionListener@c691988, org.springframework.boot.test.mock.mockito.ResetMocksTestExecutionListener@a5df1a6, org.springframework.boot.test.autoconfigure.web.servlet.MockMvcPrintOnlyOnFailureTestExecutionListener@2d5d51fe, org.springframework.boot.test.autoconfigure.restdocs.RestDocsTestExecutionListener@526b5fc9, org.springframework.boot.test.autoconfigure.web.servlet.WebDriverTestExecutionListener@168ab955, org.springframework.boot.test.autoconfigure.web.client.MockRestServiceServerResetTestExecutionListener@733fbae3, org.springframework.boot.test.mock.mockito.MockitoTestExecutionListener@342ad7db]

  .   ____          _            __ _ _
 /\\ / ___'_ __ _ _(_)_ __  __ _ \ \ \ \
( ( )\___ | '_ | '_| | '_ \/ _` | \ \ \ \
 \\/  ___)| |_)| | | | | || (_| |  ) ) ) )
  '  |____| .__|_| |_|_| |_\__, | / / / /
 =========|_|==============|___/=/_/_/_/
 :: Spring Boot ::        (v1.5.2.RELEASE)

2017-04-09 09:46:18.837  INFO 4375 --- [    Test worker] com.example.mathControllerTest           : Starting mathControllerTest on trainer18s-MacBook-Pro.local with PID 4375 (started by trainer18 in /Users/trainer18/Documents/git/spring-playground)
2017-04-09 09:46:18.838  INFO 4375 --- [    Test worker] com.example.mathControllerTest           : No active profile set, falling back to default profiles: default
2017-04-09 09:46:18.841  INFO 4375 --- [    Test worker] o.s.w.c.s.GenericWebApplicationContext   : Refreshing org.springframework.web.context.support.GenericWebApplicationContext@79046d69: startup date [Sun Apr 09 09:46:18 MDT 2017]; root of context hierarchy
2017-04-09 09:46:19.093  INFO 4375 --- [    Test worker] s.w.s.m.m.a.RequestMappingHandlerAdapter : Looking for @ControllerAdvice: org.springframework.web.context.support.GenericWebApplicationContext@79046d69: startup date [Sun Apr 09 09:46:18 MDT 2017]; root of context hierarchy
2017-04-09 09:46:19.103  INFO 4375 --- [    Test worker] s.w.s.m.m.a.RequestMappingHandlerMapping : Mapped "{[/math/sum],methods=[POST]}" onto public java.lang.String com.example.mathController.sum(org.springframework.util.MultiValueMap<java.lang.String, java.lang.String>)
2017-04-09 09:46:19.104  INFO 4375 --- [    Test worker] s.w.s.m.m.a.RequestMappingHandlerMapping : Mapped "{[/math/pi],methods=[GET]}" onto public java.lang.String com.example.mathController.getPI()
2017-04-09 09:46:19.104  INFO 4375 --- [    Test worker] s.w.s.m.m.a.RequestMappingHandlerMapping : Mapped "{[/math/calculate],methods=[GET]}" onto public java.lang.String com.example.mathController.calculate(com.example.model.Calculate)
2017-04-09 09:46:19.104  INFO 4375 --- [    Test worker] s.w.s.m.m.a.RequestMappingHandlerMapping : Mapped "{[/math/volume/{length}/{width}/{height}]}" onto public java.lang.String com.example.mathController.volume(com.example.model.Volume)
2017-04-09 09:46:19.105  INFO 4375 --- [    Test worker] s.w.s.m.m.a.RequestMappingHandlerMapping : Mapped "{[/math/area],methods=[POST],consumes=[application/x-www-form-urlencoded]}" onto public java.lang.String com.example.mathController.area(com.example.model.Area)
2017-04-09 09:46:19.108  INFO 4375 --- [    Test worker] s.w.s.m.m.a.RequestMappingHandlerMapping : Mapped "{[/error]}" onto public org.springframework.http.ResponseEntity<java.util.Map<java.lang.String, java.lang.Object>> org.springframework.boot.autoconfigure.web.BasicErrorController.error(javax.servlet.http.HttpServletRequest)
2017-04-09 09:46:19.108  INFO 4375 --- [    Test worker] s.w.s.m.m.a.RequestMappingHandlerMapping : Mapped "{[/error],produces=[text/html]}" onto public org.springframework.web.servlet.ModelAndView org.springframework.boot.autoconfigure.web.BasicErrorController.errorHtml(javax.servlet.http.HttpServletRequest,javax.servlet.http.HttpServletResponse)
2017-04-09 09:46:19.124  INFO 4375 --- [    Test worker] o.s.w.s.handler.SimpleUrlHandlerMapping  : Mapped URL path [/webjars/**] onto handler of type [class org.springframework.web.servlet.resource.ResourceHttpRequestHandler]
2017-04-09 09:46:19.124  INFO 4375 --- [    Test worker] o.s.w.s.handler.SimpleUrlHandlerMapping  : Mapped URL path [/**] onto handler of type [class org.springframework.web.servlet.resource.ResourceHttpRequestHandler]
2017-04-09 09:46:19.144  INFO 4375 --- [    Test worker] o.s.w.s.handler.SimpleUrlHandlerMapping  : Mapped URL path [/**/favicon.ico] onto handler of type [class org.springframework.web.servlet.resource.ResourceHttpRequestHandler]
2017-04-09 09:46:19.190  INFO 4375 --- [    Test worker] o.s.b.t.m.w.SpringBootMockServletContext : Initializing Spring FrameworkServlet ''
2017-04-09 09:46:19.190  INFO 4375 --- [    Test worker] o.s.t.web.servlet.TestDispatcherServlet  : FrameworkServlet '': initialization started
2017-04-09 09:46:19.196  INFO 4375 --- [    Test worker] o.s.t.web.servlet.TestDispatcherServlet  : FrameworkServlet '': initialization completed in 6 ms
2017-04-09 09:46:19.256  INFO 4375 --- [    Test worker] com.example.mathControllerTest           : Started mathControllerTest in 10.482 seconds (JVM running for 66.786)
Key = n
Values = [4, 5, 6]n
]]></system-out>
  <system-err><![CDATA[]]></system-err>
</testsuite>
