<?xml version="1.0" encoding="UTF-8"?>
<testsuite name="com.example.EndpointsControllerTest" tests="1" skipped="0" failures="0" errors="0" timestamp="2017-04-05T18:12:00" hostname="trainer18s-MacBook-Pro.local" time="0.04">
  <properties/>
  <testcase name="testIndexEndpoint" classname="com.example.EndpointsControllerTest" time="0.04"/>
  <system-out><![CDATA[2017-04-05 12:11:49.963  INFO 2772 --- [    Test worker] .b.t.a.w.s.WebMvcTestContextBootstrapper : Neither @ContextConfiguration nor @ContextHierarchy found for test class [com.example.EndpointsControllerTest], using SpringBootContextLoader
2017-04-05 12:11:49.964  INFO 2772 --- [    Test worker] o.s.t.c.support.AbstractContextLoader    : Could not detect default resource locations for test class [com.example.EndpointsControllerTest]: no resource found for suffixes {-context.xml, Context.groovy}.
2017-04-05 12:11:49.964  INFO 2772 --- [    Test worker] t.c.s.AnnotationConfigContextLoaderUtils : Could not detect default configuration classes for test class [com.example.EndpointsControllerTest]: EndpointsControllerTest does not declare any static, non-private, non-final, nested classes annotated with @Configuration.
2017-04-05 12:11:49.984  INFO 2772 --- [    Test worker] .b.t.c.SpringBootTestContextBootstrapper : Found @SpringBootConfiguration com.example.DemoApplication for test class com.example.EndpointsControllerTest
2017-04-05 12:11:49.987  INFO 2772 --- [    Test worker] .b.t.a.w.s.WebMvcTestContextBootstrapper : Loaded default TestExecutionListener class names from location [META-INF/spring.factories]: [org.springframework.boot.test.mock.mockito.MockitoTestExecutionListener, org.springframework.boot.test.mock.mockito.ResetMocksTestExecutionListener, org.springframework.boot.test.autoconfigure.restdocs.RestDocsTestExecutionListener, org.springframework.boot.test.autoconfigure.web.client.MockRestServiceServerResetTestExecutionListener, org.springframework.boot.test.autoconfigure.web.servlet.MockMvcPrintOnlyOnFailureTestExecutionListener, org.springframework.boot.test.autoconfigure.web.servlet.WebDriverTestExecutionListener, org.springframework.test.context.web.ServletTestExecutionListener, org.springframework.test.context.support.DirtiesContextBeforeModesTestExecutionListener, org.springframework.test.context.support.DependencyInjectionTestExecutionListener, org.springframework.test.context.support.DirtiesContextTestExecutionListener, org.springframework.test.context.transaction.TransactionalTestExecutionListener, org.springframework.test.context.jdbc.SqlScriptsTestExecutionListener]
2017-04-05 12:11:49.988  INFO 2772 --- [    Test worker] .b.t.a.w.s.WebMvcTestContextBootstrapper : Using TestExecutionListeners: [org.springframework.test.context.web.ServletTestExecutionListener@431c598e, org.springframework.test.context.support.DirtiesContextBeforeModesTestExecutionListener@26581238, org.springframework.boot.test.autoconfigure.SpringBootDependencyInjectionTestExecutionListener@701098eb, org.springframework.test.context.support.DirtiesContextTestExecutionListener@4b40ec6, org.springframework.test.context.transaction.TransactionalTestExecutionListener@2545e7f7, org.springframework.test.context.jdbc.SqlScriptsTestExecutionListener@436ae8b5, org.springframework.boot.test.mock.mockito.MockitoTestExecutionListener@37c9f7f3, org.springframework.boot.test.mock.mockito.ResetMocksTestExecutionListener@132f0df2, org.springframework.boot.test.autoconfigure.web.servlet.MockMvcPrintOnlyOnFailureTestExecutionListener@19df2a3f, org.springframework.boot.test.autoconfigure.web.servlet.WebDriverTestExecutionListener@de456f1, org.springframework.boot.test.autoconfigure.web.client.MockRestServiceServerResetTestExecutionListener@75ea5ed1, org.springframework.boot.test.autoconfigure.restdocs.RestDocsTestExecutionListener@1ec19d03]

  .   ____          _            __ _ _
 /\\ / ___'_ __ _ _(_)_ __  __ _ \ \ \ \
( ( )\___ | '_ | '_| | '_ \/ _` | \ \ \ \
 \\/  ___)| |_)| | | | | || (_| |  ) ) ) )
  '  |____| .__|_| |_|_| |_\__, | / / / /
 =========|_|==============|___/=/_/_/_/
 :: Spring Boot ::        (v1.5.2.RELEASE)

2017-04-05 12:12:00.023  INFO 2772 --- [    Test worker] com.example.EndpointsControllerTest      : Starting EndpointsControllerTest on trainer18s-MacBook-Pro.local with PID 2772 (started by trainer18 in /Users/trainer18/Documents/git/spring-playground)
2017-04-05 12:12:00.023  INFO 2772 --- [    Test worker] com.example.EndpointsControllerTest      : No active profile set, falling back to default profiles: default
2017-04-05 12:12:00.026  INFO 2772 --- [    Test worker] o.s.w.c.s.GenericWebApplicationContext   : Refreshing org.springframework.web.context.support.GenericWebApplicationContext@7819196f: startup date [Wed Apr 05 12:12:00 MDT 2017]; root of context hierarchy
2017-04-05 12:12:00.306  INFO 2772 --- [    Test worker] s.w.s.m.m.a.RequestMappingHandlerAdapter : Looking for @ControllerAdvice: org.springframework.web.context.support.GenericWebApplicationContext@7819196f: startup date [Wed Apr 05 12:12:00 MDT 2017]; root of context hierarchy
2017-04-05 12:12:00.316  INFO 2772 --- [    Test worker] s.w.s.m.m.a.RequestMappingHandlerMapping : Mapped "{[/EndPointController],methods=[GET]}" onto public java.lang.String com.example.EndpointsController.helloWorld()
2017-04-05 12:12:00.317  INFO 2772 --- [    Test worker] s.w.s.m.m.a.RequestMappingHandlerMapping : Mapped "{[/error]}" onto public org.springframework.http.ResponseEntity<java.util.Map<java.lang.String, java.lang.Object>> org.springframework.boot.autoconfigure.web.BasicErrorController.error(javax.servlet.http.HttpServletRequest)
2017-04-05 12:12:00.317  INFO 2772 --- [    Test worker] s.w.s.m.m.a.RequestMappingHandlerMapping : Mapped "{[/error],produces=[text/html]}" onto public org.springframework.web.servlet.ModelAndView org.springframework.boot.autoconfigure.web.BasicErrorController.errorHtml(javax.servlet.http.HttpServletRequest,javax.servlet.http.HttpServletResponse)
2017-04-05 12:12:00.337  INFO 2772 --- [    Test worker] o.s.w.s.handler.SimpleUrlHandlerMapping  : Mapped URL path [/webjars/**] onto handler of type [class org.springframework.web.servlet.resource.ResourceHttpRequestHandler]
2017-04-05 12:12:00.337  INFO 2772 --- [    Test worker] o.s.w.s.handler.SimpleUrlHandlerMapping  : Mapped URL path [/**] onto handler of type [class org.springframework.web.servlet.resource.ResourceHttpRequestHandler]
2017-04-05 12:12:00.359  INFO 2772 --- [    Test worker] o.s.w.s.handler.SimpleUrlHandlerMapping  : Mapped URL path [/**/favicon.ico] onto handler of type [class org.springframework.web.servlet.resource.ResourceHttpRequestHandler]
2017-04-05 12:12:00.413  INFO 2772 --- [    Test worker] o.s.b.t.m.w.SpringBootMockServletContext : Initializing Spring FrameworkServlet ''
2017-04-05 12:12:00.413  INFO 2772 --- [    Test worker] o.s.t.web.servlet.TestDispatcherServlet  : FrameworkServlet '': initialization started
2017-04-05 12:12:00.423  INFO 2772 --- [    Test worker] o.s.t.web.servlet.TestDispatcherServlet  : FrameworkServlet '': initialization completed in 10 ms
2017-04-05 12:12:00.468  INFO 2772 --- [    Test worker] com.example.EndpointsControllerTest      : Started EndpointsControllerTest in 10.474 seconds (JVM running for 24.443)
]]></system-out>
  <system-err><![CDATA[]]></system-err>
</testsuite>
