<?xml version="1.0" encoding="UTF-8"?>
<testsuite name="com.example.tests.StringsControllerTest1" tests="1" skipped="0" failures="0" errors="0" timestamp="2017-05-25T17:15:42" hostname="trainer18s-MacBook-Pro.local" time="0.02">
  <properties/>
  <testcase name="test1" classname="com.example.tests.StringsControllerTest1" time="0.02"/>
  <system-out><![CDATA[2017-05-25 11:15:32.103  INFO 54462 --- [    Test worker] .b.t.a.w.s.WebMvcTestContextBootstrapper : Neither @ContextConfiguration nor @ContextHierarchy found for test class [com.example.tests.StringsControllerTest1], using SpringBootContextLoader
2017-05-25 11:15:32.104  INFO 54462 --- [    Test worker] o.s.t.c.support.AbstractContextLoader    : Could not detect default resource locations for test class [com.example.tests.StringsControllerTest1]: no resource found for suffixes {-context.xml, Context.groovy}.
2017-05-25 11:15:32.104  INFO 54462 --- [    Test worker] t.c.s.AnnotationConfigContextLoaderUtils : Could not detect default configuration classes for test class [com.example.tests.StringsControllerTest1]: StringsControllerTest1 does not declare any static, non-private, non-final, nested classes annotated with @Configuration.
2017-05-25 11:15:32.122  INFO 54462 --- [    Test worker] .b.t.c.SpringBootTestContextBootstrapper : Found @SpringBootConfiguration com.example.DemoApplication for test class com.example.tests.StringsControllerTest1
2017-05-25 11:15:32.125  INFO 54462 --- [    Test worker] .b.t.a.w.s.WebMvcTestContextBootstrapper : Loaded default TestExecutionListener class names from location [META-INF/spring.factories]: [org.springframework.security.test.context.support.WithSecurityContextTestExecutionListener, org.springframework.boot.test.mock.mockito.MockitoTestExecutionListener, org.springframework.boot.test.mock.mockito.ResetMocksTestExecutionListener, org.springframework.boot.test.autoconfigure.restdocs.RestDocsTestExecutionListener, org.springframework.boot.test.autoconfigure.web.client.MockRestServiceServerResetTestExecutionListener, org.springframework.boot.test.autoconfigure.web.servlet.MockMvcPrintOnlyOnFailureTestExecutionListener, org.springframework.boot.test.autoconfigure.web.servlet.WebDriverTestExecutionListener, org.springframework.test.context.web.ServletTestExecutionListener, org.springframework.test.context.support.DirtiesContextBeforeModesTestExecutionListener, org.springframework.test.context.support.DependencyInjectionTestExecutionListener, org.springframework.test.context.support.DirtiesContextTestExecutionListener, org.springframework.test.context.transaction.TransactionalTestExecutionListener, org.springframework.test.context.jdbc.SqlScriptsTestExecutionListener]
2017-05-25 11:15:32.126  INFO 54462 --- [    Test worker] .b.t.a.w.s.WebMvcTestContextBootstrapper : Using TestExecutionListeners: [org.springframework.test.context.web.ServletTestExecutionListener@638cdb17, org.springframework.test.context.support.DirtiesContextBeforeModesTestExecutionListener@c4a78b5, org.springframework.boot.test.autoconfigure.SpringBootDependencyInjectionTestExecutionListener@5c14fadd, org.springframework.test.context.support.DirtiesContextTestExecutionListener@51d92476, org.springframework.test.context.transaction.TransactionalTestExecutionListener@54881939, org.springframework.test.context.jdbc.SqlScriptsTestExecutionListener@bd84ccd, org.springframework.security.test.context.support.WithSecurityContextTestExecutionListener@70e18d79, org.springframework.boot.test.mock.mockito.ResetMocksTestExecutionListener@6883ed87, org.springframework.boot.test.autoconfigure.web.servlet.WebDriverTestExecutionListener@7cd6607f, org.springframework.boot.test.mock.mockito.MockitoTestExecutionListener@3521e50c, org.springframework.boot.test.autoconfigure.web.servlet.MockMvcPrintOnlyOnFailureTestExecutionListener@49d73c94, org.springframework.boot.test.autoconfigure.web.client.MockRestServiceServerResetTestExecutionListener@3ecf1ffc, org.springframework.boot.test.autoconfigure.restdocs.RestDocsTestExecutionListener@715555c2]

  .   ____          _            __ _ _
 /\\ / ___'_ __ _ _(_)_ __  __ _ \ \ \ \
( ( )\___ | '_ | '_| | '_ \/ _` | \ \ \ \
 \\/  ___)| |_)| | | | | || (_| |  ) ) ) )
  '  |____| .__|_| |_|_| |_\__, | / / / /
 =========|_|==============|___/=/_/_/_/
 :: Spring Boot ::        (v1.5.2.RELEASE)

2017-05-25 11:15:42.182  INFO 54462 --- [    Test worker] c.example.tests.StringsControllerTest1   : Starting StringsControllerTest1 on trainer18s-MacBook-Pro.local with PID 54462 (started by trainer18 in /Users/trainer18/Documents/git/spring-playground)
2017-05-25 11:15:42.182  INFO 54462 --- [    Test worker] c.example.tests.StringsControllerTest1   : No active profile set, falling back to default profiles: default
2017-05-25 11:15:42.185  INFO 54462 --- [    Test worker] o.s.w.c.s.GenericWebApplicationContext   : Refreshing org.springframework.web.context.support.GenericWebApplicationContext@53310ac3: startup date [Thu May 25 11:15:42 MDT 2017]; root of context hierarchy
2017-05-25 11:15:42.700  INFO 54462 --- [    Test worker] s.w.s.m.m.a.RequestMappingHandlerAdapter : Looking for @ControllerAdvice: org.springframework.web.context.support.GenericWebApplicationContext@53310ac3: startup date [Thu May 25 11:15:42 MDT 2017]; root of context hierarchy
2017-05-25 11:15:42.707  INFO 54462 --- [    Test worker] s.w.s.m.m.a.RequestMappingHandlerMapping : Mapped "{[/words/count],methods=[POST]}" onto public java.util.Map<java.lang.String, java.lang.Integer> com.example.controller.StringsController.getWordsCount(java.lang.String)
2017-05-25 11:15:42.708  INFO 54462 --- [    Test worker] s.w.s.m.m.a.RequestMappingHandlerMapping : Mapped "{[/error]}" onto public org.springframework.http.ResponseEntity<java.util.Map<java.lang.String, java.lang.Object>> org.springframework.boot.autoconfigure.web.BasicErrorController.error(javax.servlet.http.HttpServletRequest)
2017-05-25 11:15:42.708  INFO 54462 --- [    Test worker] s.w.s.m.m.a.RequestMappingHandlerMapping : Mapped "{[/error],produces=[text/html]}" onto public org.springframework.web.servlet.ModelAndView org.springframework.boot.autoconfigure.web.BasicErrorController.errorHtml(javax.servlet.http.HttpServletRequest,javax.servlet.http.HttpServletResponse)
2017-05-25 11:15:42.724  INFO 54462 --- [    Test worker] o.s.w.s.handler.SimpleUrlHandlerMapping  : Mapped URL path [/webjars/**] onto handler of type [class org.springframework.web.servlet.resource.ResourceHttpRequestHandler]
2017-05-25 11:15:42.724  INFO 54462 --- [    Test worker] o.s.w.s.handler.SimpleUrlHandlerMapping  : Mapped URL path [/**] onto handler of type [class org.springframework.web.servlet.resource.ResourceHttpRequestHandler]
2017-05-25 11:15:42.739  INFO 54462 --- [    Test worker] o.s.w.s.handler.SimpleUrlHandlerMapping  : Mapped URL path [/**/favicon.ico] onto handler of type [class org.springframework.web.servlet.resource.ResourceHttpRequestHandler]
2017-05-25 11:15:42.772  INFO 54462 --- [    Test worker] o.s.b.t.m.w.SpringBootMockServletContext : Initializing Spring FrameworkServlet ''
2017-05-25 11:15:42.772  INFO 54462 --- [    Test worker] o.s.t.web.servlet.TestDispatcherServlet  : FrameworkServlet '': initialization started
2017-05-25 11:15:42.777  INFO 54462 --- [    Test worker] o.s.t.web.servlet.TestDispatcherServlet  : FrameworkServlet '': initialization completed in 5 ms
2017-05-25 11:15:42.804  INFO 54462 --- [    Test worker] c.example.tests.StringsControllerTest1   : Started StringsControllerTest1 in 10.672 seconds (JVM running for 81.048)
]]></system-out>
  <system-err><![CDATA[]]></system-err>
</testsuite>
