<?xml version="1.0" encoding="UTF-8"?>
<testsuite name="com.example.tests.StringsControllerTest2" tests="3" skipped="0" failures="0" errors="0" timestamp="2017-05-25T17:15:42" hostname="trainer18s-MacBook-Pro.local" time="0.031">
  <properties/>
  <testcase name="test1" classname="com.example.tests.StringsControllerTest2" time="0.004"/>
  <testcase name="test2" classname="com.example.tests.StringsControllerTest2" time="0.006"/>
  <testcase name="test3" classname="com.example.tests.StringsControllerTest2" time="0.02"/>
  <system-out><![CDATA[2017-05-25 11:15:42.828  INFO 54462 --- [    Test worker] .b.t.c.SpringBootTestContextBootstrapper : Neither @ContextConfiguration nor @ContextHierarchy found for test class [com.example.tests.StringsControllerTest2], using SpringBootContextLoader
2017-05-25 11:15:42.828  INFO 54462 --- [    Test worker] o.s.t.c.support.AbstractContextLoader    : Could not detect default resource locations for test class [com.example.tests.StringsControllerTest2]: no resource found for suffixes {-context.xml, Context.groovy}.
2017-05-25 11:15:42.828  INFO 54462 --- [    Test worker] t.c.s.AnnotationConfigContextLoaderUtils : Could not detect default configuration classes for test class [com.example.tests.StringsControllerTest2]: StringsControllerTest2 does not declare any static, non-private, non-final, nested classes annotated with @Configuration.
2017-05-25 11:15:42.833  INFO 54462 --- [    Test worker] .b.t.c.SpringBootTestContextBootstrapper : Found @SpringBootConfiguration com.example.DemoApplication for test class com.example.tests.StringsControllerTest2
2017-05-25 11:15:42.835  INFO 54462 --- [    Test worker] .b.t.c.SpringBootTestContextBootstrapper : Loaded default TestExecutionListener class names from location [META-INF/spring.factories]: [org.springframework.security.test.context.support.WithSecurityContextTestExecutionListener, org.springframework.boot.test.mock.mockito.MockitoTestExecutionListener, org.springframework.boot.test.mock.mockito.ResetMocksTestExecutionListener, org.springframework.boot.test.autoconfigure.restdocs.RestDocsTestExecutionListener, org.springframework.boot.test.autoconfigure.web.client.MockRestServiceServerResetTestExecutionListener, org.springframework.boot.test.autoconfigure.web.servlet.MockMvcPrintOnlyOnFailureTestExecutionListener, org.springframework.boot.test.autoconfigure.web.servlet.WebDriverTestExecutionListener, org.springframework.test.context.web.ServletTestExecutionListener, org.springframework.test.context.support.DirtiesContextBeforeModesTestExecutionListener, org.springframework.test.context.support.DependencyInjectionTestExecutionListener, org.springframework.test.context.support.DirtiesContextTestExecutionListener, org.springframework.test.context.transaction.TransactionalTestExecutionListener, org.springframework.test.context.jdbc.SqlScriptsTestExecutionListener]
2017-05-25 11:15:42.837  INFO 54462 --- [    Test worker] .b.t.c.SpringBootTestContextBootstrapper : Using TestExecutionListeners: [org.springframework.test.context.web.ServletTestExecutionListener@4ac5f62b, org.springframework.test.context.support.DirtiesContextBeforeModesTestExecutionListener@173570e4, org.springframework.boot.test.autoconfigure.SpringBootDependencyInjectionTestExecutionListener@91f3b41, org.springframework.test.context.support.DirtiesContextTestExecutionListener@375b0b89, org.springframework.test.context.transaction.TransactionalTestExecutionListener@52cad7e7, org.springframework.test.context.jdbc.SqlScriptsTestExecutionListener@6ec42f0a, org.springframework.security.test.context.support.WithSecurityContextTestExecutionListener@1ef1d4a0, org.springframework.boot.test.mock.mockito.ResetMocksTestExecutionListener@711983b4, org.springframework.boot.test.autoconfigure.web.servlet.WebDriverTestExecutionListener@75e8179f, org.springframework.boot.test.mock.mockito.MockitoTestExecutionListener@3a1bca57, org.springframework.boot.test.autoconfigure.web.servlet.MockMvcPrintOnlyOnFailureTestExecutionListener@2a5f5d60, org.springframework.boot.test.autoconfigure.web.client.MockRestServiceServerResetTestExecutionListener@17e66fbc, org.springframework.boot.test.autoconfigure.restdocs.RestDocsTestExecutionListener@2207d630]
]]></system-out>
  <system-err><![CDATA[]]></system-err>
</testsuite>
