<?xml version="1.0" encoding="UTF-8"?>
<testsuite name="com.example.tests.HelloControllerTest" tests="1" skipped="0" failures="0" errors="0" timestamp="2017-05-25T17:14:55" hostname="trainer18s-MacBook-Pro.local" time="0.006">
  <properties/>
  <testcase name="testIndexEndpoint" classname="com.example.tests.HelloControllerTest" time="0.006"/>
  <system-out><![CDATA[2017-05-25 11:14:44.659  INFO 54462 --- [    Test worker] .b.t.a.w.s.WebMvcTestContextBootstrapper : Neither @ContextConfiguration nor @ContextHierarchy found for test class [com.example.tests.HelloControllerTest], using SpringBootContextLoader
2017-05-25 11:14:44.660  INFO 54462 --- [    Test worker] o.s.t.c.support.AbstractContextLoader    : Could not detect default resource locations for test class [com.example.tests.HelloControllerTest]: no resource found for suffixes {-context.xml, Context.groovy}.
2017-05-25 11:14:44.660  INFO 54462 --- [    Test worker] t.c.s.AnnotationConfigContextLoaderUtils : Could not detect default configuration classes for test class [com.example.tests.HelloControllerTest]: HelloControllerTest does not declare any static, non-private, non-final, nested classes annotated with @Configuration.
2017-05-25 11:14:44.671  INFO 54462 --- [    Test worker] .b.t.c.SpringBootTestContextBootstrapper : Found @SpringBootConfiguration com.example.DemoApplication for test class com.example.tests.HelloControllerTest
2017-05-25 11:14:44.674  INFO 54462 --- [    Test worker] .b.t.a.w.s.WebMvcTestContextBootstrapper : Loaded default TestExecutionListener class names from location [META-INF/spring.factories]: [org.springframework.security.test.context.support.WithSecurityContextTestExecutionListener, org.springframework.boot.test.mock.mockito.MockitoTestExecutionListener, org.springframework.boot.test.mock.mockito.ResetMocksTestExecutionListener, org.springframework.boot.test.autoconfigure.restdocs.RestDocsTestExecutionListener, org.springframework.boot.test.autoconfigure.web.client.MockRestServiceServerResetTestExecutionListener, org.springframework.boot.test.autoconfigure.web.servlet.MockMvcPrintOnlyOnFailureTestExecutionListener, org.springframework.boot.test.autoconfigure.web.servlet.WebDriverTestExecutionListener, org.springframework.test.context.web.ServletTestExecutionListener, org.springframework.test.context.support.DirtiesContextBeforeModesTestExecutionListener, org.springframework.test.context.support.DependencyInjectionTestExecutionListener, org.springframework.test.context.support.DirtiesContextTestExecutionListener, org.springframework.test.context.transaction.TransactionalTestExecutionListener, org.springframework.test.context.jdbc.SqlScriptsTestExecutionListener]
2017-05-25 11:14:44.676  INFO 54462 --- [    Test worker] .b.t.a.w.s.WebMvcTestContextBootstrapper : Using TestExecutionListeners: [org.springframework.test.context.web.ServletTestExecutionListener@36f0a6d4, org.springframework.test.context.support.DirtiesContextBeforeModesTestExecutionListener@7988a2fe, org.springframework.boot.test.autoconfigure.SpringBootDependencyInjectionTestExecutionListener@36a6654f, org.springframework.test.context.support.DirtiesContextTestExecutionListener@435b95af, org.springframework.test.context.transaction.TransactionalTestExecutionListener@70ae5d16, org.springframework.test.context.jdbc.SqlScriptsTestExecutionListener@4c8d9eaf, org.springframework.security.test.context.support.WithSecurityContextTestExecutionListener@4904166c, org.springframework.boot.test.mock.mockito.ResetMocksTestExecutionListener@566d140e, org.springframework.boot.test.autoconfigure.web.servlet.WebDriverTestExecutionListener@5429b538, org.springframework.boot.test.mock.mockito.MockitoTestExecutionListener@74f121f4, org.springframework.boot.test.autoconfigure.web.servlet.MockMvcPrintOnlyOnFailureTestExecutionListener@1daffe70, org.springframework.boot.test.autoconfigure.web.client.MockRestServiceServerResetTestExecutionListener@235c54af, org.springframework.boot.test.autoconfigure.restdocs.RestDocsTestExecutionListener@3ac5a589]

  .   ____          _            __ _ _
 /\\ / ___'_ __ _ _(_)_ __  __ _ \ \ \ \
( ( )\___ | '_ | '_| | '_ \/ _` | \ \ \ \
 \\/  ___)| |_)| | | | | || (_| |  ) ) ) )
  '  |____| .__|_| |_|_| |_\__, | / / / /
 =========|_|==============|___/=/_/_/_/
 :: Spring Boot ::        (v1.5.2.RELEASE)

2017-05-25 11:14:54.715  INFO 54462 --- [    Test worker] com.example.tests.HelloControllerTest    : Starting HelloControllerTest on trainer18s-MacBook-Pro.local with PID 54462 (started by trainer18 in /Users/trainer18/Documents/git/spring-playground)
2017-05-25 11:14:54.716  INFO 54462 --- [    Test worker] com.example.tests.HelloControllerTest    : No active profile set, falling back to default profiles: default
2017-05-25 11:14:54.720  INFO 54462 --- [    Test worker] o.s.w.c.s.GenericWebApplicationContext   : Refreshing org.springframework.web.context.support.GenericWebApplicationContext@7a881a62: startup date [Thu May 25 11:14:54 MDT 2017]; root of context hierarchy
2017-05-25 11:14:54.978  INFO 54462 --- [    Test worker] s.w.s.m.m.a.RequestMappingHandlerAdapter : Looking for @ControllerAdvice: org.springframework.web.context.support.GenericWebApplicationContext@7a881a62: startup date [Thu May 25 11:14:54 MDT 2017]; root of context hierarchy
2017-05-25 11:14:54.988  INFO 54462 --- [    Test worker] s.w.s.m.m.a.RequestMappingHandlerMapping : Mapped "{[/hello]}" onto public java.lang.String com.example.controller.HelloController.helloWorld()
2017-05-25 11:14:54.989  INFO 54462 --- [    Test worker] s.w.s.m.m.a.RequestMappingHandlerMapping : Mapped "{[/error]}" onto public org.springframework.http.ResponseEntity<java.util.Map<java.lang.String, java.lang.Object>> org.springframework.boot.autoconfigure.web.BasicErrorController.error(javax.servlet.http.HttpServletRequest)
2017-05-25 11:14:54.989  INFO 54462 --- [    Test worker] s.w.s.m.m.a.RequestMappingHandlerMapping : Mapped "{[/error],produces=[text/html]}" onto public org.springframework.web.servlet.ModelAndView org.springframework.boot.autoconfigure.web.BasicErrorController.errorHtml(javax.servlet.http.HttpServletRequest,javax.servlet.http.HttpServletResponse)
2017-05-25 11:14:55.009  INFO 54462 --- [    Test worker] o.s.w.s.handler.SimpleUrlHandlerMapping  : Mapped URL path [/webjars/**] onto handler of type [class org.springframework.web.servlet.resource.ResourceHttpRequestHandler]
2017-05-25 11:14:55.010  INFO 54462 --- [    Test worker] o.s.w.s.handler.SimpleUrlHandlerMapping  : Mapped URL path [/**] onto handler of type [class org.springframework.web.servlet.resource.ResourceHttpRequestHandler]
2017-05-25 11:14:55.032  INFO 54462 --- [    Test worker] o.s.w.s.handler.SimpleUrlHandlerMapping  : Mapped URL path [/**/favicon.ico] onto handler of type [class org.springframework.web.servlet.resource.ResourceHttpRequestHandler]
2017-05-25 11:14:55.096  INFO 54462 --- [    Test worker] o.s.b.t.m.w.SpringBootMockServletContext : Initializing Spring FrameworkServlet ''
2017-05-25 11:14:55.096  INFO 54462 --- [    Test worker] o.s.t.web.servlet.TestDispatcherServlet  : FrameworkServlet '': initialization started
2017-05-25 11:14:55.102  INFO 54462 --- [    Test worker] o.s.t.web.servlet.TestDispatcherServlet  : FrameworkServlet '': initialization completed in 6 ms
2017-05-25 11:14:55.133  INFO 54462 --- [    Test worker] com.example.tests.HelloControllerTest    : Started HelloControllerTest in 10.453 seconds (JVM running for 33.507)
]]></system-out>
  <system-err><![CDATA[]]></system-err>
</testsuite>
