<?xml version="1.0" encoding="UTF-8"?>
<testsuite name="com.example.JSONControllerTest" tests="5" skipped="0" failures="0" errors="0" timestamp="2017-04-09T15:45:55" hostname="trainer18s-MacBook-Pro.local" time="0.138">
  <properties/>
  <testcase name="testFlights" classname="com.example.JSONControllerTest" time="0.079"/>
  <testcase name="testFlightTicketsTotal1" classname="com.example.JSONControllerTest" time="0.034"/>
  <testcase name="testFlightTicketsTotal2" classname="com.example.JSONControllerTest" time="0.008"/>
  <testcase name="testFlightTicketsTotal3" classname="com.example.JSONControllerTest" time="0.011"/>
  <testcase name="testFlight" classname="com.example.JSONControllerTest" time="0.005"/>
  <system-out><![CDATA[2017-04-09 09:45:45.513  INFO 4375 --- [    Test worker] .b.t.a.w.s.WebMvcTestContextBootstrapper : Neither @ContextConfiguration nor @ContextHierarchy found for test class [com.example.JSONControllerTest], using SpringBootContextLoader
2017-04-09 09:45:45.513  INFO 4375 --- [    Test worker] o.s.t.c.support.AbstractContextLoader    : Could not detect default resource locations for test class [com.example.JSONControllerTest]: no resource found for suffixes {-context.xml, Context.groovy}.
2017-04-09 09:45:45.514  INFO 4375 --- [    Test worker] t.c.s.AnnotationConfigContextLoaderUtils : Could not detect default configuration classes for test class [com.example.JSONControllerTest]: JSONControllerTest does not declare any static, non-private, non-final, nested classes annotated with @Configuration.
2017-04-09 09:45:45.522  INFO 4375 --- [    Test worker] .b.t.c.SpringBootTestContextBootstrapper : Found @SpringBootConfiguration com.example.DemoApplication for test class com.example.JSONControllerTest
2017-04-09 09:45:45.524  INFO 4375 --- [    Test worker] .b.t.a.w.s.WebMvcTestContextBootstrapper : Loaded default TestExecutionListener class names from location [META-INF/spring.factories]: [org.springframework.boot.test.mock.mockito.MockitoTestExecutionListener, org.springframework.boot.test.mock.mockito.ResetMocksTestExecutionListener, org.springframework.boot.test.autoconfigure.restdocs.RestDocsTestExecutionListener, org.springframework.boot.test.autoconfigure.web.client.MockRestServiceServerResetTestExecutionListener, org.springframework.boot.test.autoconfigure.web.servlet.MockMvcPrintOnlyOnFailureTestExecutionListener, org.springframework.boot.test.autoconfigure.web.servlet.WebDriverTestExecutionListener, org.springframework.test.context.web.ServletTestExecutionListener, org.springframework.test.context.support.DirtiesContextBeforeModesTestExecutionListener, org.springframework.test.context.support.DependencyInjectionTestExecutionListener, org.springframework.test.context.support.DirtiesContextTestExecutionListener, org.springframework.test.context.transaction.TransactionalTestExecutionListener, org.springframework.test.context.jdbc.SqlScriptsTestExecutionListener]
2017-04-09 09:45:45.525  INFO 4375 --- [    Test worker] .b.t.a.w.s.WebMvcTestContextBootstrapper : Using TestExecutionListeners: [org.springframework.test.context.web.ServletTestExecutionListener@65852d9b, org.springframework.test.context.support.DirtiesContextBeforeModesTestExecutionListener@3b6584f7, org.springframework.boot.test.autoconfigure.SpringBootDependencyInjectionTestExecutionListener@4a8b1e92, org.springframework.test.context.support.DirtiesContextTestExecutionListener@3ecba302, org.springframework.test.context.transaction.TransactionalTestExecutionListener@72eea8b5, org.springframework.test.context.jdbc.SqlScriptsTestExecutionListener@65bbd823, org.springframework.boot.test.mock.mockito.ResetMocksTestExecutionListener@77562588, org.springframework.boot.test.autoconfigure.web.servlet.MockMvcPrintOnlyOnFailureTestExecutionListener@14665bd3, org.springframework.boot.test.autoconfigure.restdocs.RestDocsTestExecutionListener@13caf2ea, org.springframework.boot.test.autoconfigure.web.servlet.WebDriverTestExecutionListener@280b4a70, org.springframework.boot.test.autoconfigure.web.client.MockRestServiceServerResetTestExecutionListener@6e37409c, org.springframework.boot.test.mock.mockito.MockitoTestExecutionListener@48a9264a]

  .   ____          _            __ _ _
 /\\ / ___'_ __ _ _(_)_ __  __ _ \ \ \ \
( ( )\___ | '_ | '_| | '_ \/ _` | \ \ \ \
 \\/  ___)| |_)| | | | | || (_| |  ) ) ) )
  '  |____| .__|_| |_|_| |_\__, | / / / /
 =========|_|==============|___/=/_/_/_/
 :: Spring Boot ::        (v1.5.2.RELEASE)

2017-04-09 09:45:55.568  INFO 4375 --- [    Test worker] com.example.JSONControllerTest           : Starting JSONControllerTest on trainer18s-MacBook-Pro.local with PID 4375 (started by trainer18 in /Users/trainer18/Documents/git/spring-playground)
2017-04-09 09:45:55.569  INFO 4375 --- [    Test worker] com.example.JSONControllerTest           : No active profile set, falling back to default profiles: default
2017-04-09 09:45:55.572  INFO 4375 --- [    Test worker] o.s.w.c.s.GenericWebApplicationContext   : Refreshing org.springframework.web.context.support.GenericWebApplicationContext@6b882785: startup date [Sun Apr 09 09:45:55 MDT 2017]; root of context hierarchy
2017-04-09 09:45:55.831  INFO 4375 --- [    Test worker] s.w.s.m.m.a.RequestMappingHandlerAdapter : Looking for @ControllerAdvice: org.springframework.web.context.support.GenericWebApplicationContext@6b882785: startup date [Sun Apr 09 09:45:55 MDT 2017]; root of context hierarchy
2017-04-09 09:45:55.841  INFO 4375 --- [    Test worker] s.w.s.m.m.a.RequestMappingHandlerMapping : Mapped "{[/flights/flight],methods=[GET]}" onto public com.example.model.Flight com.example.JSONController.getMapFlight() throws java.lang.Exception
2017-04-09 09:45:55.841  INFO 4375 --- [    Test worker] s.w.s.m.m.a.RequestMappingHandlerMapping : Mapped "{[/flights],methods=[GET]}" onto public java.util.List<com.example.model.Flight> com.example.JSONController.getMapFlights() throws java.lang.Exception
2017-04-09 09:45:55.841  INFO 4375 --- [    Test worker] s.w.s.m.m.a.RequestMappingHandlerMapping : Mapped "{[/flights/tickets/total],methods=[POST]}" onto public com.example.model.Result com.example.JSONController.getTicketsTotal(com.example.model.Tickets) throws java.lang.Exception
2017-04-09 09:45:55.842  INFO 4375 --- [    Test worker] s.w.s.m.m.a.RequestMappingHandlerMapping : Mapped "{[/error]}" onto public org.springframework.http.ResponseEntity<java.util.Map<java.lang.String, java.lang.Object>> org.springframework.boot.autoconfigure.web.BasicErrorController.error(javax.servlet.http.HttpServletRequest)
2017-04-09 09:45:55.842  INFO 4375 --- [    Test worker] s.w.s.m.m.a.RequestMappingHandlerMapping : Mapped "{[/error],produces=[text/html]}" onto public org.springframework.web.servlet.ModelAndView org.springframework.boot.autoconfigure.web.BasicErrorController.errorHtml(javax.servlet.http.HttpServletRequest,javax.servlet.http.HttpServletResponse)
2017-04-09 09:45:55.857  INFO 4375 --- [    Test worker] o.s.w.s.handler.SimpleUrlHandlerMapping  : Mapped URL path [/webjars/**] onto handler of type [class org.springframework.web.servlet.resource.ResourceHttpRequestHandler]
2017-04-09 09:45:55.857  INFO 4375 --- [    Test worker] o.s.w.s.handler.SimpleUrlHandlerMapping  : Mapped URL path [/**] onto handler of type [class org.springframework.web.servlet.resource.ResourceHttpRequestHandler]
2017-04-09 09:45:55.877  INFO 4375 --- [    Test worker] o.s.w.s.handler.SimpleUrlHandlerMapping  : Mapped URL path [/**/favicon.ico] onto handler of type [class org.springframework.web.servlet.resource.ResourceHttpRequestHandler]
2017-04-09 09:45:55.915  INFO 4375 --- [    Test worker] o.s.b.t.m.w.SpringBootMockServletContext : Initializing Spring FrameworkServlet ''
2017-04-09 09:45:55.915  INFO 4375 --- [    Test worker] o.s.t.web.servlet.TestDispatcherServlet  : FrameworkServlet '': initialization started
2017-04-09 09:45:55.920  INFO 4375 --- [    Test worker] o.s.t.web.servlet.TestDispatcherServlet  : FrameworkServlet '': initialization completed in 5 ms
2017-04-09 09:45:55.949  INFO 4375 --- [    Test worker] com.example.JSONControllerTest           : Started JSONControllerTest in 10.418 seconds (JVM running for 43.478)
]]></system-out>
  <system-err><![CDATA[]]></system-err>
</testsuite>
