<?xml version="1.0" encoding="UTF-8"?>
<testsuite name="com.example.tests.JSONControllerTest" tests="5" skipped="0" failures="0" errors="0" timestamp="2017-05-25T17:15:05" hostname="trainer18s-MacBook-Pro.local" time="0.199">
  <properties/>
  <testcase name="testFlights" classname="com.example.tests.JSONControllerTest" time="0.105"/>
  <testcase name="testFlightTicketsTotal1" classname="com.example.tests.JSONControllerTest" time="0.049"/>
  <testcase name="testFlightTicketsTotal2" classname="com.example.tests.JSONControllerTest" time="0.014"/>
  <testcase name="testFlightTicketsTotal3" classname="com.example.tests.JSONControllerTest" time="0.019"/>
  <testcase name="testFlight" classname="com.example.tests.JSONControllerTest" time="0.008"/>
  <system-out><![CDATA[2017-05-25 11:14:55.145  INFO 54462 --- [    Test worker] .b.t.a.w.s.WebMvcTestContextBootstrapper : Neither @ContextConfiguration nor @ContextHierarchy found for test class [com.example.tests.JSONControllerTest], using SpringBootContextLoader
2017-05-25 11:14:55.146  INFO 54462 --- [    Test worker] o.s.t.c.support.AbstractContextLoader    : Could not detect default resource locations for test class [com.example.tests.JSONControllerTest]: no resource found for suffixes {-context.xml, Context.groovy}.
2017-05-25 11:14:55.146  INFO 54462 --- [    Test worker] t.c.s.AnnotationConfigContextLoaderUtils : Could not detect default configuration classes for test class [com.example.tests.JSONControllerTest]: JSONControllerTest does not declare any static, non-private, non-final, nested classes annotated with @Configuration.
2017-05-25 11:14:55.156  INFO 54462 --- [    Test worker] .b.t.c.SpringBootTestContextBootstrapper : Found @SpringBootConfiguration com.example.DemoApplication for test class com.example.tests.JSONControllerTest
2017-05-25 11:14:55.157  INFO 54462 --- [    Test worker] .b.t.a.w.s.WebMvcTestContextBootstrapper : Loaded default TestExecutionListener class names from location [META-INF/spring.factories]: [org.springframework.security.test.context.support.WithSecurityContextTestExecutionListener, org.springframework.boot.test.mock.mockito.MockitoTestExecutionListener, org.springframework.boot.test.mock.mockito.ResetMocksTestExecutionListener, org.springframework.boot.test.autoconfigure.restdocs.RestDocsTestExecutionListener, org.springframework.boot.test.autoconfigure.web.client.MockRestServiceServerResetTestExecutionListener, org.springframework.boot.test.autoconfigure.web.servlet.MockMvcPrintOnlyOnFailureTestExecutionListener, org.springframework.boot.test.autoconfigure.web.servlet.WebDriverTestExecutionListener, org.springframework.test.context.web.ServletTestExecutionListener, org.springframework.test.context.support.DirtiesContextBeforeModesTestExecutionListener, org.springframework.test.context.support.DependencyInjectionTestExecutionListener, org.springframework.test.context.support.DirtiesContextTestExecutionListener, org.springframework.test.context.transaction.TransactionalTestExecutionListener, org.springframework.test.context.jdbc.SqlScriptsTestExecutionListener]
2017-05-25 11:14:55.159  INFO 54462 --- [    Test worker] .b.t.a.w.s.WebMvcTestContextBootstrapper : Using TestExecutionListeners: [org.springframework.test.context.web.ServletTestExecutionListener@1ac343b0, org.springframework.test.context.support.DirtiesContextBeforeModesTestExecutionListener@57d81b1c, org.springframework.boot.test.autoconfigure.SpringBootDependencyInjectionTestExecutionListener@13f67676, org.springframework.test.context.support.DirtiesContextTestExecutionListener@3bf84b57, org.springframework.test.context.transaction.TransactionalTestExecutionListener@3b26515b, org.springframework.test.context.jdbc.SqlScriptsTestExecutionListener@2c31add8, org.springframework.security.test.context.support.WithSecurityContextTestExecutionListener@c542bee, org.springframework.boot.test.mock.mockito.ResetMocksTestExecutionListener@750f7bc0, org.springframework.boot.test.autoconfigure.web.servlet.WebDriverTestExecutionListener@7caa40b3, org.springframework.boot.test.mock.mockito.MockitoTestExecutionListener@5d546d93, org.springframework.boot.test.autoconfigure.web.servlet.MockMvcPrintOnlyOnFailureTestExecutionListener@70f2368c, org.springframework.boot.test.autoconfigure.web.client.MockRestServiceServerResetTestExecutionListener@7ead8229, org.springframework.boot.test.autoconfigure.restdocs.RestDocsTestExecutionListener@50acfa97]

  .   ____          _            __ _ _
 /\\ / ___'_ __ _ _(_)_ __  __ _ \ \ \ \
( ( )\___ | '_ | '_| | '_ \/ _` | \ \ \ \
 \\/  ___)| |_)| | | | | || (_| |  ) ) ) )
  '  |____| .__|_| |_|_| |_\__, | / / / /
 =========|_|==============|___/=/_/_/_/
 :: Spring Boot ::        (v1.5.2.RELEASE)

2017-05-25 11:15:05.319  INFO 54462 --- [    Test worker] com.example.tests.JSONControllerTest     : Starting JSONControllerTest on trainer18s-MacBook-Pro.local with PID 54462 (started by trainer18 in /Users/trainer18/Documents/git/spring-playground)
2017-05-25 11:15:05.320  INFO 54462 --- [    Test worker] com.example.tests.JSONControllerTest     : No active profile set, falling back to default profiles: default
2017-05-25 11:15:05.322  INFO 54462 --- [    Test worker] o.s.w.c.s.GenericWebApplicationContext   : Refreshing org.springframework.web.context.support.GenericWebApplicationContext@785a207f: startup date [Thu May 25 11:15:05 MDT 2017]; root of context hierarchy
2017-05-25 11:15:05.557  INFO 54462 --- [    Test worker] s.w.s.m.m.a.RequestMappingHandlerAdapter : Looking for @ControllerAdvice: org.springframework.web.context.support.GenericWebApplicationContext@785a207f: startup date [Thu May 25 11:15:05 MDT 2017]; root of context hierarchy
2017-05-25 11:15:05.567  INFO 54462 --- [    Test worker] s.w.s.m.m.a.RequestMappingHandlerMapping : Mapped "{[/flights/flight],methods=[GET]}" onto public com.example.model.Flight com.example.controller.JSONController.getMapFlight() throws java.lang.Exception
2017-05-25 11:15:05.568  INFO 54462 --- [    Test worker] s.w.s.m.m.a.RequestMappingHandlerMapping : Mapped "{[/flights],methods=[GET]}" onto public java.util.List<com.example.model.Flight> com.example.controller.JSONController.getMapFlights() throws java.lang.Exception
2017-05-25 11:15:05.568  INFO 54462 --- [    Test worker] s.w.s.m.m.a.RequestMappingHandlerMapping : Mapped "{[/flights/tickets/total],methods=[POST]}" onto public com.example.model.Result com.example.controller.JSONController.getTicketsTotal(com.example.model.Tickets) throws java.lang.Exception
2017-05-25 11:15:05.569  INFO 54462 --- [    Test worker] s.w.s.m.m.a.RequestMappingHandlerMapping : Mapped "{[/error]}" onto public org.springframework.http.ResponseEntity<java.util.Map<java.lang.String, java.lang.Object>> org.springframework.boot.autoconfigure.web.BasicErrorController.error(javax.servlet.http.HttpServletRequest)
2017-05-25 11:15:05.569  INFO 54462 --- [    Test worker] s.w.s.m.m.a.RequestMappingHandlerMapping : Mapped "{[/error],produces=[text/html]}" onto public org.springframework.web.servlet.ModelAndView org.springframework.boot.autoconfigure.web.BasicErrorController.errorHtml(javax.servlet.http.HttpServletRequest,javax.servlet.http.HttpServletResponse)
2017-05-25 11:15:05.583  INFO 54462 --- [    Test worker] o.s.w.s.handler.SimpleUrlHandlerMapping  : Mapped URL path [/webjars/**] onto handler of type [class org.springframework.web.servlet.resource.ResourceHttpRequestHandler]
2017-05-25 11:15:05.583  INFO 54462 --- [    Test worker] o.s.w.s.handler.SimpleUrlHandlerMapping  : Mapped URL path [/**] onto handler of type [class org.springframework.web.servlet.resource.ResourceHttpRequestHandler]
2017-05-25 11:15:05.600  INFO 54462 --- [    Test worker] o.s.w.s.handler.SimpleUrlHandlerMapping  : Mapped URL path [/**/favicon.ico] onto handler of type [class org.springframework.web.servlet.resource.ResourceHttpRequestHandler]
2017-05-25 11:15:05.643  INFO 54462 --- [    Test worker] o.s.b.t.m.w.SpringBootMockServletContext : Initializing Spring FrameworkServlet ''
2017-05-25 11:15:05.643  INFO 54462 --- [    Test worker] o.s.t.web.servlet.TestDispatcherServlet  : FrameworkServlet '': initialization started
2017-05-25 11:15:05.650  INFO 54462 --- [    Test worker] o.s.t.web.servlet.TestDispatcherServlet  : FrameworkServlet '': initialization completed in 7 ms
2017-05-25 11:15:05.678  INFO 54462 --- [    Test worker] com.example.tests.JSONControllerTest     : Started JSONControllerTest in 10.515 seconds (JVM running for 43.922)
]]></system-out>
  <system-err><![CDATA[]]></system-err>
</testsuite>
