<?xml version="1.0" encoding="UTF-8"?>
<testsuite name="com.example.tests.ZenServiceTests" tests="1" skipped="0" failures="0" errors="0" timestamp="2017-05-25T17:16:11" hostname="trainer18s-MacBook-Pro.local" time="0.006">
  <properties/>
  <testcase name="getRequestWorks" classname="com.example.tests.ZenServiceTests" time="0.006"/>
  <system-out><![CDATA[2017-05-25 11:15:54.955  INFO 54462 --- [    Test worker] .b.t.a.w.s.WebMvcTestContextBootstrapper : Neither @ContextConfiguration nor @ContextHierarchy found for test class [com.example.tests.ZenServiceTests], using SpringBootContextLoader
2017-05-25 11:15:54.955  INFO 54462 --- [    Test worker] o.s.t.c.support.AbstractContextLoader    : Could not detect default resource locations for test class [com.example.tests.ZenServiceTests]: no resource found for suffixes {-context.xml, Context.groovy}.
2017-05-25 11:15:54.956  INFO 54462 --- [    Test worker] t.c.s.AnnotationConfigContextLoaderUtils : Could not detect default configuration classes for test class [com.example.tests.ZenServiceTests]: ZenServiceTests does not declare any static, non-private, non-final, nested classes annotated with @Configuration.
2017-05-25 11:15:54.971  INFO 54462 --- [    Test worker] .b.t.c.SpringBootTestContextBootstrapper : Found @SpringBootConfiguration com.example.DemoApplication for test class com.example.tests.ZenServiceTests
2017-05-25 11:15:54.972  INFO 54462 --- [    Test worker] .b.t.a.w.s.WebMvcTestContextBootstrapper : Loaded default TestExecutionListener class names from location [META-INF/spring.factories]: [org.springframework.security.test.context.support.WithSecurityContextTestExecutionListener, org.springframework.boot.test.mock.mockito.MockitoTestExecutionListener, org.springframework.boot.test.mock.mockito.ResetMocksTestExecutionListener, org.springframework.boot.test.autoconfigure.restdocs.RestDocsTestExecutionListener, org.springframework.boot.test.autoconfigure.web.client.MockRestServiceServerResetTestExecutionListener, org.springframework.boot.test.autoconfigure.web.servlet.MockMvcPrintOnlyOnFailureTestExecutionListener, org.springframework.boot.test.autoconfigure.web.servlet.WebDriverTestExecutionListener, org.springframework.test.context.web.ServletTestExecutionListener, org.springframework.test.context.support.DirtiesContextBeforeModesTestExecutionListener, org.springframework.test.context.support.DependencyInjectionTestExecutionListener, org.springframework.test.context.support.DirtiesContextTestExecutionListener, org.springframework.test.context.transaction.TransactionalTestExecutionListener, org.springframework.test.context.jdbc.SqlScriptsTestExecutionListener]
2017-05-25 11:15:54.973  INFO 54462 --- [    Test worker] .b.t.a.w.s.WebMvcTestContextBootstrapper : Using TestExecutionListeners: [org.springframework.test.context.web.ServletTestExecutionListener@52560f53, org.springframework.test.context.support.DirtiesContextBeforeModesTestExecutionListener@4b258a7f, org.springframework.boot.test.autoconfigure.SpringBootDependencyInjectionTestExecutionListener@167d6df1, org.springframework.test.context.support.DirtiesContextTestExecutionListener@fd9dbbb, org.springframework.test.context.transaction.TransactionalTestExecutionListener@6d976184, org.springframework.test.context.jdbc.SqlScriptsTestExecutionListener@a06683b, org.springframework.security.test.context.support.WithSecurityContextTestExecutionListener@77698e6f, org.springframework.boot.test.mock.mockito.ResetMocksTestExecutionListener@36ac973a, org.springframework.boot.test.autoconfigure.web.servlet.WebDriverTestExecutionListener@60e14b2a, org.springframework.boot.test.mock.mockito.MockitoTestExecutionListener@591fa0bd, org.springframework.boot.test.autoconfigure.web.servlet.MockMvcPrintOnlyOnFailureTestExecutionListener@62be4707, org.springframework.boot.test.autoconfigure.web.client.MockRestServiceServerResetTestExecutionListener@30f9092d, org.springframework.boot.test.autoconfigure.restdocs.RestDocsTestExecutionListener@5aabbc03]

  .   ____          _            __ _ _
 /\\ / ___'_ __ _ _(_)_ __  __ _ \ \ \ \
( ( )\___ | '_ | '_| | '_ \/ _` | \ \ \ \
 \\/  ___)| |_)| | | | | || (_| |  ) ) ) )
  '  |____| .__|_| |_|_| |_\__, | / / / /
 =========|_|==============|___/=/_/_/_/
 :: Spring Boot ::        (v1.5.2.RELEASE)

2017-05-25 11:16:11.142  INFO 54462 --- [    Test worker] com.example.tests.ZenServiceTests        : Starting ZenServiceTests on trainer18s-MacBook-Pro.local with PID 54462 (started by trainer18 in /Users/trainer18/Documents/git/spring-playground)
2017-05-25 11:16:11.142  INFO 54462 --- [    Test worker] com.example.tests.ZenServiceTests        : No active profile set, falling back to default profiles: default
2017-05-25 11:16:11.143  INFO 54462 --- [    Test worker] o.s.w.c.s.GenericWebApplicationContext   : Refreshing org.springframework.web.context.support.GenericWebApplicationContext@540df564: startup date [Thu May 25 11:16:11 MDT 2017]; root of context hierarchy
2017-05-25 11:16:11.364  INFO 54462 --- [    Test worker] s.w.s.m.m.a.RequestMappingHandlerAdapter : Looking for @ControllerAdvice: org.springframework.web.context.support.GenericWebApplicationContext@540df564: startup date [Thu May 25 11:16:11 MDT 2017]; root of context hierarchy
2017-05-25 11:16:11.372  INFO 54462 --- [    Test worker] s.w.s.m.m.a.RequestMappingHandlerMapping : Mapped "{[/error]}" onto public org.springframework.http.ResponseEntity<java.util.Map<java.lang.String, java.lang.Object>> org.springframework.boot.autoconfigure.web.BasicErrorController.error(javax.servlet.http.HttpServletRequest)
2017-05-25 11:16:11.372  INFO 54462 --- [    Test worker] s.w.s.m.m.a.RequestMappingHandlerMapping : Mapped "{[/error],produces=[text/html]}" onto public org.springframework.web.servlet.ModelAndView org.springframework.boot.autoconfigure.web.BasicErrorController.errorHtml(javax.servlet.http.HttpServletRequest,javax.servlet.http.HttpServletResponse)
2017-05-25 11:16:11.385  INFO 54462 --- [    Test worker] o.s.w.s.handler.SimpleUrlHandlerMapping  : Mapped URL path [/webjars/**] onto handler of type [class org.springframework.web.servlet.resource.ResourceHttpRequestHandler]
2017-05-25 11:16:11.385  INFO 54462 --- [    Test worker] o.s.w.s.handler.SimpleUrlHandlerMapping  : Mapped URL path [/**] onto handler of type [class org.springframework.web.servlet.resource.ResourceHttpRequestHandler]
2017-05-25 11:16:11.399  INFO 54462 --- [    Test worker] o.s.w.s.handler.SimpleUrlHandlerMapping  : Mapped URL path [/**/favicon.ico] onto handler of type [class org.springframework.web.servlet.resource.ResourceHttpRequestHandler]
2017-05-25 11:16:11.446  INFO 54462 --- [    Test worker] o.s.b.t.m.w.SpringBootMockServletContext : Initializing Spring FrameworkServlet ''
2017-05-25 11:16:11.446  INFO 54462 --- [    Test worker] o.s.t.web.servlet.TestDispatcherServlet  : FrameworkServlet '': initialization started
2017-05-25 11:16:11.455  INFO 54462 --- [    Test worker] o.s.t.web.servlet.TestDispatcherServlet  : FrameworkServlet '': initialization completed in 8 ms
2017-05-25 11:16:11.483  INFO 54462 --- [    Test worker] com.example.tests.ZenServiceTests        : Started ZenServiceTests in 16.506 seconds (JVM running for 103.595)
]]></system-out>
  <system-err><![CDATA[]]></system-err>
</testsuite>
