<?xml version="1.0" encoding="UTF-8"?>
<testsuite name="com.example.HelloControllerTest" tests="1" skipped="0" failures="0" errors="0" timestamp="2017-04-06T22:03:08" hostname="trainer18s-MacBook-Pro.local" time="0.004">
  <properties/>
  <testcase name="testIndexEndpoint" classname="com.example.HelloControllerTest" time="0.004"/>
  <system-out><![CDATA[2017-04-06 16:02:57.810  INFO 15760 --- [    Test worker] .b.t.a.w.s.WebMvcTestContextBootstrapper : Neither @ContextConfiguration nor @ContextHierarchy found for test class [com.example.HelloControllerTest], using SpringBootContextLoader
2017-04-06 16:02:57.811  INFO 15760 --- [    Test worker] o.s.t.c.support.AbstractContextLoader    : Could not detect default resource locations for test class [com.example.HelloControllerTest]: no resource found for suffixes {-context.xml, Context.groovy}.
2017-04-06 16:02:57.811  INFO 15760 --- [    Test worker] t.c.s.AnnotationConfigContextLoaderUtils : Could not detect default configuration classes for test class [com.example.HelloControllerTest]: HelloControllerTest does not declare any static, non-private, non-final, nested classes annotated with @Configuration.
2017-04-06 16:02:57.821  INFO 15760 --- [    Test worker] .b.t.c.SpringBootTestContextBootstrapper : Found @SpringBootConfiguration com.example.DemoApplication for test class com.example.HelloControllerTest
2017-04-06 16:02:57.823  INFO 15760 --- [    Test worker] .b.t.a.w.s.WebMvcTestContextBootstrapper : Loaded default TestExecutionListener class names from location [META-INF/spring.factories]: [org.springframework.boot.test.mock.mockito.MockitoTestExecutionListener, org.springframework.boot.test.mock.mockito.ResetMocksTestExecutionListener, org.springframework.boot.test.autoconfigure.restdocs.RestDocsTestExecutionListener, org.springframework.boot.test.autoconfigure.web.client.MockRestServiceServerResetTestExecutionListener, org.springframework.boot.test.autoconfigure.web.servlet.MockMvcPrintOnlyOnFailureTestExecutionListener, org.springframework.boot.test.autoconfigure.web.servlet.WebDriverTestExecutionListener, org.springframework.test.context.web.ServletTestExecutionListener, org.springframework.test.context.support.DirtiesContextBeforeModesTestExecutionListener, org.springframework.test.context.support.DependencyInjectionTestExecutionListener, org.springframework.test.context.support.DirtiesContextTestExecutionListener, org.springframework.test.context.transaction.TransactionalTestExecutionListener, org.springframework.test.context.jdbc.SqlScriptsTestExecutionListener]
2017-04-06 16:02:57.824  INFO 15760 --- [    Test worker] .b.t.a.w.s.WebMvcTestContextBootstrapper : Using TestExecutionListeners: [org.springframework.test.context.web.ServletTestExecutionListener@49aa8b40, org.springframework.test.context.support.DirtiesContextBeforeModesTestExecutionListener@481774a3, org.springframework.boot.test.autoconfigure.SpringBootDependencyInjectionTestExecutionListener@645df8a7, org.springframework.test.context.support.DirtiesContextTestExecutionListener@635abc8f, org.springframework.test.context.transaction.TransactionalTestExecutionListener@7e37db2f, org.springframework.test.context.jdbc.SqlScriptsTestExecutionListener@d760a26, org.springframework.boot.test.mock.mockito.MockitoTestExecutionListener@6e543ef, org.springframework.boot.test.autoconfigure.restdocs.RestDocsTestExecutionListener@306d2978, org.springframework.boot.test.autoconfigure.web.servlet.WebDriverTestExecutionListener@704372f9, org.springframework.boot.test.autoconfigure.web.client.MockRestServiceServerResetTestExecutionListener@4d5961ed, org.springframework.boot.test.mock.mockito.ResetMocksTestExecutionListener@610fa992, org.springframework.boot.test.autoconfigure.web.servlet.MockMvcPrintOnlyOnFailureTestExecutionListener@38f07a22]

  .   ____          _            __ _ _
 /\\ / ___'_ __ _ _(_)_ __  __ _ \ \ \ \
( ( )\___ | '_ | '_| | '_ \/ _` | \ \ \ \
 \\/  ___)| |_)| | | | | || (_| |  ) ) ) )
  '  |____| .__|_| |_|_| |_\__, | / / / /
 =========|_|==============|___/=/_/_/_/
 :: Spring Boot ::        (v1.5.2.RELEASE)

2017-04-06 16:03:07.863  INFO 15760 --- [    Test worker] com.example.HelloControllerTest          : Starting HelloControllerTest on trainer18s-MacBook-Pro.local with PID 15760 (started by trainer18 in /Users/trainer18/Documents/git/spring-playground)
2017-04-06 16:03:07.864  INFO 15760 --- [    Test worker] com.example.HelloControllerTest          : No active profile set, falling back to default profiles: default
2017-04-06 16:03:07.866  INFO 15760 --- [    Test worker] o.s.w.c.s.GenericWebApplicationContext   : Refreshing org.springframework.web.context.support.GenericWebApplicationContext@5250f71: startup date [Thu Apr 06 16:03:07 MDT 2017]; root of context hierarchy
2017-04-06 16:03:08.090  INFO 15760 --- [    Test worker] s.w.s.m.m.a.RequestMappingHandlerAdapter : Looking for @ControllerAdvice: org.springframework.web.context.support.GenericWebApplicationContext@5250f71: startup date [Thu Apr 06 16:03:07 MDT 2017]; root of context hierarchy
2017-04-06 16:03:08.099  INFO 15760 --- [    Test worker] s.w.s.m.m.a.RequestMappingHandlerMapping : Mapped "{[/hello]}" onto public java.lang.String com.example.HelloController.helloWorld()
2017-04-06 16:03:08.100  INFO 15760 --- [    Test worker] s.w.s.m.m.a.RequestMappingHandlerMapping : Mapped "{[/error]}" onto public org.springframework.http.ResponseEntity<java.util.Map<java.lang.String, java.lang.Object>> org.springframework.boot.autoconfigure.web.BasicErrorController.error(javax.servlet.http.HttpServletRequest)
2017-04-06 16:03:08.100  INFO 15760 --- [    Test worker] s.w.s.m.m.a.RequestMappingHandlerMapping : Mapped "{[/error],produces=[text/html]}" onto public org.springframework.web.servlet.ModelAndView org.springframework.boot.autoconfigure.web.BasicErrorController.errorHtml(javax.servlet.http.HttpServletRequest,javax.servlet.http.HttpServletResponse)
2017-04-06 16:03:08.118  INFO 15760 --- [    Test worker] o.s.w.s.handler.SimpleUrlHandlerMapping  : Mapped URL path [/webjars/**] onto handler of type [class org.springframework.web.servlet.resource.ResourceHttpRequestHandler]
2017-04-06 16:03:08.118  INFO 15760 --- [    Test worker] o.s.w.s.handler.SimpleUrlHandlerMapping  : Mapped URL path [/**] onto handler of type [class org.springframework.web.servlet.resource.ResourceHttpRequestHandler]
2017-04-06 16:03:08.139  INFO 15760 --- [    Test worker] o.s.w.s.handler.SimpleUrlHandlerMapping  : Mapped URL path [/**/favicon.ico] onto handler of type [class org.springframework.web.servlet.resource.ResourceHttpRequestHandler]
2017-04-06 16:03:08.180  INFO 15760 --- [    Test worker] o.s.b.t.m.w.SpringBootMockServletContext : Initializing Spring FrameworkServlet ''
2017-04-06 16:03:08.180  INFO 15760 --- [    Test worker] o.s.t.web.servlet.TestDispatcherServlet  : FrameworkServlet '': initialization started
2017-04-06 16:03:08.196  INFO 15760 --- [    Test worker] o.s.t.web.servlet.TestDispatcherServlet  : FrameworkServlet '': initialization completed in 16 ms
2017-04-06 16:03:08.230  INFO 15760 --- [    Test worker] com.example.HelloControllerTest          : Started HelloControllerTest in 10.402 seconds (JVM running for 33.097)
]]></system-out>
  <system-err><![CDATA[]]></system-err>
</testsuite>
